Partition Merge report for top_johnson_behavioral_proj
Tue Jan 12 14:19:50 2016
Quartus II 64-Bit Version 15.0.0 Build 145 04/22/2015 SJ Full Version


---------------------
; Table of Contents ;
---------------------
  1. Legal Notice
  2. Partition Merge Summary
  3. Partition Merge Netlist Types Used
  4. Partition Merge Rapid Recompile Summary
  5. Partition Merge Rapid Recompile Table of Changed Logic Entities
  6. Partition Merge Rapid Recompile Table of Modified Assignments
  7. Connections to In-System Debugging Instance "auto_signaltap_0"
  8. Partition Merge Partition Pin Processing
  9. Partition Merge Resource Usage Summary
 10. Partition Merge RAM Summary
 11. Partition Merge Messages



----------------
; Legal Notice ;
----------------
Copyright (C) 1991-2015 Altera Corporation. All rights reserved.
Your use of Altera Corporation's design tools, logic functions 
and other software and tools, and its AMPP partner logic 
functions, and any output files from any of the foregoing 
(including device programming or simulation files), and any 
associated documentation or information are expressly subject 
to the terms and conditions of the Altera Program License 
Subscription Agreement, the Altera Quartus II License Agreement,
the Altera MegaCore Function License Agreement, or other 
applicable license agreement, including, without limitation, 
that your use is for the sole purpose of programming logic 
devices manufactured by Altera and sold by Altera or its 
authorized distributors.  Please refer to the applicable 
agreement for further details.



+-------------------------------------------------------------------------------+
; Partition Merge Summary                                                       ;
+---------------------------------+---------------------------------------------+
; Partition Merge Status          ; Successful - Tue Jan 12 14:19:50 2016       ;
; Quartus II 64-Bit Version       ; 15.0.0 Build 145 04/22/2015 SJ Full Version ;
; Revision Name                   ; top_johnson_behavioral_proj                 ;
; Top-level Entity Name           ; top_johnson_counter_behavioural             ;
; Family                          ; Cyclone V                                   ;
; Logic utilization (in ALMs)     ; 340 / 32,070 ( 1 % )                        ;
; Total registers                 ; 476                                         ;
; Total pins                      ; 12 / 457 ( 3 % )                            ;
; Total virtual pins              ; 0                                           ;
; Total block memory bits         ; 1,280 / 4,065,280 ( < 1 % )                 ;
; Total DSP Blocks                ; 0 / 87 ( 0 % )                              ;
; Total HSSI RX PCSs              ; 0                                           ;
; Total HSSI PMA RX Deserializers ; 0                                           ;
; Total HSSI TX PCSs              ; 0                                           ;
; Total HSSI PMA TX Serializers   ; 0                                           ;
; Total PLLs                      ; 0 / 6 ( 0 % )                               ;
; Total DLLs                      ; 0 / 4 ( 0 % )                               ;
+---------------------------------+---------------------------------------------+


+--------------------------------------------------------------------------------------------------------------------------------------+
; Partition Merge Netlist Types Used                                                                                                   ;
+--------------------------------+----------------+--------------------------+------------------------+--------------------------------+
; Partition Name                 ; Partition Type ; Netlist Type Used        ; Netlist Type Requested ; Partition Contents             ;
+--------------------------------+----------------+--------------------------+------------------------+--------------------------------+
; Top                            ; User-created   ; Hybrid (Rapid Recompile) ; Source File            ;                                ;
; sld_hub:auto_hub               ; Auto-generated ; Hybrid (Rapid Recompile) ; Post-Synthesis         ; sld_hub:auto_hub               ;
; sld_signaltap:auto_signaltap_0 ; Auto-generated ; Hybrid (Rapid Recompile) ; Post-Synthesis         ; sld_signaltap:auto_signaltap_0 ;
; hard_block:auto_generated_inst ; Auto-generated ; Hybrid (Rapid Recompile) ; Source File            ; hard_block:auto_generated_inst ;
+--------------------------------+----------------+--------------------------+------------------------+--------------------------------+


+----------------------------------------------------------------------------------------------------------------------------------+
; Partition Merge Rapid Recompile Summary                                                                                          ;
+--------------------------------+------------------------+--------------------------------+-------------------------------+-------+
; Partition Name                 ; Rapid Recompile Status ; Netlist Preservation Requested ; Netlist Preservation Achieved ; Notes ;
+--------------------------------+------------------------+--------------------------------+-------------------------------+-------+
; Top                            ; Engaged                ; 98.85% (86 / 87)               ; 83.91% (73 / 87)              ;       ;
; sld_hub:auto_hub               ; Engaged                ; 95.24% (300 / 315)             ; 61.59% (194 / 315)            ;       ;
; sld_signaltap:auto_signaltap_0 ; Engaged                ; 81.93% (689 / 841)             ; 80.26% (675 / 841)            ;       ;
; hard_block:auto_generated_inst ; Engaged                ; 100.00% (23 / 23)              ; 100.00% (23 / 23)             ;       ;
+--------------------------------+------------------------+--------------------------------+-------------------------------+-------+


+---------------------------------------------------------------------------------------------------------------------------------------------------------------------------------------------------------------------------------------------------------------------------+
; Partition Merge Rapid Recompile Table of Changed Logic Entities                                                                                                                                                                                                           ;
+-------------------------------------------------------------------------------------------------------------------------------------------------------------------------------------------------------------------------------------------------+-------------------------+
; Changed Logic Entities                                                                                                                                                                                                                          ; Number of Changed Nodes ;
+-------------------------------------------------------------------------------------------------------------------------------------------------------------------------------------------------------------------------------------------------+-------------------------+
; |top_johnson_counter_behavioural                                                                                                                                                                                                                ; 1                       ;
; |sld_hub|alt_sld_fab:\instrumentation_fabric_with_node_gen:fabric_gen_new_way:instrumentation_fabric|alt_sld_fab_alt_sld_fab:alt_sld_fab|alt_sld_fab_alt_sld_fab_sldfabric:sldfabric|sld_jtag_hub:\jtag_hub_gen:real_sld_jtag_hub               ; 28                      ;
; |sld_signaltap|sld_signaltap_impl:sld_signaltap_body|sld_signaltap_implb:sld_signaltap_body                                                                                                                                                     ; 80                      ;
; |sld_signaltap|sld_signaltap_impl:sld_signaltap_body|sld_signaltap_implb:sld_signaltap_body|sld_buffer_manager:sld_buffer_manager_inst                                                                                                          ; 56                      ;
; |sld_signaltap|sld_signaltap_impl:sld_signaltap_body|sld_signaltap_implb:sld_signaltap_body|altdpram:\stp_non_zero_ram_gen:attribute_mem_gen:attribute_mem                                                                                      ; 34                      ;
; |sld_signaltap|sld_signaltap_impl:sld_signaltap_body|sld_signaltap_implb:sld_signaltap_body|sld_rom_sr:crc_rom_sr                                                                                                                               ; 32                      ;
; |sld_signaltap|sld_signaltap_impl:sld_signaltap_body|sld_signaltap_implb:sld_signaltap_body|sld_offload_buffer_mgr:\stp_non_zero_depth_offload_gen:stp_offload_buff_mgr_inst|lpm_counter:read_pointer_counter|cntr_7vi:auto_generated           ; 30                      ;
; |sld_signaltap|sld_signaltap_impl:sld_signaltap_body|sld_signaltap_implb:sld_signaltap_body|serial_crc_16:\tdo_crc_gen:tdo_crc_calc                                                                                                             ; 28                      ;
; |sld_signaltap|sld_signaltap_impl:sld_signaltap_body|sld_signaltap_implb:sld_signaltap_body|sld_offload_buffer_mgr:\stp_non_zero_depth_offload_gen:stp_offload_buff_mgr_inst|lpm_counter:status_advance_pointer_counter|cntr_39i:auto_generated ; 22                      ;
; |sld_signaltap|sld_signaltap_impl:sld_signaltap_body|sld_signaltap_implb:sld_signaltap_body|sld_offload_buffer_mgr:\stp_non_zero_depth_offload_gen:stp_offload_buff_mgr_inst|lpm_shiftreg:info_data_shift_out                                   ; 16                      ;
; |sld_signaltap|sld_signaltap_impl:sld_signaltap_body|sld_signaltap_implb:sld_signaltap_body|altsyncram:\stp_non_zero_ram_gen:stp_buffer_ram|altsyncram_t184:auto_generated                                                                      ; 10                      ;
; |sld_signaltap|sld_signaltap_impl:sld_signaltap_body|sld_signaltap_implb:sld_signaltap_body|sld_offload_buffer_mgr:\stp_non_zero_depth_offload_gen:stp_offload_buff_mgr_inst|lpm_shiftreg:status_data_shift_out                                 ; 6                       ;
; |sld_signaltap|sld_signaltap_impl:sld_signaltap_body|sld_signaltap_implb:sld_signaltap_body|sld_offload_buffer_mgr:\stp_non_zero_depth_offload_gen:stp_offload_buff_mgr_inst                                                                    ; 4                       ;
; |sld_signaltap|sld_signaltap_impl:sld_signaltap_body|sld_signaltap_implb:sld_signaltap_body|lpm_shiftreg:segment_offset_config_deserialize                                                                                                      ; 3                       ;
+-------------------------------------------------------------------------------------------------------------------------------------------------------------------------------------------------------------------------------------------------+-------------------------+


+---------------------------------------------------------------------------------------------------------------------------------------------------------------------------------------------------------------------+
; Partition Merge Rapid Recompile Table of Modified Assignments                                                                                                                                                       ;
+------------------------------------------+-----------------------------------------------------+---------------------------------------------------------+----------------------------------------------------------+
; Modified Assignments                     ; Target                                              ; Previous Value                                          ; Current Value                                            ;
+------------------------------------------+-----------------------------------------------------+---------------------------------------------------------+----------------------------------------------------------+
; CONNECT_TO_SLD_NODE_ENTITY_PORT          ; LED[0]                                              ; --                                                      ; acq_trigger_in[0]                                        ;
; CONNECT_TO_SLD_NODE_ENTITY_PORT          ; LED[0]                                              ; --                                                      ; acq_data_in[0]                                           ;
; CONNECT_TO_SLD_NODE_ENTITY_PORT          ; LED[1]                                              ; --                                                      ; acq_trigger_in[1]                                        ;
; CONNECT_TO_SLD_NODE_ENTITY_PORT          ; LED[1]                                              ; --                                                      ; acq_data_in[1]                                           ;
; CONNECT_TO_SLD_NODE_ENTITY_PORT          ; LED[2]                                              ; --                                                      ; acq_trigger_in[2]                                        ;
; CONNECT_TO_SLD_NODE_ENTITY_PORT          ; LED[2]                                              ; --                                                      ; acq_data_in[2]                                           ;
; CONNECT_TO_SLD_NODE_ENTITY_PORT          ; LED[3]                                              ; --                                                      ; acq_trigger_in[3]                                        ;
; CONNECT_TO_SLD_NODE_ENTITY_PORT          ; LED[3]                                              ; --                                                      ; acq_data_in[3]                                           ;
; CONNECT_TO_SLD_NODE_ENTITY_PORT          ; count_down_johnson_behavioural:johnson_please|reset ; --                                                      ; acq_trigger_in[4]                                        ;
; CONNECT_TO_SLD_NODE_ENTITY_PORT          ; count_down_johnson_behavioural:johnson_please|reset ; --                                                      ; acq_data_in[4]                                           ;
; POST_FIT_CONNECT_TO_SLD_NODE_ENTITY_PORT ; auto_signaltap_0|gnd                                ; --                                                      ; crc[0]                                                   ;
; POST_FIT_CONNECT_TO_SLD_NODE_ENTITY_PORT ; auto_signaltap_0|gnd                                ; --                                                      ; crc[23]                                                  ;
; POST_FIT_CONNECT_TO_SLD_NODE_ENTITY_PORT ; auto_signaltap_0|gnd                                ; --                                                      ; crc[3]                                                   ;
; POST_FIT_CONNECT_TO_SLD_NODE_ENTITY_PORT ; auto_signaltap_0|gnd                                ; --                                                      ; crc[7]                                                   ;
; POST_FIT_CONNECT_TO_SLD_NODE_ENTITY_PORT ; auto_signaltap_0|gnd                                ; --                                                      ; crc[15]                                                  ;
; POST_FIT_CONNECT_TO_SLD_NODE_ENTITY_PORT ; auto_signaltap_0|gnd                                ; --                                                      ; crc[22]                                                  ;
; POST_FIT_CONNECT_TO_SLD_NODE_ENTITY_PORT ; auto_signaltap_0|gnd                                ; --                                                      ; crc[26]                                                  ;
; POST_FIT_CONNECT_TO_SLD_NODE_ENTITY_PORT ; auto_signaltap_0|vcc                                ; --                                                      ; crc[24]                                                  ;
; POST_FIT_CONNECT_TO_SLD_NODE_ENTITY_PORT ; auto_signaltap_0|vcc                                ; --                                                      ; crc[28]                                                  ;
; POST_FIT_CONNECT_TO_SLD_NODE_ENTITY_PORT ; auto_signaltap_0|vcc                                ; --                                                      ; crc[31]                                                  ;
; POST_FIT_CONNECT_TO_SLD_NODE_ENTITY_PORT ; auto_signaltap_0|vcc                                ; --                                                      ; crc[5]                                                   ;
; POST_FIT_CONNECT_TO_SLD_NODE_ENTITY_PORT ; auto_signaltap_0|vcc                                ; --                                                      ; crc[9]                                                   ;
; SLD_NODE_PARAMETER_ASSIGNMENT            ;                                                     ; --                                                      ; SLD_INVERSION_MASK=0000000000000000000000000000000000000 ;
; SLD_NODE_PARAMETER_ASSIGNMENT            ;                                                     ; --                                                      ; SLD_INVERSION_MASK_LENGTH=37                             ;
; SLD_NODE_PARAMETER_ASSIGNMENT            ;                                                     ; --                                                      ; SLD_SEGMENT_SIZE=256                                     ;
; SLD_NODE_PARAMETER_ASSIGNMENT            ;                                                     ; --                                                      ; SLD_SAMPLE_DEPTH=256                                     ;
; CONNECT_TO_SLD_NODE_ENTITY_PORT          ; KEY                                                 ; acq_trigger_in[0]                                       ; --                                                       ;
; CONNECT_TO_SLD_NODE_ENTITY_PORT          ; KEY                                                 ; acq_data_in[0]                                          ; --                                                       ;
; CONNECT_TO_SLD_NODE_ENTITY_PORT          ; LED[0]                                              ; acq_trigger_in[1]                                       ; --                                                       ;
; CONNECT_TO_SLD_NODE_ENTITY_PORT          ; LED[0]                                              ; acq_data_in[1]                                          ; --                                                       ;
; CONNECT_TO_SLD_NODE_ENTITY_PORT          ; LED[1]                                              ; acq_trigger_in[2]                                       ; --                                                       ;
; CONNECT_TO_SLD_NODE_ENTITY_PORT          ; LED[1]                                              ; acq_data_in[2]                                          ; --                                                       ;
; CONNECT_TO_SLD_NODE_ENTITY_PORT          ; LED[2]                                              ; acq_trigger_in[3]                                       ; --                                                       ;
; CONNECT_TO_SLD_NODE_ENTITY_PORT          ; LED[2]                                              ; acq_data_in[3]                                          ; --                                                       ;
; CONNECT_TO_SLD_NODE_ENTITY_PORT          ; LED[3]                                              ; acq_trigger_in[4]                                       ; --                                                       ;
; CONNECT_TO_SLD_NODE_ENTITY_PORT          ; LED[3]                                              ; acq_data_in[4]                                          ; --                                                       ;
; POST_FIT_CONNECT_TO_SLD_NODE_ENTITY_PORT ; auto_signaltap_0|gnd                                ; crc[24]                                                 ; --                                                       ;
; POST_FIT_CONNECT_TO_SLD_NODE_ENTITY_PORT ; auto_signaltap_0|gnd                                ; crc[28]                                                 ; --                                                       ;
; POST_FIT_CONNECT_TO_SLD_NODE_ENTITY_PORT ; auto_signaltap_0|gnd                                ; crc[31]                                                 ; --                                                       ;
; POST_FIT_CONNECT_TO_SLD_NODE_ENTITY_PORT ; auto_signaltap_0|gnd                                ; crc[5]                                                  ; --                                                       ;
; POST_FIT_CONNECT_TO_SLD_NODE_ENTITY_PORT ; auto_signaltap_0|gnd                                ; crc[9]                                                  ; --                                                       ;
; POST_FIT_CONNECT_TO_SLD_NODE_ENTITY_PORT ; auto_signaltap_0|vcc                                ; crc[22]                                                 ; --                                                       ;
; POST_FIT_CONNECT_TO_SLD_NODE_ENTITY_PORT ; auto_signaltap_0|vcc                                ; crc[23]                                                 ; --                                                       ;
; POST_FIT_CONNECT_TO_SLD_NODE_ENTITY_PORT ; auto_signaltap_0|vcc                                ; crc[26]                                                 ; --                                                       ;
; POST_FIT_CONNECT_TO_SLD_NODE_ENTITY_PORT ; auto_signaltap_0|vcc                                ; crc[0]                                                  ; --                                                       ;
; POST_FIT_CONNECT_TO_SLD_NODE_ENTITY_PORT ; auto_signaltap_0|vcc                                ; crc[3]                                                  ; --                                                       ;
; POST_FIT_CONNECT_TO_SLD_NODE_ENTITY_PORT ; auto_signaltap_0|vcc                                ; crc[7]                                                  ; --                                                       ;
; POST_FIT_CONNECT_TO_SLD_NODE_ENTITY_PORT ; auto_signaltap_0|vcc                                ; crc[15]                                                 ; --                                                       ;
; SLD_NODE_PARAMETER_ASSIGNMENT            ;                                                     ; SLD_INVERSION_MASK=000000000000000000000000000000000000 ; --                                                       ;
; SLD_NODE_PARAMETER_ASSIGNMENT            ;                                                     ; SLD_INVERSION_MASK_LENGTH=36                            ; --                                                       ;
+------------------------------------------+-----------------------------------------------------+---------------------------------------------------------+----------------------------------------------------------+
This list only includes the top 50 out of 52 changed assignments


+-------------------------------------------------------------------------------------------------------------------------------------------------------------------------------------------------------+
; Connections to In-System Debugging Instance "auto_signaltap_0"                                                                                                                                        ;
+-----------------------------------------------------+---------------+-----------+--------------------------------+-------------------+------------------------------------------------------+---------+
; Name                                                ; Type          ; Status    ; Partition Name                 ; Netlist Type Used ; Actual Connection                                    ; Details ;
+-----------------------------------------------------+---------------+-----------+--------------------------------+-------------------+------------------------------------------------------+---------+
; LED[0]                                              ; pre-synthesis ; connected ; Top                            ; post-synthesis    ; count_down_johnson_behavioural:johnson_please|out[0] ; N/A     ;
; LED[0]                                              ; pre-synthesis ; connected ; Top                            ; post-synthesis    ; count_down_johnson_behavioural:johnson_please|out[0] ; N/A     ;
; LED[1]                                              ; pre-synthesis ; connected ; Top                            ; post-synthesis    ; count_down_johnson_behavioural:johnson_please|out[1] ; N/A     ;
; LED[1]                                              ; pre-synthesis ; connected ; Top                            ; post-synthesis    ; count_down_johnson_behavioural:johnson_please|out[1] ; N/A     ;
; LED[2]                                              ; pre-synthesis ; connected ; Top                            ; post-synthesis    ; count_down_johnson_behavioural:johnson_please|out[2] ; N/A     ;
; LED[2]                                              ; pre-synthesis ; connected ; Top                            ; post-synthesis    ; count_down_johnson_behavioural:johnson_please|out[2] ; N/A     ;
; LED[3]                                              ; pre-synthesis ; connected ; Top                            ; post-synthesis    ; count_down_johnson_behavioural:johnson_please|out[3] ; N/A     ;
; LED[3]                                              ; pre-synthesis ; connected ; Top                            ; post-synthesis    ; count_down_johnson_behavioural:johnson_please|out[3] ; N/A     ;
; count_down_johnson_behavioural:johnson_please|clk   ; pre-synthesis ; connected ; Top                            ; post-synthesis    ; D_FF:time_flip|q                                     ; N/A     ;
; count_down_johnson_behavioural:johnson_please|reset ; pre-synthesis ; connected ; Top                            ; post-synthesis    ; KEY~input                                            ; N/A     ;
; count_down_johnson_behavioural:johnson_please|reset ; pre-synthesis ; connected ; Top                            ; post-synthesis    ; KEY~input                                            ; N/A     ;
; auto_signaltap_0|gnd                                ; post-fitting  ; connected ; sld_signaltap:auto_signaltap_0 ; post-synthesis    ; sld_signaltap:auto_signaltap_0|~GND                  ; N/A     ;
; auto_signaltap_0|gnd                                ; post-fitting  ; connected ; sld_signaltap:auto_signaltap_0 ; post-synthesis    ; sld_signaltap:auto_signaltap_0|~GND                  ; N/A     ;
; auto_signaltap_0|gnd                                ; post-fitting  ; connected ; sld_signaltap:auto_signaltap_0 ; post-synthesis    ; sld_signaltap:auto_signaltap_0|~GND                  ; N/A     ;
; auto_signaltap_0|gnd                                ; post-fitting  ; connected ; sld_signaltap:auto_signaltap_0 ; post-synthesis    ; sld_signaltap:auto_signaltap_0|~GND                  ; N/A     ;
; auto_signaltap_0|gnd                                ; post-fitting  ; connected ; sld_signaltap:auto_signaltap_0 ; post-synthesis    ; sld_signaltap:auto_signaltap_0|~GND                  ; N/A     ;
; auto_signaltap_0|gnd                                ; post-fitting  ; connected ; sld_signaltap:auto_signaltap_0 ; post-synthesis    ; sld_signaltap:auto_signaltap_0|~GND                  ; N/A     ;
; auto_signaltap_0|gnd                                ; post-fitting  ; connected ; sld_signaltap:auto_signaltap_0 ; post-synthesis    ; sld_signaltap:auto_signaltap_0|~GND                  ; N/A     ;
; auto_signaltap_0|gnd                                ; post-fitting  ; connected ; sld_signaltap:auto_signaltap_0 ; post-synthesis    ; sld_signaltap:auto_signaltap_0|~GND                  ; N/A     ;
; auto_signaltap_0|gnd                                ; post-fitting  ; connected ; sld_signaltap:auto_signaltap_0 ; post-synthesis    ; sld_signaltap:auto_signaltap_0|~GND                  ; N/A     ;
; auto_signaltap_0|gnd                                ; post-fitting  ; connected ; sld_signaltap:auto_signaltap_0 ; post-synthesis    ; sld_signaltap:auto_signaltap_0|~GND                  ; N/A     ;
; auto_signaltap_0|gnd                                ; post-fitting  ; connected ; sld_signaltap:auto_signaltap_0 ; post-synthesis    ; sld_signaltap:auto_signaltap_0|~GND                  ; N/A     ;
; auto_signaltap_0|gnd                                ; post-fitting  ; connected ; sld_signaltap:auto_signaltap_0 ; post-synthesis    ; sld_signaltap:auto_signaltap_0|~GND                  ; N/A     ;
; auto_signaltap_0|gnd                                ; post-fitting  ; connected ; sld_signaltap:auto_signaltap_0 ; post-synthesis    ; sld_signaltap:auto_signaltap_0|~GND                  ; N/A     ;
; auto_signaltap_0|vcc                                ; post-fitting  ; connected ; sld_signaltap:auto_signaltap_0 ; post-synthesis    ; sld_signaltap:auto_signaltap_0|~VCC                  ; N/A     ;
; auto_signaltap_0|vcc                                ; post-fitting  ; connected ; sld_signaltap:auto_signaltap_0 ; post-synthesis    ; sld_signaltap:auto_signaltap_0|~VCC                  ; N/A     ;
; auto_signaltap_0|vcc                                ; post-fitting  ; connected ; sld_signaltap:auto_signaltap_0 ; post-synthesis    ; sld_signaltap:auto_signaltap_0|~VCC                  ; N/A     ;
; auto_signaltap_0|vcc                                ; post-fitting  ; connected ; sld_signaltap:auto_signaltap_0 ; post-synthesis    ; sld_signaltap:auto_signaltap_0|~VCC                  ; N/A     ;
; auto_signaltap_0|vcc                                ; post-fitting  ; connected ; sld_signaltap:auto_signaltap_0 ; post-synthesis    ; sld_signaltap:auto_signaltap_0|~VCC                  ; N/A     ;
; auto_signaltap_0|vcc                                ; post-fitting  ; connected ; sld_signaltap:auto_signaltap_0 ; post-synthesis    ; sld_signaltap:auto_signaltap_0|~VCC                  ; N/A     ;
; auto_signaltap_0|vcc                                ; post-fitting  ; connected ; sld_signaltap:auto_signaltap_0 ; post-synthesis    ; sld_signaltap:auto_signaltap_0|~VCC                  ; N/A     ;
; auto_signaltap_0|vcc                                ; post-fitting  ; connected ; sld_signaltap:auto_signaltap_0 ; post-synthesis    ; sld_signaltap:auto_signaltap_0|~VCC                  ; N/A     ;
; auto_signaltap_0|vcc                                ; post-fitting  ; connected ; sld_signaltap:auto_signaltap_0 ; post-synthesis    ; sld_signaltap:auto_signaltap_0|~VCC                  ; N/A     ;
; auto_signaltap_0|vcc                                ; post-fitting  ; connected ; sld_signaltap:auto_signaltap_0 ; post-synthesis    ; sld_signaltap:auto_signaltap_0|~VCC                  ; N/A     ;
; auto_signaltap_0|vcc                                ; post-fitting  ; connected ; sld_signaltap:auto_signaltap_0 ; post-synthesis    ; sld_signaltap:auto_signaltap_0|~VCC                  ; N/A     ;
; auto_signaltap_0|vcc                                ; post-fitting  ; connected ; sld_signaltap:auto_signaltap_0 ; post-synthesis    ; sld_signaltap:auto_signaltap_0|~VCC                  ; N/A     ;
; auto_signaltap_0|vcc                                ; post-fitting  ; connected ; sld_signaltap:auto_signaltap_0 ; post-synthesis    ; sld_signaltap:auto_signaltap_0|~VCC                  ; N/A     ;
; auto_signaltap_0|vcc                                ; post-fitting  ; connected ; sld_signaltap:auto_signaltap_0 ; post-synthesis    ; sld_signaltap:auto_signaltap_0|~VCC                  ; N/A     ;
; auto_signaltap_0|vcc                                ; post-fitting  ; connected ; sld_signaltap:auto_signaltap_0 ; post-synthesis    ; sld_signaltap:auto_signaltap_0|~VCC                  ; N/A     ;
; auto_signaltap_0|vcc                                ; post-fitting  ; connected ; sld_signaltap:auto_signaltap_0 ; post-synthesis    ; sld_signaltap:auto_signaltap_0|~VCC                  ; N/A     ;
; auto_signaltap_0|vcc                                ; post-fitting  ; connected ; sld_signaltap:auto_signaltap_0 ; post-synthesis    ; sld_signaltap:auto_signaltap_0|~VCC                  ; N/A     ;
; auto_signaltap_0|vcc                                ; post-fitting  ; connected ; sld_signaltap:auto_signaltap_0 ; post-synthesis    ; sld_signaltap:auto_signaltap_0|~VCC                  ; N/A     ;
; auto_signaltap_0|vcc                                ; post-fitting  ; connected ; sld_signaltap:auto_signaltap_0 ; post-synthesis    ; sld_signaltap:auto_signaltap_0|~VCC                  ; N/A     ;
+-----------------------------------------------------+---------------+-----------+--------------------------------+-------------------+------------------------------------------------------+---------+


+---------------------------------------------------------------------------------------------------------------------------------+
; Partition Merge Partition Pin Processing                                                                                        ;
+-----------------------------------+-----------+---------------+-------------------+---------------------------------------------+
; Name                              ; Partition ; Type          ; Location          ; Status                                      ;
+-----------------------------------+-----------+---------------+-------------------+---------------------------------------------+
; KEY                               ; Top       ; Input Port    ; n/a               ;                                             ;
;     -- KEY                        ; Top       ; Input Pad     ; IOPAD_X36_Y0_N17  ; Preserved from Post-Fit or Imported Netlist ;
;     -- KEY~input                  ; Top       ; Input Buffer  ; IOIBUF_X36_Y0_N18 ; Preserved from Post-Fit or Imported Netlist ;
;                                   ;           ;               ;                   ;                                             ;
; LED[0]                            ; Top       ; Output Port   ; n/a               ;                                             ;
;     -- LED[0]                     ; Top       ; Output Pad    ; IOPAD_X52_Y0_N0   ; Preserved from Post-Fit or Imported Netlist ;
;     -- LED[0]~output              ; Top       ; Output Buffer ; IOOBUF_X52_Y0_N2  ; Preserved from Post-Fit or Imported Netlist ;
;                                   ;           ;               ;                   ;                                             ;
; LED[1]                            ; Top       ; Output Port   ; n/a               ;                                             ;
;     -- LED[1]                     ; Top       ; Output Pad    ; IOPAD_X52_Y0_N17  ; Preserved from Post-Fit or Imported Netlist ;
;     -- LED[1]~output              ; Top       ; Output Buffer ; IOOBUF_X52_Y0_N19 ; Preserved from Post-Fit or Imported Netlist ;
;                                   ;           ;               ;                   ;                                             ;
; LED[2]                            ; Top       ; Output Port   ; n/a               ;                                             ;
;     -- LED[2]                     ; Top       ; Output Pad    ; IOPAD_X60_Y0_N0   ; Preserved from Post-Fit or Imported Netlist ;
;     -- LED[2]~output              ; Top       ; Output Buffer ; IOOBUF_X60_Y0_N2  ; Preserved from Post-Fit or Imported Netlist ;
;                                   ;           ;               ;                   ;                                             ;
; LED[3]                            ; Top       ; Output Port   ; n/a               ;                                             ;
;     -- LED[3]                     ; Top       ; Output Pad    ; IOPAD_X80_Y0_N0   ; Preserved from Post-Fit or Imported Netlist ;
;     -- LED[3]~output              ; Top       ; Output Buffer ; IOOBUF_X80_Y0_N2  ; Preserved from Post-Fit or Imported Netlist ;
;                                   ;           ;               ;                   ;                                             ;
; LED[4]                            ; Top       ; Output Port   ; n/a               ;                                             ;
;     -- LED[4]                     ; Top       ; Output Pad    ; IOPAD_X60_Y0_N17  ; Preserved from Post-Fit or Imported Netlist ;
;     -- LED[4]~output              ; Top       ; Output Buffer ; IOOBUF_X60_Y0_N19 ; Preserved from Post-Fit or Imported Netlist ;
;                                   ;           ;               ;                   ;                                             ;
; LED[5]                            ; Top       ; Output Port   ; n/a               ;                                             ;
;     -- LED[5]                     ; Top       ; Output Pad    ; IOPAD_X80_Y0_N17  ; Preserved from Post-Fit or Imported Netlist ;
;     -- LED[5]~output              ; Top       ; Output Buffer ; IOOBUF_X80_Y0_N19 ; Preserved from Post-Fit or Imported Netlist ;
;                                   ;           ;               ;                   ;                                             ;
; LED[6]                            ; Top       ; Output Port   ; n/a               ;                                             ;
;     -- LED[6]                     ; Top       ; Output Pad    ; IOPAD_X84_Y0_N0   ; Preserved from Post-Fit or Imported Netlist ;
;     -- LED[6]~output              ; Top       ; Output Buffer ; IOOBUF_X84_Y0_N2  ; Preserved from Post-Fit or Imported Netlist ;
;                                   ;           ;               ;                   ;                                             ;
; LED[7]                            ; Top       ; Output Port   ; n/a               ;                                             ;
;     -- LED[7]                     ; Top       ; Output Pad    ; IOPAD_X89_Y6_N3   ; Preserved from Post-Fit or Imported Netlist ;
;     -- LED[7]~output              ; Top       ; Output Buffer ; IOOBUF_X89_Y6_N5  ; Preserved from Post-Fit or Imported Netlist ;
;                                   ;           ;               ;                   ;                                             ;
; LED[8]                            ; Top       ; Output Port   ; n/a               ;                                             ;
;     -- LED[8]                     ; Top       ; Output Pad    ; IOPAD_X89_Y8_N3   ; Preserved from Post-Fit or Imported Netlist ;
;     -- LED[8]~output              ; Top       ; Output Buffer ; IOOBUF_X89_Y8_N5  ; Preserved from Post-Fit or Imported Netlist ;
;                                   ;           ;               ;                   ;                                             ;
; LED[9]                            ; Top       ; Output Port   ; n/a               ;                                             ;
;     -- LED[9]                     ; Top       ; Output Pad    ; IOPAD_X89_Y6_N20  ; Preserved from Post-Fit or Imported Netlist ;
;     -- LED[9]~output              ; Top       ; Output Buffer ; IOOBUF_X89_Y6_N22 ; Preserved from Post-Fit or Imported Netlist ;
;                                   ;           ;               ;                   ;                                             ;
; altera_reserved_tck               ; Top       ; Input Port    ; n/a               ;                                             ;
;     -- altera_reserved_tck        ; Top       ; Input Pad     ; Unplaced          ; Synthesized                                 ;
;     -- altera_reserved_tck~input  ; Top       ; Input Buffer  ; Unplaced          ; Synthesized                                 ;
;                                   ;           ;               ;                   ;                                             ;
; altera_reserved_tdi               ; Top       ; Input Port    ; n/a               ;                                             ;
;     -- altera_reserved_tdi        ; Top       ; Input Pad     ; Unplaced          ; Synthesized                                 ;
;     -- altera_reserved_tdi~input  ; Top       ; Input Buffer  ; Unplaced          ; Synthesized                                 ;
;                                   ;           ;               ;                   ;                                             ;
; altera_reserved_tdo               ; Top       ; Output Port   ; n/a               ;                                             ;
;     -- altera_reserved_tdo        ; Top       ; Output Pad    ; Unplaced          ; Synthesized                                 ;
;     -- altera_reserved_tdo~output ; Top       ; Output Buffer ; Unplaced          ; Synthesized                                 ;
;                                   ;           ;               ;                   ;                                             ;
; altera_reserved_tms               ; Top       ; Input Port    ; n/a               ;                                             ;
;     -- altera_reserved_tms        ; Top       ; Input Pad     ; Unplaced          ; Synthesized                                 ;
;     -- altera_reserved_tms~input  ; Top       ; Input Buffer  ; Unplaced          ; Synthesized                                 ;
;                                   ;           ;               ;                   ;                                             ;
; init_clk                          ; Top       ; Input Port    ; n/a               ;                                             ;
;     -- init_clk                   ; Top       ; Input Pad     ; IOPAD_X32_Y0_N0   ; Preserved from Post-Fit or Imported Netlist ;
;     -- init_clk~input             ; Top       ; Input Buffer  ; IOIBUF_X32_Y0_N1  ; Preserved from Post-Fit or Imported Netlist ;
;                                   ;           ;               ;                   ;                                             ;
; pre_syn.bp.johnson_please_clk     ; Top       ; Output Port   ; n/a               ;                                             ;
;                                   ;           ;               ;                   ;                                             ;
; pre_syn.bp.johnson_please_reset   ; Top       ; Output Port   ; n/a               ;                                             ;
;                                   ;           ;               ;                   ;                                             ;
+-----------------------------------+-----------+---------------+-------------------+---------------------------------------------+


+------------------------------------------------------------------------+
; Partition Merge Resource Usage Summary                                 ;
+---------------------------------------------+--------------------------+
; Resource                                    ; Usage                    ;
+---------------------------------------------+--------------------------+
; Estimate of Logic utilization (ALMs needed) ; 361                      ;
;                                             ;                          ;
; Combinational ALUT usage for logic          ; 335                      ;
;     -- 7 input functions                    ; 2                        ;
;     -- 6 input functions                    ; 75                       ;
;     -- 5 input functions                    ; 50                       ;
;     -- 4 input functions                    ; 38                       ;
;     -- <=3 input functions                  ; 170                      ;
;                                             ;                          ;
; Dedicated logic registers                   ; 476                      ;
;                                             ;                          ;
; I/O pins                                    ; 12                       ;
; Total MLAB memory bits                      ; 0                        ;
; Total block memory bits                     ; 1280                     ;
;                                             ;                          ;
; Total DSP Blocks                            ; 0                        ;
;                                             ;                          ;
; Maximum fan-out node                        ; altera_internal_jtag~TDO ;
; Maximum fan-out                             ; 328                      ;
; Total fan-out                               ; 3239                     ;
; Average fan-out                             ; 3.17                     ;
+---------------------------------------------+--------------------------+


+-----------------------------------------------------------------------------------------------------------------------------------------------------------------------------------------------------------------------------------------------------------------------------------------------------------+
; Partition Merge RAM Summary                                                                                                                                                                                                                                                                               ;
+-------------------------------------------------------------------------------------------------------------------------------------------------------------------------------------------------------+------+------------------+--------------+--------------+--------------+--------------+------+------+
; Name                                                                                                                                                                                                  ; Type ; Mode             ; Port A Depth ; Port A Width ; Port B Depth ; Port B Width ; Size ; MIF  ;
+-------------------------------------------------------------------------------------------------------------------------------------------------------------------------------------------------------+------+------------------+--------------+--------------+--------------+--------------+------+------+
; sld_signaltap:auto_signaltap_0|sld_signaltap_impl:sld_signaltap_body|sld_signaltap_implb:sld_signaltap_body|altsyncram:\stp_non_zero_ram_gen:stp_buffer_ram|altsyncram_t184:auto_generated|ALTSYNCRAM ; AUTO ; Simple Dual Port ; 256          ; 5            ; 256          ; 5            ; 1280 ; None ;
+-------------------------------------------------------------------------------------------------------------------------------------------------------------------------------------------------------+------+------------------+--------------+--------------+--------------+--------------+------+------+


+--------------------------+
; Partition Merge Messages ;
+--------------------------+
Info: *******************************************************************
Info: Running Quartus II 64-Bit Partition Merge
    Info: Version 15.0.0 Build 145 04/22/2015 SJ Full Version
    Info: Processing started: Tue Jan 12 14:19:47 2016
Info: Command: quartus_cdb --read_settings_files=on --write_settings_files=off top_johnson_behavioral_proj -c top_johnson_behavioral_proj --merge=on --recompile=on
Info (12849): Using Hybrid (Rapid Recompile) netlist for partition "Top"
Info (12849): Using Hybrid (Rapid Recompile) netlist for partition "sld_hub:auto_hub"
Info (12849): Using Hybrid (Rapid Recompile) netlist for partition "sld_signaltap:auto_signaltap_0"
Info (35024): Successfully connected in-system debug instance "auto_signaltap_0" to all 43 required data inputs, trigger inputs, acquisition clocks, and dynamic pins
Info (35002): Resolved and merged 3 partition(s)
Info (16010): Generating hard_block partition "hard_block:auto_generated_inst"
    Info (16011): Adding 9 node(s), including 0 DDIO, 0 PLL, 0 transceiver and 0 LCELL
Info (21057): Implemented 716 device resources after synthesis - the final resource count might be different
    Info (21058): Implemented 5 input pins
    Info (21059): Implemented 11 output pins
    Info (21061): Implemented 693 logic cells
    Info (21064): Implemented 5 RAM segments
Warning (20013): Ignored assignments for entity "altsyncram_q184" -- entity does not exist in design
    Warning (20014): Assignment for entity set_global_assignment -name OPTIMIZE_POWER_DURING_SYNTHESIS NORMAL_COMPILATION -entity altsyncram_q184 -tag quartusii was ignored
Info: Quartus II 64-Bit Partition Merge was successful. 0 errors, 2 warnings
    Info: Peak virtual memory: 895 megabytes
    Info: Processing ended: Tue Jan 12 14:19:50 2016
    Info: Elapsed time: 00:00:03
    Info: Total CPU time (on all processors): 00:00:03


