Partition Merge report for ripple_counter_top_struct
Sat Jan 09 20:21:36 2016
Quartus II 64-Bit Version 14.1.0 Build 186 12/03/2014 SJ Full Version


---------------------
; Table of Contents ;
---------------------
  1. Legal Notice
  2. Partition Merge Summary
  3. Partition Merge Netlist Types Used
  4. Partition Merge Rapid Recompile Summary
  5. Partition Merge Rapid Recompile Table of Modified Assignments
  6. Partition Merge Rapid Recompile Table of Changed Logic Entities
  7. Connections to In-System Debugging Instance "auto_signaltap_0"
  8. Partition Merge Partition Pin Processing
  9. Partition Merge Resource Usage Summary
 10. Partition Merge RAM Summary
 11. Partition Merge Messages



----------------
; Legal Notice ;
----------------
Copyright (C) 1991-2014 Altera Corporation. All rights reserved.
Your use of Altera Corporation's design tools, logic functions 
and other software and tools, and its AMPP partner logic 
functions, and any output files from any of the foregoing 
(including device programming or simulation files), and any 
associated documentation or information are expressly subject 
to the terms and conditions of the Altera Program License 
Subscription Agreement, the Altera Quartus II License Agreement,
the Altera MegaCore Function License Agreement, or other 
applicable license agreement, including, without limitation, 
that your use is for the sole purpose of programming logic 
devices manufactured by Altera and sold by Altera or its 
authorized distributors.  Please refer to the applicable 
agreement for further details.



+-------------------------------------------------------------------------------+
; Partition Merge Summary                                                       ;
+---------------------------------+---------------------------------------------+
; Partition Merge Status          ; Successful - Sat Jan 09 20:21:36 2016       ;
; Quartus II 64-Bit Version       ; 14.1.0 Build 186 12/03/2014 SJ Full Version ;
; Revision Name                   ; ripple_counter_top_struct                   ;
; Top-level Entity Name           ; top_ripple_counter                          ;
; Family                          ; Cyclone V                                   ;
; Logic utilization (in ALMs)     ; 667 / 32,070 ( 2 % )                        ;
; Total registers                 ; 840                                         ;
; Total pins                      ; 21 / 457 ( 5 % )                            ;
; Total virtual pins              ; 0                                           ;
; Total block memory bits         ; 2,621,440 / 4,065,280 ( 64 % )              ;
; Total DSP Blocks                ; 0 / 87 ( 0 % )                              ;
; Total HSSI RX PCSs              ; 0                                           ;
; Total HSSI PMA RX Deserializers ; 0                                           ;
; Total HSSI TX PCSs              ; 0                                           ;
; Total HSSI PMA TX Serializers   ; 0                                           ;
; Total PLLs                      ; 0 / 6 ( 0 % )                               ;
; Total DLLs                      ; 0 / 4 ( 0 % )                               ;
+---------------------------------+---------------------------------------------+


+--------------------------------------------------------------------------------------------------------------------------------------+
; Partition Merge Netlist Types Used                                                                                                   ;
+--------------------------------+----------------+--------------------------+------------------------+--------------------------------+
; Partition Name                 ; Partition Type ; Netlist Type Used        ; Netlist Type Requested ; Partition Contents             ;
+--------------------------------+----------------+--------------------------+------------------------+--------------------------------+
; Top                            ; User-created   ; Hybrid (Rapid Recompile) ; Source File            ;                                ;
; sld_hub:auto_hub               ; Auto-generated ; Hybrid (Rapid Recompile) ; Post-Synthesis         ; sld_hub:auto_hub               ;
; sld_signaltap:auto_signaltap_0 ; Auto-generated ; Hybrid (Rapid Recompile) ; Post-Synthesis         ; sld_signaltap:auto_signaltap_0 ;
; hard_block:auto_generated_inst ; Auto-generated ; Hybrid (Rapid Recompile) ; Source File            ; hard_block:auto_generated_inst ;
+--------------------------------+----------------+--------------------------+------------------------+--------------------------------+


+----------------------------------------------------------------------------------------------------------------------------------+
; Partition Merge Rapid Recompile Summary                                                                                          ;
+--------------------------------+------------------------+--------------------------------+-------------------------------+-------+
; Partition Name                 ; Rapid Recompile Status ; Netlist Preservation Requested ; Netlist Preservation Achieved ; Notes ;
+--------------------------------+------------------------+--------------------------------+-------------------------------+-------+
; Top                            ; Engaged                ; 100.00% (152 / 152)            ; 100.00% (152 / 152)           ;       ;
; sld_hub:auto_hub               ; Engaged                ; 95.71% (335 / 350)             ; 65.43% (229 / 350)            ;       ;
; sld_signaltap:auto_signaltap_0 ; Engaged                ; 59.26% (1091 / 1841)           ; 55.13% (1015 / 1841)          ;       ;
; hard_block:auto_generated_inst ; Engaged                ; 100.00% (23 / 23)              ; 100.00% (23 / 23)             ;       ;
+--------------------------------+------------------------+--------------------------------+-------------------------------+-------+


+--------------------------------------------------------------------------------------------------------------------------------------------------------------------------------------------------------------------------------------------------------------------------------------------+
; Partition Merge Rapid Recompile Table of Modified Assignments                                                                                                                                                                                                                              ;
+------------------------------------------+----------------------+---------------------------------------------------------------------------------------------------------+----------------------------------------------------------------------------------------------------------------+
; Modified Assignments                     ; Target               ; Previous Value                                                                                          ; Current Value                                                                                                  ;
+------------------------------------------+----------------------+---------------------------------------------------------------------------------------------------------+----------------------------------------------------------------------------------------------------------------+
; POST_FIT_CONNECT_TO_SLD_NODE_ENTITY_PORT ; auto_signaltap_0|gnd ; --                                                                                                      ; crc[17]                                                                                                        ;
; POST_FIT_CONNECT_TO_SLD_NODE_ENTITY_PORT ; auto_signaltap_0|gnd ; --                                                                                                      ; crc[18]                                                                                                        ;
; POST_FIT_CONNECT_TO_SLD_NODE_ENTITY_PORT ; auto_signaltap_0|vcc ; --                                                                                                      ; crc[29]                                                                                                        ;
; POST_FIT_CONNECT_TO_SLD_NODE_ENTITY_PORT ; auto_signaltap_0|vcc ; --                                                                                                      ; crc[23]                                                                                                        ;
; POST_FIT_CONNECT_TO_SLD_NODE_ENTITY_PORT ; auto_signaltap_0|vcc ; --                                                                                                      ; crc[24]                                                                                                        ;
; POST_FIT_CONNECT_TO_SLD_NODE_ENTITY_PORT ; auto_signaltap_0|vcc ; --                                                                                                      ; crc[26]                                                                                                        ;
; POST_FIT_CONNECT_TO_SLD_NODE_ENTITY_PORT ; auto_signaltap_0|vcc ; --                                                                                                      ; crc[30]                                                                                                        ;
; POST_FIT_CONNECT_TO_SLD_NODE_ENTITY_PORT ; auto_signaltap_0|vcc ; --                                                                                                      ; crc[20]                                                                                                        ;
; SLD_NODE_PARAMETER_ASSIGNMENT            ;                      ; --                                                                                                      ; SLD_INVERSION_MASK=0000000000000000000000000000000000000000000000000000000000000000000000000000000000000000000 ;
; SLD_NODE_PARAMETER_ASSIGNMENT            ;                      ; --                                                                                                      ; SLD_INVERSION_MASK_LENGTH=91                                                                                   ;
; SLD_NODE_PARAMETER_ASSIGNMENT            ;                      ; --                                                                                                      ; SLD_SEGMENT_SIZE=131072                                                                                        ;
; SLD_NODE_PARAMETER_ASSIGNMENT            ;                      ; --                                                                                                      ; SLD_SAMPLE_DEPTH=131072                                                                                        ;
; POST_FIT_CONNECT_TO_SLD_NODE_ENTITY_PORT ; auto_signaltap_0|gnd ; crc[20]                                                                                                 ; --                                                                                                             ;
; POST_FIT_CONNECT_TO_SLD_NODE_ENTITY_PORT ; auto_signaltap_0|gnd ; crc[23]                                                                                                 ; --                                                                                                             ;
; POST_FIT_CONNECT_TO_SLD_NODE_ENTITY_PORT ; auto_signaltap_0|gnd ; crc[24]                                                                                                 ; --                                                                                                             ;
; POST_FIT_CONNECT_TO_SLD_NODE_ENTITY_PORT ; auto_signaltap_0|gnd ; crc[30]                                                                                                 ; --                                                                                                             ;
; POST_FIT_CONNECT_TO_SLD_NODE_ENTITY_PORT ; auto_signaltap_0|gnd ; crc[26]                                                                                                 ; --                                                                                                             ;
; POST_FIT_CONNECT_TO_SLD_NODE_ENTITY_PORT ; auto_signaltap_0|gnd ; crc[29]                                                                                                 ; --                                                                                                             ;
; POST_FIT_CONNECT_TO_SLD_NODE_ENTITY_PORT ; auto_signaltap_0|vcc ; crc[18]                                                                                                 ; --                                                                                                             ;
; POST_FIT_CONNECT_TO_SLD_NODE_ENTITY_PORT ; auto_signaltap_0|vcc ; crc[17]                                                                                                 ; --                                                                                                             ;
; SLD_NODE_PARAMETER_ASSIGNMENT            ;                      ; SLD_SEGMENT_SIZE=1024                                                                                   ; --                                                                                                             ;
; SLD_NODE_PARAMETER_ASSIGNMENT            ;                      ; SLD_SAMPLE_DEPTH=1024                                                                                   ; --                                                                                                             ;
; SLD_NODE_PARAMETER_ASSIGNMENT            ;                      ; SLD_INVERSION_MASK=000000000000000000000000000000000000000000000000000000000000000000000000000000000000 ; --                                                                                                             ;
; SLD_NODE_PARAMETER_ASSIGNMENT            ;                      ; SLD_INVERSION_MASK_LENGTH=84                                                                            ; --                                                                                                             ;
+------------------------------------------+----------------------+---------------------------------------------------------------------------------------------------------+----------------------------------------------------------------------------------------------------------------+


+---------------------------------------------------------------------------------------------------------------------------------------------------------------------------------------------------------------------------------------------------------------------------+
; Partition Merge Rapid Recompile Table of Changed Logic Entities                                                                                                                                                                                                           ;
+-------------------------------------------------------------------------------------------------------------------------------------------------------------------------------------------------------------------------------------------------+-------------------------+
; Changed Logic Entities                                                                                                                                                                                                                          ; Number of Changed Nodes ;
+-------------------------------------------------------------------------------------------------------------------------------------------------------------------------------------------------------------------------------------------------+-------------------------+
; |sld_hub|alt_sld_fab:\instrumentation_fabric_with_node_gen:fabric_gen_new_way:instrumentation_fabric|alt_sld_fab_sldfabric:sldfabric|sld_jtag_hub:\jtag_hub_gen:real_sld_jtag_hub                                                               ; 30                      ;
; |sld_signaltap|sld_signaltap_impl:sld_signaltap_body|sld_signaltap_implb:sld_signaltap_body|altsyncram:\stp_non_zero_ram_gen:stp_buffer_ram|altsyncram_m784:auto_generated                                                                      ; 344                     ;
; |sld_signaltap|sld_signaltap_impl:sld_signaltap_body|sld_signaltap_implb:sld_signaltap_body|sld_buffer_manager:sld_buffer_manager_inst                                                                                                          ; 168                     ;
; |sld_signaltap|sld_signaltap_impl:sld_signaltap_body|sld_signaltap_implb:sld_signaltap_body|sld_offload_buffer_mgr:\stp_non_zero_depth_offload_gen:stp_offload_buff_mgr_inst|lpm_shiftreg:ram_data_shift_out                                    ; 135                     ;
; |sld_signaltap|sld_signaltap_impl:sld_signaltap_body|sld_signaltap_implb:sld_signaltap_body|altdpram:\stp_non_zero_ram_gen:attribute_mem_gen:attribute_mem                                                                                      ; 94                      ;
; |sld_signaltap|sld_signaltap_impl:sld_signaltap_body|sld_signaltap_implb:sld_signaltap_body|sld_offload_buffer_mgr:\stp_non_zero_depth_offload_gen:stp_offload_buff_mgr_inst|lpm_counter:read_pointer_counter|cntr_85j:auto_generated           ; 54                      ;
; |sld_signaltap|sld_signaltap_impl:sld_signaltap_body|sld_signaltap_implb:sld_signaltap_body|sld_offload_buffer_mgr:\stp_non_zero_depth_offload_gen:stp_offload_buff_mgr_inst|lpm_shiftreg:info_data_shift_out                                   ; 34                      ;
; |sld_signaltap|sld_signaltap_impl:sld_signaltap_body|sld_signaltap_implb:sld_signaltap_body                                                                                                                                                     ; 27                      ;
; |sld_signaltap|sld_signaltap_impl:sld_signaltap_body|sld_signaltap_implb:sld_signaltap_body|serial_crc_16:\tdo_crc_gen:tdo_crc_calc                                                                                                             ; 26                      ;
; |sld_signaltap|sld_signaltap_impl:sld_signaltap_body|sld_signaltap_implb:sld_signaltap_body|sld_offload_buffer_mgr:\stp_non_zero_depth_offload_gen:stp_offload_buff_mgr_inst|lpm_counter:status_advance_pointer_counter|cntr_49i:auto_generated ; 26                      ;
; |sld_signaltap|sld_signaltap_impl:sld_signaltap_body|sld_signaltap_implb:sld_signaltap_body|sld_offload_buffer_mgr:\stp_non_zero_depth_offload_gen:stp_offload_buff_mgr_inst|lpm_shiftreg:status_data_shift_out                                 ; 18                      ;
; |sld_signaltap|sld_signaltap_impl:sld_signaltap_body|sld_signaltap_implb:sld_signaltap_body|altsyncram:\stp_non_zero_ram_gen:stp_buffer_ram|altsyncram_m784:auto_generated|decode_tma:decode2                                                   ; 16                      ;
; |sld_signaltap|sld_signaltap_impl:sld_signaltap_body|sld_signaltap_implb:sld_signaltap_body|lpm_shiftreg:segment_offset_config_deserialize                                                                                                      ; 9                       ;
; |sld_signaltap|sld_signaltap_impl:sld_signaltap_body|sld_signaltap_implb:sld_signaltap_body|altdpram:\stp_non_zero_ram_gen:attribute_mem_gen:attribute_mem|lpm_mux:mux|mux_glc:auto_generated                                                   ; 6                       ;
; |sld_signaltap|sld_signaltap_impl:sld_signaltap_body|sld_signaltap_implb:sld_signaltap_body|altsyncram:\stp_non_zero_ram_gen:stp_buffer_ram|altsyncram_m784:auto_generated|mux_nib:mux3                                                         ; 5                       ;
; |sld_signaltap|sld_signaltap_impl:sld_signaltap_body|sld_signaltap_implb:sld_signaltap_body|sld_offload_buffer_mgr:\stp_non_zero_depth_offload_gen:stp_offload_buff_mgr_inst                                                                    ; 4                       ;
+-------------------------------------------------------------------------------------------------------------------------------------------------------------------------------------------------------------------------------------------------+-------------------------+


+------------------------------------------------------------------------------------------------------------------------------------------------------------------+
; Connections to In-System Debugging Instance "auto_signaltap_0"                                                                                                   ;
+----------------------+---------------+-----------+--------------------------------+-------------------+------------------------------------------------+---------+
; Name                 ; Type          ; Status    ; Partition Name                 ; Netlist Type Used ; Actual Connection                              ; Details ;
+----------------------+---------------+-----------+--------------------------------+-------------------+------------------------------------------------+---------+
; LED[0]               ; pre-synthesis ; connected ; Top                            ; post-synthesis    ; ripple_counter:ripple_please|DFlipFlop:flip0|q ; N/A     ;
; LED[0]               ; pre-synthesis ; connected ; Top                            ; post-synthesis    ; ripple_counter:ripple_please|DFlipFlop:flip0|q ; N/A     ;
; LED[1]               ; pre-synthesis ; connected ; Top                            ; post-synthesis    ; ripple_counter:ripple_please|DFlipFlop:flip1|q ; N/A     ;
; LED[1]               ; pre-synthesis ; connected ; Top                            ; post-synthesis    ; ripple_counter:ripple_please|DFlipFlop:flip1|q ; N/A     ;
; LED[2]               ; pre-synthesis ; connected ; Top                            ; post-synthesis    ; ripple_counter:ripple_please|DFlipFlop:flip2|q ; N/A     ;
; LED[2]               ; pre-synthesis ; connected ; Top                            ; post-synthesis    ; ripple_counter:ripple_please|DFlipFlop:flip2|q ; N/A     ;
; LED[3]               ; pre-synthesis ; connected ; Top                            ; post-synthesis    ; ripple_counter:ripple_please|DFlipFlop:flip3|q ; N/A     ;
; LED[3]               ; pre-synthesis ; connected ; Top                            ; post-synthesis    ; ripple_counter:ripple_please|DFlipFlop:flip3|q ; N/A     ;
; LED[4]               ; pre-synthesis ; connected ; Top                            ; post-synthesis    ; QIC_SIGNALTAP_GND                              ; N/A     ;
; LED[4]               ; pre-synthesis ; connected ; Top                            ; post-synthesis    ; QIC_SIGNALTAP_GND                              ; N/A     ;
; LED[5]               ; pre-synthesis ; connected ; Top                            ; post-synthesis    ; QIC_SIGNALTAP_GND                              ; N/A     ;
; LED[5]               ; pre-synthesis ; connected ; Top                            ; post-synthesis    ; QIC_SIGNALTAP_GND                              ; N/A     ;
; LED[6]               ; pre-synthesis ; connected ; Top                            ; post-synthesis    ; QIC_SIGNALTAP_GND                              ; N/A     ;
; LED[6]               ; pre-synthesis ; connected ; Top                            ; post-synthesis    ; QIC_SIGNALTAP_GND                              ; N/A     ;
; LED[7]               ; pre-synthesis ; connected ; Top                            ; post-synthesis    ; QIC_SIGNALTAP_GND                              ; N/A     ;
; LED[7]               ; pre-synthesis ; connected ; Top                            ; post-synthesis    ; QIC_SIGNALTAP_GND                              ; N/A     ;
; LED[8]               ; pre-synthesis ; connected ; Top                            ; post-synthesis    ; QIC_SIGNALTAP_GND                              ; N/A     ;
; LED[8]               ; pre-synthesis ; connected ; Top                            ; post-synthesis    ; QIC_SIGNALTAP_GND                              ; N/A     ;
; LED[9]               ; pre-synthesis ; connected ; Top                            ; post-synthesis    ; QIC_SIGNALTAP_GND                              ; N/A     ;
; LED[9]               ; pre-synthesis ; connected ; Top                            ; post-synthesis    ; QIC_SIGNALTAP_GND                              ; N/A     ;
; SW[0]                ; pre-synthesis ; connected ; Top                            ; post-synthesis    ; SW[0]~input                                    ; N/A     ;
; SW[0]                ; pre-synthesis ; connected ; Top                            ; post-synthesis    ; SW[0]~input                                    ; N/A     ;
; SW[1]                ; pre-synthesis ; connected ; Top                            ; post-synthesis    ; SW[1]~input                                    ; N/A     ;
; SW[1]                ; pre-synthesis ; connected ; Top                            ; post-synthesis    ; SW[1]~input                                    ; N/A     ;
; SW[2]                ; pre-synthesis ; connected ; Top                            ; post-synthesis    ; SW[2]~input                                    ; N/A     ;
; SW[2]                ; pre-synthesis ; connected ; Top                            ; post-synthesis    ; SW[2]~input                                    ; N/A     ;
; SW[3]                ; pre-synthesis ; connected ; Top                            ; post-synthesis    ; SW[3]~input                                    ; N/A     ;
; SW[3]                ; pre-synthesis ; connected ; Top                            ; post-synthesis    ; SW[3]~input                                    ; N/A     ;
; SW[4]                ; pre-synthesis ; connected ; Top                            ; post-synthesis    ; SW[4]~input                                    ; N/A     ;
; SW[4]                ; pre-synthesis ; connected ; Top                            ; post-synthesis    ; SW[4]~input                                    ; N/A     ;
; SW[5]                ; pre-synthesis ; connected ; Top                            ; post-synthesis    ; SW[5]~input                                    ; N/A     ;
; SW[5]                ; pre-synthesis ; connected ; Top                            ; post-synthesis    ; SW[5]~input                                    ; N/A     ;
; SW[6]                ; pre-synthesis ; connected ; Top                            ; post-synthesis    ; SW[6]~input                                    ; N/A     ;
; SW[6]                ; pre-synthesis ; connected ; Top                            ; post-synthesis    ; SW[6]~input                                    ; N/A     ;
; SW[7]                ; pre-synthesis ; connected ; Top                            ; post-synthesis    ; SW[7]~input                                    ; N/A     ;
; SW[7]                ; pre-synthesis ; connected ; Top                            ; post-synthesis    ; SW[7]~input                                    ; N/A     ;
; SW[8]                ; pre-synthesis ; connected ; Top                            ; post-synthesis    ; SW[8]~input                                    ; N/A     ;
; SW[8]                ; pre-synthesis ; connected ; Top                            ; post-synthesis    ; SW[8]~input                                    ; N/A     ;
; SW[9]                ; pre-synthesis ; connected ; Top                            ; post-synthesis    ; SW[9]~input                                    ; N/A     ;
; SW[9]                ; pre-synthesis ; connected ; Top                            ; post-synthesis    ; SW[9]~input                                    ; N/A     ;
; init_clk             ; pre-synthesis ; connected ; Top                            ; post-synthesis    ; init_clk~input                                 ; N/A     ;
; auto_signaltap_0|gnd ; post-fitting  ; connected ; sld_signaltap:auto_signaltap_0 ; post-synthesis    ; sld_signaltap:auto_signaltap_0|~GND            ; N/A     ;
; auto_signaltap_0|gnd ; post-fitting  ; connected ; sld_signaltap:auto_signaltap_0 ; post-synthesis    ; sld_signaltap:auto_signaltap_0|~GND            ; N/A     ;
; auto_signaltap_0|gnd ; post-fitting  ; connected ; sld_signaltap:auto_signaltap_0 ; post-synthesis    ; sld_signaltap:auto_signaltap_0|~GND            ; N/A     ;
; auto_signaltap_0|gnd ; post-fitting  ; connected ; sld_signaltap:auto_signaltap_0 ; post-synthesis    ; sld_signaltap:auto_signaltap_0|~GND            ; N/A     ;
; auto_signaltap_0|gnd ; post-fitting  ; connected ; sld_signaltap:auto_signaltap_0 ; post-synthesis    ; sld_signaltap:auto_signaltap_0|~GND            ; N/A     ;
; auto_signaltap_0|gnd ; post-fitting  ; connected ; sld_signaltap:auto_signaltap_0 ; post-synthesis    ; sld_signaltap:auto_signaltap_0|~GND            ; N/A     ;
; auto_signaltap_0|gnd ; post-fitting  ; connected ; sld_signaltap:auto_signaltap_0 ; post-synthesis    ; sld_signaltap:auto_signaltap_0|~GND            ; N/A     ;
; auto_signaltap_0|gnd ; post-fitting  ; connected ; sld_signaltap:auto_signaltap_0 ; post-synthesis    ; sld_signaltap:auto_signaltap_0|~GND            ; N/A     ;
; auto_signaltap_0|gnd ; post-fitting  ; connected ; sld_signaltap:auto_signaltap_0 ; post-synthesis    ; sld_signaltap:auto_signaltap_0|~GND            ; N/A     ;
; auto_signaltap_0|gnd ; post-fitting  ; connected ; sld_signaltap:auto_signaltap_0 ; post-synthesis    ; sld_signaltap:auto_signaltap_0|~GND            ; N/A     ;
; auto_signaltap_0|gnd ; post-fitting  ; connected ; sld_signaltap:auto_signaltap_0 ; post-synthesis    ; sld_signaltap:auto_signaltap_0|~GND            ; N/A     ;
; auto_signaltap_0|gnd ; post-fitting  ; connected ; sld_signaltap:auto_signaltap_0 ; post-synthesis    ; sld_signaltap:auto_signaltap_0|~GND            ; N/A     ;
; auto_signaltap_0|vcc ; post-fitting  ; connected ; sld_signaltap:auto_signaltap_0 ; post-synthesis    ; sld_signaltap:auto_signaltap_0|~VCC            ; N/A     ;
; auto_signaltap_0|vcc ; post-fitting  ; connected ; sld_signaltap:auto_signaltap_0 ; post-synthesis    ; sld_signaltap:auto_signaltap_0|~VCC            ; N/A     ;
; auto_signaltap_0|vcc ; post-fitting  ; connected ; sld_signaltap:auto_signaltap_0 ; post-synthesis    ; sld_signaltap:auto_signaltap_0|~VCC            ; N/A     ;
; auto_signaltap_0|vcc ; post-fitting  ; connected ; sld_signaltap:auto_signaltap_0 ; post-synthesis    ; sld_signaltap:auto_signaltap_0|~VCC            ; N/A     ;
; auto_signaltap_0|vcc ; post-fitting  ; connected ; sld_signaltap:auto_signaltap_0 ; post-synthesis    ; sld_signaltap:auto_signaltap_0|~VCC            ; N/A     ;
; auto_signaltap_0|vcc ; post-fitting  ; connected ; sld_signaltap:auto_signaltap_0 ; post-synthesis    ; sld_signaltap:auto_signaltap_0|~VCC            ; N/A     ;
; auto_signaltap_0|vcc ; post-fitting  ; connected ; sld_signaltap:auto_signaltap_0 ; post-synthesis    ; sld_signaltap:auto_signaltap_0|~VCC            ; N/A     ;
; auto_signaltap_0|vcc ; post-fitting  ; connected ; sld_signaltap:auto_signaltap_0 ; post-synthesis    ; sld_signaltap:auto_signaltap_0|~VCC            ; N/A     ;
; auto_signaltap_0|vcc ; post-fitting  ; connected ; sld_signaltap:auto_signaltap_0 ; post-synthesis    ; sld_signaltap:auto_signaltap_0|~VCC            ; N/A     ;
; auto_signaltap_0|vcc ; post-fitting  ; connected ; sld_signaltap:auto_signaltap_0 ; post-synthesis    ; sld_signaltap:auto_signaltap_0|~VCC            ; N/A     ;
; auto_signaltap_0|vcc ; post-fitting  ; connected ; sld_signaltap:auto_signaltap_0 ; post-synthesis    ; sld_signaltap:auto_signaltap_0|~VCC            ; N/A     ;
; auto_signaltap_0|vcc ; post-fitting  ; connected ; sld_signaltap:auto_signaltap_0 ; post-synthesis    ; sld_signaltap:auto_signaltap_0|~VCC            ; N/A     ;
; auto_signaltap_0|vcc ; post-fitting  ; connected ; sld_signaltap:auto_signaltap_0 ; post-synthesis    ; sld_signaltap:auto_signaltap_0|~VCC            ; N/A     ;
; auto_signaltap_0|vcc ; post-fitting  ; connected ; sld_signaltap:auto_signaltap_0 ; post-synthesis    ; sld_signaltap:auto_signaltap_0|~VCC            ; N/A     ;
; auto_signaltap_0|vcc ; post-fitting  ; connected ; sld_signaltap:auto_signaltap_0 ; post-synthesis    ; sld_signaltap:auto_signaltap_0|~VCC            ; N/A     ;
; auto_signaltap_0|vcc ; post-fitting  ; connected ; sld_signaltap:auto_signaltap_0 ; post-synthesis    ; sld_signaltap:auto_signaltap_0|~VCC            ; N/A     ;
; auto_signaltap_0|vcc ; post-fitting  ; connected ; sld_signaltap:auto_signaltap_0 ; post-synthesis    ; sld_signaltap:auto_signaltap_0|~VCC            ; N/A     ;
; auto_signaltap_0|vcc ; post-fitting  ; connected ; sld_signaltap:auto_signaltap_0 ; post-synthesis    ; sld_signaltap:auto_signaltap_0|~VCC            ; N/A     ;
; auto_signaltap_0|vcc ; post-fitting  ; connected ; sld_signaltap:auto_signaltap_0 ; post-synthesis    ; sld_signaltap:auto_signaltap_0|~VCC            ; N/A     ;
; auto_signaltap_0|vcc ; post-fitting  ; connected ; sld_signaltap:auto_signaltap_0 ; post-synthesis    ; sld_signaltap:auto_signaltap_0|~VCC            ; N/A     ;
+----------------------+---------------+-----------+--------------------------------+-------------------+------------------------------------------------+---------+


+---------------------------------------------------------------------------------------------------------------------------------+
; Partition Merge Partition Pin Processing                                                                                        ;
+-----------------------------------+-----------+---------------+-------------------+---------------------------------------------+
; Name                              ; Partition ; Type          ; Location          ; Status                                      ;
+-----------------------------------+-----------+---------------+-------------------+---------------------------------------------+
; LED[0]                            ; Top       ; Output Port   ; n/a               ;                                             ;
;     -- LED[0]                     ; Top       ; Output Pad    ; IOPAD_X52_Y0_N0   ; Preserved from Post-Fit or Imported Netlist ;
;     -- LED[0]~output              ; Top       ; Output Buffer ; IOOBUF_X52_Y0_N2  ; Preserved from Post-Fit or Imported Netlist ;
;                                   ;           ;               ;                   ;                                             ;
; LED[1]                            ; Top       ; Output Port   ; n/a               ;                                             ;
;     -- LED[1]                     ; Top       ; Output Pad    ; IOPAD_X52_Y0_N17  ; Preserved from Post-Fit or Imported Netlist ;
;     -- LED[1]~output              ; Top       ; Output Buffer ; IOOBUF_X52_Y0_N19 ; Preserved from Post-Fit or Imported Netlist ;
;                                   ;           ;               ;                   ;                                             ;
; LED[2]                            ; Top       ; Output Port   ; n/a               ;                                             ;
;     -- LED[2]                     ; Top       ; Output Pad    ; IOPAD_X60_Y0_N0   ; Preserved from Post-Fit or Imported Netlist ;
;     -- LED[2]~output              ; Top       ; Output Buffer ; IOOBUF_X60_Y0_N2  ; Preserved from Post-Fit or Imported Netlist ;
;                                   ;           ;               ;                   ;                                             ;
; LED[3]                            ; Top       ; Output Port   ; n/a               ;                                             ;
;     -- LED[3]                     ; Top       ; Output Pad    ; IOPAD_X80_Y0_N0   ; Preserved from Post-Fit or Imported Netlist ;
;     -- LED[3]~output              ; Top       ; Output Buffer ; IOOBUF_X80_Y0_N2  ; Preserved from Post-Fit or Imported Netlist ;
;                                   ;           ;               ;                   ;                                             ;
; LED[4]                            ; Top       ; Output Port   ; n/a               ;                                             ;
;     -- LED[4]                     ; Top       ; Output Pad    ; IOPAD_X60_Y0_N17  ; Preserved from Post-Fit or Imported Netlist ;
;     -- LED[4]~output              ; Top       ; Output Buffer ; IOOBUF_X60_Y0_N19 ; Preserved from Post-Fit or Imported Netlist ;
;                                   ;           ;               ;                   ;                                             ;
; LED[5]                            ; Top       ; Output Port   ; n/a               ;                                             ;
;     -- LED[5]                     ; Top       ; Output Pad    ; IOPAD_X80_Y0_N17  ; Preserved from Post-Fit or Imported Netlist ;
;     -- LED[5]~output              ; Top       ; Output Buffer ; IOOBUF_X80_Y0_N19 ; Preserved from Post-Fit or Imported Netlist ;
;                                   ;           ;               ;                   ;                                             ;
; LED[6]                            ; Top       ; Output Port   ; n/a               ;                                             ;
;     -- LED[6]                     ; Top       ; Output Pad    ; IOPAD_X84_Y0_N0   ; Preserved from Post-Fit or Imported Netlist ;
;     -- LED[6]~output              ; Top       ; Output Buffer ; IOOBUF_X84_Y0_N2  ; Preserved from Post-Fit or Imported Netlist ;
;                                   ;           ;               ;                   ;                                             ;
; LED[7]                            ; Top       ; Output Port   ; n/a               ;                                             ;
;     -- LED[7]                     ; Top       ; Output Pad    ; IOPAD_X89_Y6_N3   ; Preserved from Post-Fit or Imported Netlist ;
;     -- LED[7]~output              ; Top       ; Output Buffer ; IOOBUF_X89_Y6_N5  ; Preserved from Post-Fit or Imported Netlist ;
;                                   ;           ;               ;                   ;                                             ;
; LED[8]                            ; Top       ; Output Port   ; n/a               ;                                             ;
;     -- LED[8]                     ; Top       ; Output Pad    ; IOPAD_X89_Y8_N3   ; Preserved from Post-Fit or Imported Netlist ;
;     -- LED[8]~output              ; Top       ; Output Buffer ; IOOBUF_X89_Y8_N5  ; Preserved from Post-Fit or Imported Netlist ;
;                                   ;           ;               ;                   ;                                             ;
; LED[9]                            ; Top       ; Output Port   ; n/a               ;                                             ;
;     -- LED[9]                     ; Top       ; Output Pad    ; IOPAD_X89_Y6_N20  ; Preserved from Post-Fit or Imported Netlist ;
;     -- LED[9]~output              ; Top       ; Output Buffer ; IOOBUF_X89_Y6_N22 ; Preserved from Post-Fit or Imported Netlist ;
;                                   ;           ;               ;                   ;                                             ;
; SW[0]                             ; Top       ; Input Port    ; n/a               ;                                             ;
;     -- SW[0]                      ; Top       ; Input Pad     ; IOPAD_X12_Y0_N17  ; Preserved from Post-Fit or Imported Netlist ;
;     -- SW[0]~input                ; Top       ; Input Buffer  ; IOIBUF_X12_Y0_N18 ; Preserved from Post-Fit or Imported Netlist ;
;                                   ;           ;               ;                   ;                                             ;
; SW[1]                             ; Top       ; Input Port    ; n/a               ;                                             ;
;     -- SW[1]                      ; Top       ; Input Pad     ; IOPAD_X16_Y0_N0   ; Preserved from Post-Fit or Imported Netlist ;
;     -- SW[1]~input                ; Top       ; Input Buffer  ; IOIBUF_X16_Y0_N1  ; Preserved from Post-Fit or Imported Netlist ;
;                                   ;           ;               ;                   ;                                             ;
; SW[2]                             ; Top       ; Input Port    ; n/a               ;                                             ;
;     -- SW[2]                      ; Top       ; Input Pad     ; IOPAD_X8_Y0_N34   ; Preserved from Post-Fit or Imported Netlist ;
;     -- SW[2]~input                ; Top       ; Input Buffer  ; IOIBUF_X8_Y0_N35  ; Preserved from Post-Fit or Imported Netlist ;
;                                   ;           ;               ;                   ;                                             ;
; SW[3]                             ; Top       ; Input Port    ; n/a               ;                                             ;
;     -- SW[3]                      ; Top       ; Input Pad     ; IOPAD_X4_Y0_N51   ; Preserved from Post-Fit or Imported Netlist ;
;     -- SW[3]~input                ; Top       ; Input Buffer  ; IOIBUF_X4_Y0_N52  ; Preserved from Post-Fit or Imported Netlist ;
;                                   ;           ;               ;                   ;                                             ;
; SW[4]                             ; Top       ; Input Port    ; n/a               ;                                             ;
;     -- SW[4]                      ; Top       ; Input Pad     ; IOPAD_X2_Y0_N40   ; Preserved from Post-Fit or Imported Netlist ;
;     -- SW[4]~input                ; Top       ; Input Buffer  ; IOIBUF_X2_Y0_N41  ; Preserved from Post-Fit or Imported Netlist ;
;                                   ;           ;               ;                   ;                                             ;
; SW[5]                             ; Top       ; Input Port    ; n/a               ;                                             ;
;     -- SW[5]                      ; Top       ; Input Pad     ; IOPAD_X16_Y0_N17  ; Preserved from Post-Fit or Imported Netlist ;
;     -- SW[5]~input                ; Top       ; Input Buffer  ; IOIBUF_X16_Y0_N18 ; Preserved from Post-Fit or Imported Netlist ;
;                                   ;           ;               ;                   ;                                             ;
; SW[6]                             ; Top       ; Input Port    ; n/a               ;                                             ;
;     -- SW[6]                      ; Top       ; Input Pad     ; IOPAD_X4_Y0_N34   ; Preserved from Post-Fit or Imported Netlist ;
;     -- SW[6]~input                ; Top       ; Input Buffer  ; IOIBUF_X4_Y0_N35  ; Preserved from Post-Fit or Imported Netlist ;
;                                   ;           ;               ;                   ;                                             ;
; SW[7]                             ; Top       ; Input Port    ; n/a               ;                                             ;
;     -- SW[7]                      ; Top       ; Input Pad     ; IOPAD_X4_Y0_N0    ; Preserved from Post-Fit or Imported Netlist ;
;     -- SW[7]~input                ; Top       ; Input Buffer  ; IOIBUF_X4_Y0_N1   ; Preserved from Post-Fit or Imported Netlist ;
;                                   ;           ;               ;                   ;                                             ;
; SW[8]                             ; Top       ; Input Port    ; n/a               ;                                             ;
;     -- SW[8]                      ; Top       ; Input Pad     ; IOPAD_X4_Y0_N17   ; Preserved from Post-Fit or Imported Netlist ;
;     -- SW[8]~input                ; Top       ; Input Buffer  ; IOIBUF_X4_Y0_N18  ; Preserved from Post-Fit or Imported Netlist ;
;                                   ;           ;               ;                   ;                                             ;
; SW[9]                             ; Top       ; Input Port    ; n/a               ;                                             ;
;     -- SW[9]                      ; Top       ; Input Pad     ; IOPAD_X2_Y0_N57   ; Preserved from Post-Fit or Imported Netlist ;
;     -- SW[9]~input                ; Top       ; Input Buffer  ; IOIBUF_X2_Y0_N58  ; Preserved from Post-Fit or Imported Netlist ;
;                                   ;           ;               ;                   ;                                             ;
; altera_reserved_tck               ; Top       ; Input Port    ; n/a               ;                                             ;
;     -- altera_reserved_tck        ; Top       ; Input Pad     ; Unplaced          ; Synthesized                                 ;
;     -- altera_reserved_tck~input  ; Top       ; Input Buffer  ; Unplaced          ; Synthesized                                 ;
;                                   ;           ;               ;                   ;                                             ;
; altera_reserved_tdi               ; Top       ; Input Port    ; n/a               ;                                             ;
;     -- altera_reserved_tdi        ; Top       ; Input Pad     ; Unplaced          ; Synthesized                                 ;
;     -- altera_reserved_tdi~input  ; Top       ; Input Buffer  ; Unplaced          ; Synthesized                                 ;
;                                   ;           ;               ;                   ;                                             ;
; altera_reserved_tdo               ; Top       ; Output Port   ; n/a               ;                                             ;
;     -- altera_reserved_tdo        ; Top       ; Output Pad    ; Unplaced          ; Synthesized                                 ;
;     -- altera_reserved_tdo~output ; Top       ; Output Buffer ; Unplaced          ; Synthesized                                 ;
;                                   ;           ;               ;                   ;                                             ;
; altera_reserved_tms               ; Top       ; Input Port    ; n/a               ;                                             ;
;     -- altera_reserved_tms        ; Top       ; Input Pad     ; Unplaced          ; Synthesized                                 ;
;     -- altera_reserved_tms~input  ; Top       ; Input Buffer  ; Unplaced          ; Synthesized                                 ;
;                                   ;           ;               ;                   ;                                             ;
; init_clk                          ; Top       ; Input Port    ; n/a               ;                                             ;
;     -- init_clk                   ; Top       ; Input Pad     ; IOPAD_X32_Y0_N0   ; Preserved from Post-Fit or Imported Netlist ;
;     -- init_clk~input             ; Top       ; Input Buffer  ; IOIBUF_X32_Y0_N1  ; Preserved from Post-Fit or Imported Netlist ;
;                                   ;           ;               ;                   ;                                             ;
; ~QUARTUS_CREATED_GND~13           ; Top       ; Output Port   ; n/a               ;                                             ;
;                                   ;           ;               ;                   ;                                             ;
+-----------------------------------+-----------+---------------+-------------------+---------------------------------------------+


+------------------------------------------------------------------------+
; Partition Merge Resource Usage Summary                                 ;
+---------------------------------------------+--------------------------+
; Resource                                    ; Usage                    ;
+---------------------------------------------+--------------------------+
; Estimate of Logic utilization (ALMs needed) ; 670                      ;
;                                             ;                          ;
; Combinational ALUT usage for logic          ; 552                      ;
;     -- 7 input functions                    ; 3                        ;
;     -- 6 input functions                    ; 174                      ;
;     -- 5 input functions                    ; 108                      ;
;     -- 4 input functions                    ; 40                       ;
;     -- <=3 input functions                  ; 227                      ;
;                                             ;                          ;
; Dedicated logic registers                   ; 840                      ;
;                                             ;                          ;
; I/O pins                                    ; 21                       ;
; Total MLAB memory bits                      ; 0                        ;
; Total block memory bits                     ; 2621440                  ;
;                                             ;                          ;
; Total DSP Blocks                            ; 0                        ;
;                                             ;                          ;
; Maximum fan-out node                        ; altera_internal_jtag~TDO ;
; Maximum fan-out                             ; 787                      ;
; Total fan-out                               ; 15424                    ;
; Average fan-out                             ; 7.61                     ;
+---------------------------------------------+--------------------------+


+--------------------------------------------------------------------------------------------------------------------------------------------------------------------------------------------------------------------------------------------------------------------------------------------------------------+
; Partition Merge RAM Summary                                                                                                                                                                                                                                                                                  ;
+-------------------------------------------------------------------------------------------------------------------------------------------------------------------------------------------------------+------+------------------+--------------+--------------+--------------+--------------+---------+------+
; Name                                                                                                                                                                                                  ; Type ; Mode             ; Port A Depth ; Port A Width ; Port B Depth ; Port B Width ; Size    ; MIF  ;
+-------------------------------------------------------------------------------------------------------------------------------------------------------------------------------------------------------+------+------------------+--------------+--------------+--------------+--------------+---------+------+
; sld_signaltap:auto_signaltap_0|sld_signaltap_impl:sld_signaltap_body|sld_signaltap_implb:sld_signaltap_body|altsyncram:\stp_non_zero_ram_gen:stp_buffer_ram|altsyncram_m784:auto_generated|ALTSYNCRAM ; AUTO ; Simple Dual Port ; 131072       ; 20           ; 131072       ; 20           ; 2621440 ; None ;
+-------------------------------------------------------------------------------------------------------------------------------------------------------------------------------------------------------+------+------------------+--------------+--------------+--------------+--------------+---------+------+


+--------------------------+
; Partition Merge Messages ;
+--------------------------+
Info: *******************************************************************
Info: Running Quartus II 64-Bit Partition Merge
    Info: Version 14.1.0 Build 186 12/03/2014 SJ Full Version
    Info: Processing started: Sat Jan 09 20:21:32 2016
Info: Command: quartus_cdb --read_settings_files=on --write_settings_files=off ripple_counter_top_struct -c ripple_counter_top_struct --merge=on --recompile=on
Info (12849): Using Hybrid (Rapid Recompile) netlist for partition "Top"
Info (12849): Using Hybrid (Rapid Recompile) netlist for partition "sld_hub:auto_hub"
Info (12849): Using Hybrid (Rapid Recompile) netlist for partition "sld_signaltap:auto_signaltap_0"
Info (35024): Succesfully connected in-system debug instance "auto_signaltap_0" to all 73 required data inputs, trigger inputs, acquisition clocks, and dynamic pins
Info (35002): Resolved and merged 3 partition(s)
Info (16010): Generating hard_block partition "hard_block:auto_generated_inst"
    Info (16011): Adding 9 node(s), including 0 DDIO, 0 PLL, 0 transceiver and 0 LCELL
Info (21057): Implemented 1606 device resources after synthesis - the final resource count might be different
    Info (21058): Implemented 14 input pins
    Info (21059): Implemented 11 output pins
    Info (21061): Implemented 1259 logic cells
    Info (21064): Implemented 320 RAM segments
Warning (20013): Ignored assignments for entity "altsyncram_0284" -- entity does not exist in design
    Warning (20014): Assignment for entity set_global_assignment -name OPTIMIZE_POWER_DURING_SYNTHESIS NORMAL_COMPILATION -entity altsyncram_0284 -tag quartusii was ignored
Warning (20013): Ignored assignments for entity "altsyncram_8784" -- entity does not exist in design
    Warning (20014): Assignment for entity set_global_assignment -name OPTIMIZE_POWER_DURING_SYNTHESIS NORMAL_COMPILATION -entity altsyncram_8784 -tag quartusii was ignored
Warning (20013): Ignored assignments for entity "altsyncram_e484" -- entity does not exist in design
    Warning (20014): Assignment for entity set_global_assignment -name OPTIMIZE_POWER_DURING_SYNTHESIS NORMAL_COMPILATION -entity altsyncram_e484 -tag quartusii was ignored
Warning (20013): Ignored assignments for entity "altsyncram_g484" -- entity does not exist in design
    Warning (20014): Assignment for entity set_global_assignment -name OPTIMIZE_POWER_DURING_SYNTHESIS NORMAL_COMPILATION -entity altsyncram_g484 -tag quartusii was ignored
Warning (20013): Ignored assignments for entity "altsyncram_k184" -- entity does not exist in design
    Warning (20014): Assignment for entity set_global_assignment -name OPTIMIZE_POWER_DURING_SYNTHESIS NORMAL_COMPILATION -entity altsyncram_k184 -tag quartusii was ignored
Warning (20013): Ignored assignments for entity "altsyncram_q184" -- entity does not exist in design
    Warning (20014): Assignment for entity set_global_assignment -name OPTIMIZE_POWER_DURING_SYNTHESIS NORMAL_COMPILATION -entity altsyncram_q184 -tag quartusii was ignored
Warning (20013): Ignored assignments for entity "altsyncram_s184" -- entity does not exist in design
    Warning (20014): Assignment for entity set_global_assignment -name OPTIMIZE_POWER_DURING_SYNTHESIS NORMAL_COMPILATION -entity altsyncram_s184 -tag quartusii was ignored
Info: Quartus II 64-Bit Partition Merge was successful. 0 errors, 14 warnings
    Info: Peak virtual memory: 878 megabytes
    Info: Processing ended: Sat Jan 09 20:21:36 2016
    Info: Elapsed time: 00:00:04
    Info: Total CPU time (on all processors): 00:00:04


