Analysis & Synthesis report for interlockSystem
Mon Jan 25 18:37:12 2016
Quartus II 64-Bit Version 14.1.0 Build 186 12/03/2014 SJ Full Version


---------------------
; Table of Contents ;
---------------------
  1. Legal Notice
  2. Analysis & Synthesis Summary
  3. Analysis & Synthesis Settings
  4. Parallel Compilation
  5. Analysis & Synthesis Source Files Read
  6. Analysis & Synthesis Resource Usage Summary
  7. Analysis & Synthesis Resource Utilization by Entity
  8. User-Specified and Inferred Latches
  9. Registers Removed During Synthesis
 10. Removed Registers Triggering Further Register Optimizations
 11. General Register Statistics
 12. Multiplexer Restructuring Statistics (Restructuring Performed)
 13. Parameter Settings for User Entity Instance: interlock:i_lock
 14. Parameter Settings for User Entity Instance: interlock:i_lock|diff_pressure:diff0
 15. Parameter Settings for User Entity Instance: interlock:i_lock|diff_pressure:diff0|inputHandler:inputH
 16. Parameter Settings for User Entity Instance: interlock:i_lock|limit_pressure:limit0
 17. Parameter Settings for User Entity Instance: interlock:i_lock|limit_pressure:limit0|inputHandler:inputL
 18. Port Connectivity Checks: "interlock:i_lock|DFlipFlop:flip3"
 19. Port Connectivity Checks: "interlock:i_lock|DFlipFlop:flip2"
 20. Port Connectivity Checks: "interlock:i_lock|DFlipFlop:flip1"
 21. Port Connectivity Checks: "interlock:i_lock|DFlipFlop:flip0"
 22. Port Connectivity Checks: "interlock:i_lock|limit_pressure:limit0|DFlipFlop:flip0"
 23. Port Connectivity Checks: "interlock:i_lock|diff_pressure:diff0|DFlipFlop:flip0"
 24. Port Connectivity Checks: "interlock:i_lock|diff_pressure:diff0|inputHandler:inputH|DFlipFlop:lsb"
 25. Port Connectivity Checks: "interlock:i_lock|diff_pressure:diff0|inputHandler:inputH|DFlipFlop:msb"
 26. Post-Synthesis Netlist Statistics for Top Partition
 27. Elapsed Time Per Partition
 28. Analysis & Synthesis Messages
 29. Analysis & Synthesis Suppressed Messages



----------------
; Legal Notice ;
----------------
Copyright (C) 1991-2014 Altera Corporation. All rights reserved.
Your use of Altera Corporation's design tools, logic functions 
and other software and tools, and its AMPP partner logic 
functions, and any output files from any of the foregoing 
(including device programming or simulation files), and any 
associated documentation or information are expressly subject 
to the terms and conditions of the Altera Program License 
Subscription Agreement, the Altera Quartus II License Agreement,
the Altera MegaCore Function License Agreement, or other 
applicable license agreement, including, without limitation, 
that your use is for the sole purpose of programming logic 
devices manufactured by Altera and sold by Altera or its 
authorized distributors.  Please refer to the applicable 
agreement for further details.



+-------------------------------------------------------------------------------+
; Analysis & Synthesis Summary                                                  ;
+---------------------------------+---------------------------------------------+
; Analysis & Synthesis Status     ; Successful - Mon Jan 25 18:37:12 2016       ;
; Quartus II 64-Bit Version       ; 14.1.0 Build 186 12/03/2014 SJ Full Version ;
; Revision Name                   ; interlockSystem                             ;
; Top-level Entity Name           ; DE1_SoC                                     ;
; Family                          ; Cyclone V                                   ;
; Logic utilization (in ALMs)     ; N/A                                         ;
; Total registers                 ; 39                                          ;
; Total pins                      ; 67                                          ;
; Total virtual pins              ; 0                                           ;
; Total block memory bits         ; 0                                           ;
; Total DSP Blocks                ; 0                                           ;
; Total HSSI RX PCSs              ; 0                                           ;
; Total HSSI PMA RX Deserializers ; 0                                           ;
; Total HSSI TX PCSs              ; 0                                           ;
; Total HSSI PMA TX Serializers   ; 0                                           ;
; Total PLLs                      ; 0                                           ;
; Total DLLs                      ; 0                                           ;
+---------------------------------+---------------------------------------------+


+---------------------------------------------------------------------------------------------------------------------------+
; Analysis & Synthesis Settings                                                                                             ;
+---------------------------------------------------------------------------------+--------------------+--------------------+
; Option                                                                          ; Setting            ; Default Value      ;
+---------------------------------------------------------------------------------+--------------------+--------------------+
; Device                                                                          ; 5CSEMA5F31C6       ;                    ;
; Top-level entity name                                                           ; DE1_SoC            ; interlockSystem    ;
; Family name                                                                     ; Cyclone V          ; Cyclone IV GX      ;
; Use smart compilation                                                           ; Off                ; Off                ;
; Enable parallel Assembler and TimeQuest Timing Analyzer during compilation      ; On                 ; On                 ;
; Enable compact report table                                                     ; Off                ; Off                ;
; Restructure Multiplexers                                                        ; Auto               ; Auto               ;
; MLAB Add Timing Constraints For Mixed-Port Feed-Through Mode Setting Don't Care ; Off                ; Off                ;
; Create Debugging Nodes for IP Cores                                             ; Off                ; Off                ;
; Preserve fewer node names                                                       ; On                 ; On                 ;
; Disable OpenCore Plus hardware evaluation                                       ; Off                ; Off                ;
; Verilog Version                                                                 ; Verilog_2001       ; Verilog_2001       ;
; VHDL Version                                                                    ; VHDL_1993          ; VHDL_1993          ;
; State Machine Processing                                                        ; Auto               ; Auto               ;
; Safe State Machine                                                              ; Off                ; Off                ;
; Extract Verilog State Machines                                                  ; On                 ; On                 ;
; Extract VHDL State Machines                                                     ; On                 ; On                 ;
; Ignore Verilog initial constructs                                               ; Off                ; Off                ;
; Iteration limit for constant Verilog loops                                      ; 5000               ; 5000               ;
; Iteration limit for non-constant Verilog loops                                  ; 250                ; 250                ;
; Add Pass-Through Logic to Inferred RAMs                                         ; On                 ; On                 ;
; Infer RAMs from Raw Logic                                                       ; On                 ; On                 ;
; Parallel Synthesis                                                              ; On                 ; On                 ;
; DSP Block Balancing                                                             ; Auto               ; Auto               ;
; NOT Gate Push-Back                                                              ; On                 ; On                 ;
; Power-Up Don't Care                                                             ; On                 ; On                 ;
; Remove Redundant Logic Cells                                                    ; Off                ; Off                ;
; Remove Duplicate Registers                                                      ; On                 ; On                 ;
; Ignore CARRY Buffers                                                            ; Off                ; Off                ;
; Ignore CASCADE Buffers                                                          ; Off                ; Off                ;
; Ignore GLOBAL Buffers                                                           ; Off                ; Off                ;
; Ignore ROW GLOBAL Buffers                                                       ; Off                ; Off                ;
; Ignore LCELL Buffers                                                            ; Off                ; Off                ;
; Ignore SOFT Buffers                                                             ; On                 ; On                 ;
; Limit AHDL Integers to 32 Bits                                                  ; Off                ; Off                ;
; Optimization Technique                                                          ; Balanced           ; Balanced           ;
; Carry Chain Length                                                              ; 70                 ; 70                 ;
; Auto Carry Chains                                                               ; On                 ; On                 ;
; Auto Open-Drain Pins                                                            ; On                 ; On                 ;
; Perform WYSIWYG Primitive Resynthesis                                           ; Off                ; Off                ;
; Auto ROM Replacement                                                            ; On                 ; On                 ;
; Auto RAM Replacement                                                            ; On                 ; On                 ;
; Auto DSP Block Replacement                                                      ; On                 ; On                 ;
; Auto Shift Register Replacement                                                 ; Auto               ; Auto               ;
; Allow Shift Register Merging across Hierarchies                                 ; Auto               ; Auto               ;
; Auto Clock Enable Replacement                                                   ; On                 ; On                 ;
; Strict RAM Replacement                                                          ; Off                ; Off                ;
; Allow Synchronous Control Signals                                               ; On                 ; On                 ;
; Force Use of Synchronous Clear Signals                                          ; Off                ; Off                ;
; Auto Resource Sharing                                                           ; Off                ; Off                ;
; Allow Any RAM Size For Recognition                                              ; Off                ; Off                ;
; Allow Any ROM Size For Recognition                                              ; Off                ; Off                ;
; Allow Any Shift Register Size For Recognition                                   ; Off                ; Off                ;
; Use LogicLock Constraints during Resource Balancing                             ; On                 ; On                 ;
; Ignore translate_off and synthesis_off directives                               ; Off                ; Off                ;
; Timing-Driven Synthesis                                                         ; On                 ; On                 ;
; Report Parameter Settings                                                       ; On                 ; On                 ;
; Report Source Assignments                                                       ; On                 ; On                 ;
; Report Connectivity Checks                                                      ; On                 ; On                 ;
; Ignore Maximum Fan-Out Assignments                                              ; Off                ; Off                ;
; Synchronization Register Chain Length                                           ; 3                  ; 3                  ;
; PowerPlay Power Optimization During Synthesis                                   ; Normal compilation ; Normal compilation ;
; HDL message level                                                               ; Level2             ; Level2             ;
; Suppress Register Optimization Related Messages                                 ; Off                ; Off                ;
; Number of Removed Registers Reported in Synthesis Report                        ; 5000               ; 5000               ;
; Number of Swept Nodes Reported in Synthesis Report                              ; 5000               ; 5000               ;
; Number of Inverted Registers Reported in Synthesis Report                       ; 100                ; 100                ;
; Clock MUX Protection                                                            ; On                 ; On                 ;
; Auto Gated Clock Conversion                                                     ; Off                ; Off                ;
; Block Design Naming                                                             ; Auto               ; Auto               ;
; SDC constraint protection                                                       ; Off                ; Off                ;
; Synthesis Effort                                                                ; Auto               ; Auto               ;
; Shift Register Replacement - Allow Asynchronous Clear Signal                    ; On                 ; On                 ;
; Pre-Mapping Resynthesis Optimization                                            ; Off                ; Off                ;
; Analysis & Synthesis Message Level                                              ; Medium             ; Medium             ;
; Disable Register Merging Across Hierarchies                                     ; Auto               ; Auto               ;
; Resource Aware Inference For Block RAM                                          ; On                 ; On                 ;
; Synthesis Seed                                                                  ; 1                  ; 1                  ;
; Automatic Parallel Synthesis                                                    ; On                 ; On                 ;
; Partial Reconfiguration Bitstream ID                                            ; Off                ; Off                ;
+---------------------------------------------------------------------------------+--------------------+--------------------+


+------------------------------------------+
; Parallel Compilation                     ;
+----------------------------+-------------+
; Processors                 ; Number      ;
+----------------------------+-------------+
; Number detected on machine ; 4           ;
; Maximum allowed            ; 4           ;
;                            ;             ;
; Average used               ; 1.00        ;
; Maximum used               ; 2           ;
;                            ;             ;
; Usage by Processor         ; % Time Used ;
;     Processor 1            ; 100.0%      ;
;     Processor 2            ; < 0.1%      ;
;     Processors 3-4         ;   0.0%      ;
+----------------------------+-------------+


+-------------------------------------------------------------------------------------------------------------------------------------------------------------+
; Analysis & Synthesis Source Files Read                                                                                                                      ;
+----------------------------------+-----------------+------------------------+---------------------------------------------------------------------+---------+
; File Name with User-Entered Path ; Used in Netlist ; File Type              ; File Name with Absolute Path                                        ; Library ;
+----------------------------------+-----------------+------------------------+---------------------------------------------------------------------+---------+
; inputHandler.v                   ; yes             ; User Verilog HDL File  ; C:/Users/dennyly/Documents/GitHub/EE_371/Project_2/inputHandler.v   ;         ;
; limit_pressure.v                 ; yes             ; User Verilog HDL File  ; C:/Users/dennyly/Documents/GitHub/EE_371/Project_2/limit_pressure.v ;         ;
; interlock.v                      ; yes             ; User Verilog HDL File  ; C:/Users/dennyly/Documents/GitHub/EE_371/Project_2/interlock.v      ;         ;
; diff_pressure.v                  ; yes             ; User Verilog HDL File  ; C:/Users/dennyly/Documents/GitHub/EE_371/Project_2/diff_pressure.v  ;         ;
; DFlipFlop.v                      ; yes             ; User Verilog HDL File  ; C:/Users/dennyly/Documents/GitHub/EE_371/Project_2/DFlipFlop.v      ;         ;
; DE1_SoC.v                        ; yes             ; User Verilog HDL File  ; C:/Users/dennyly/Documents/GitHub/EE_371/Project_2/DE1_SoC.v        ;         ;
+----------------------------------+-----------------+------------------------+---------------------------------------------------------------------+---------+


+----------------------------------------------------------------------------------+
; Analysis & Synthesis Resource Usage Summary                                      ;
+---------------------------------------------+------------------------------------+
; Resource                                    ; Usage                              ;
+---------------------------------------------+------------------------------------+
; Estimate of Logic utilization (ALMs needed) ; 58                                 ;
;                                             ;                                    ;
; Combinational ALUT usage for logic          ; 107                                ;
;     -- 7 input functions                    ; 1                                  ;
;     -- 6 input functions                    ; 7                                  ;
;     -- 5 input functions                    ; 5                                  ;
;     -- 4 input functions                    ; 32                                 ;
;     -- <=3 input functions                  ; 62                                 ;
;                                             ;                                    ;
; Dedicated logic registers                   ; 39                                 ;
;                                             ;                                    ;
; I/O pins                                    ; 67                                 ;
;                                             ;                                    ;
; Total DSP Blocks                            ; 0                                  ;
;                                             ;                                    ;
; Maximum fan-out node                        ; interlock:i_lock|DFlipFlop:flip0|q ;
; Maximum fan-out                             ; 53                                 ;
; Total fan-out                               ; 569                                ;
; Average fan-out                             ; 2.03                               ;
+---------------------------------------------+------------------------------------+


+-----------------------------------------------------------------------------------------------------------------------------------------------------------------------------------------------------------------------------+
; Analysis & Synthesis Resource Utilization by Entity                                                                                                                                                                         ;
+--------------------------------+-------------------+--------------+-------------------+------------+------+--------------+-----------------------------------------------------------------------------------+--------------+
; Compilation Hierarchy Node     ; LC Combinationals ; LC Registers ; Block Memory Bits ; DSP Blocks ; Pins ; Virtual Pins ; Full Hierarchy Name                                                               ; Library Name ;
+--------------------------------+-------------------+--------------+-------------------+------------+------+--------------+-----------------------------------------------------------------------------------+--------------+
; |DE1_SoC                       ; 107 (11)          ; 39 (11)      ; 0                 ; 0          ; 67   ; 0            ; |DE1_SoC                                                                          ; work         ;
;    |DFlipFlop:time_flip|       ; 1 (1)             ; 1 (1)        ; 0                 ; 0          ; 0    ; 0            ; |DE1_SoC|DFlipFlop:time_flip                                                      ; work         ;
;    |interlock:i_lock|          ; 95 (81)           ; 27 (17)      ; 0                 ; 0          ; 0    ; 0            ; |DE1_SoC|interlock:i_lock                                                         ; work         ;
;       |DFlipFlop:flip0|        ; 0 (0)             ; 1 (1)        ; 0                 ; 0          ; 0    ; 0            ; |DE1_SoC|interlock:i_lock|DFlipFlop:flip0                                         ; work         ;
;       |DFlipFlop:flip1|        ; 0 (0)             ; 1 (1)        ; 0                 ; 0          ; 0    ; 0            ; |DE1_SoC|interlock:i_lock|DFlipFlop:flip1                                         ; work         ;
;       |DFlipFlop:flip2|        ; 0 (0)             ; 1 (1)        ; 0                 ; 0          ; 0    ; 0            ; |DE1_SoC|interlock:i_lock|DFlipFlop:flip2                                         ; work         ;
;       |DFlipFlop:flip3|        ; 0 (0)             ; 1 (1)        ; 0                 ; 0          ; 0    ; 0            ; |DE1_SoC|interlock:i_lock|DFlipFlop:flip3                                         ; work         ;
;       |diff_pressure:diff0|    ; 7 (0)             ; 3 (0)        ; 0                 ; 0          ; 0    ; 0            ; |DE1_SoC|interlock:i_lock|diff_pressure:diff0                                     ; work         ;
;          |DFlipFlop:flip0|     ; 1 (1)             ; 1 (1)        ; 0                 ; 0          ; 0    ; 0            ; |DE1_SoC|interlock:i_lock|diff_pressure:diff0|DFlipFlop:flip0                     ; work         ;
;          |inputHandler:inputH| ; 6 (6)             ; 2 (0)        ; 0                 ; 0          ; 0    ; 0            ; |DE1_SoC|interlock:i_lock|diff_pressure:diff0|inputHandler:inputH                 ; work         ;
;             |DFlipFlop:lsb|    ; 0 (0)             ; 1 (1)        ; 0                 ; 0          ; 0    ; 0            ; |DE1_SoC|interlock:i_lock|diff_pressure:diff0|inputHandler:inputH|DFlipFlop:lsb   ; work         ;
;             |DFlipFlop:msb|    ; 0 (0)             ; 1 (1)        ; 0                 ; 0          ; 0    ; 0            ; |DE1_SoC|interlock:i_lock|diff_pressure:diff0|inputHandler:inputH|DFlipFlop:msb   ; work         ;
;       |limit_pressure:limit0|  ; 7 (0)             ; 3 (0)        ; 0                 ; 0          ; 0    ; 0            ; |DE1_SoC|interlock:i_lock|limit_pressure:limit0                                   ; work         ;
;          |DFlipFlop:flip0|     ; 1 (1)             ; 1 (1)        ; 0                 ; 0          ; 0    ; 0            ; |DE1_SoC|interlock:i_lock|limit_pressure:limit0|DFlipFlop:flip0                   ; work         ;
;          |inputHandler:inputL| ; 6 (6)             ; 2 (0)        ; 0                 ; 0          ; 0    ; 0            ; |DE1_SoC|interlock:i_lock|limit_pressure:limit0|inputHandler:inputL               ; work         ;
;             |DFlipFlop:lsb|    ; 0 (0)             ; 1 (1)        ; 0                 ; 0          ; 0    ; 0            ; |DE1_SoC|interlock:i_lock|limit_pressure:limit0|inputHandler:inputL|DFlipFlop:lsb ; work         ;
;             |DFlipFlop:msb|    ; 0 (0)             ; 1 (1)        ; 0                 ; 0          ; 0    ; 0            ; |DE1_SoC|interlock:i_lock|limit_pressure:limit0|inputHandler:inputL|DFlipFlop:msb ; work         ;
+--------------------------------+-------------------+--------------+-------------------+------------+------+--------------+-----------------------------------------------------------------------------------+--------------+
Note: For table entries with two numbers listed, the numbers in parentheses indicate the number of resources of the given type used by the specific entity alone. The numbers listed outside of parentheses indicate the total resources of the given type used by the specific entity and all of its sub-entities in the hierarchy.


+-------------------------------------------------------------------------------------------------------------------------------------------------------------+
; User-Specified and Inferred Latches                                                                                                                         ;
+------------------------------------------------------------------+-----------------------------------------------------------------+------------------------+
; Latch Name                                                       ; Latch Enable Signal                                             ; Free of Timing Hazards ;
+------------------------------------------------------------------+-----------------------------------------------------------------+------------------------+
; interlock:i_lock|LED[0]                                          ; interlock:i_lock|Mux34                                          ; yes                    ;
; interlock:i_lock|LED[1]                                          ; interlock:i_lock|Mux7                                           ; yes                    ;
; interlock:i_lock|LED[2]                                          ; interlock:i_lock|Mux0                                           ; yes                    ;
; interlock:i_lock|LED[3]                                          ; interlock:i_lock|Mux66                                          ; yes                    ;
; interlock:i_lock|LED[4]                                          ; interlock:i_lock|Mux68                                          ; yes                    ;
; interlock:i_lock|diff_pressure:diff0|inputHandler:inputH|out     ; interlock:i_lock|diff_pressure:diff0|inputHandler:inputH|Mux1   ; yes                    ;
; interlock:i_lock|limit_pressure:limit0|inputHandler:inputL|out   ; interlock:i_lock|limit_pressure:limit0|inputHandler:inputL|Mux1 ; yes                    ;
; interlock:i_lock|diff_pressure:diff0|inputHandler:inputH|NS[0]   ; interlock:i_lock|diff_pressure:diff0|inputHandler:inputH|Mux1   ; yes                    ;
; interlock:i_lock|diff_pressure:diff0|inputHandler:inputH|NS[1]   ; interlock:i_lock|diff_pressure:diff0|inputHandler:inputH|Mux1   ; yes                    ;
; interlock:i_lock|limit_pressure:limit0|inputHandler:inputL|NS[0] ; interlock:i_lock|limit_pressure:limit0|inputHandler:inputL|Mux1 ; yes                    ;
; interlock:i_lock|limit_pressure:limit0|inputHandler:inputL|NS[1] ; interlock:i_lock|limit_pressure:limit0|inputHandler:inputL|Mux1 ; yes                    ;
; Number of user-specified and inferred latches = 11               ;                                                                 ;                        ;
+------------------------------------------------------------------+-----------------------------------------------------------------+------------------------+
Note: All latches listed above may not be present at the end of synthesis due to various synthesis optimizations.


+-------------------------------------------------------------+
; Registers Removed During Synthesis                          ;
+----------------------------------------+--------------------+
; Register name                          ; Reason for Removal ;
+----------------------------------------+--------------------+
; interlock:i_lock|count[17..26]         ; Lost fanout        ;
; tBase[11..26]                          ; Lost fanout        ;
; Total Number of Removed Registers = 26 ;                    ;
+----------------------------------------+--------------------+


+---------------------------------------------------------------------------------------------------------------------------------------+
; Removed Registers Triggering Further Register Optimizations                                                                           ;
+----------------------------+--------------------+-------------------------------------------------------------------------------------+
; Register name              ; Reason for Removal ; Registers Removed due to This Register                                              ;
+----------------------------+--------------------+-------------------------------------------------------------------------------------+
; interlock:i_lock|count[26] ; Lost Fanouts       ; interlock:i_lock|count[25], interlock:i_lock|count[24], interlock:i_lock|count[23], ;
;                            ;                    ; interlock:i_lock|count[22], interlock:i_lock|count[21], interlock:i_lock|count[20], ;
;                            ;                    ; interlock:i_lock|count[19], interlock:i_lock|count[18], interlock:i_lock|count[17]  ;
+----------------------------+--------------------+-------------------------------------------------------------------------------------+


+------------------------------------------------------+
; General Register Statistics                          ;
+----------------------------------------------+-------+
; Statistic                                    ; Value ;
+----------------------------------------------+-------+
; Total registers                              ; 39    ;
; Number of registers using Synchronous Clear  ; 17    ;
; Number of registers using Synchronous Load   ; 0     ;
; Number of registers using Asynchronous Clear ; 11    ;
; Number of registers using Asynchronous Load  ; 0     ;
; Number of registers using Clock Enable       ; 0     ;
; Number of registers using Preset             ; 0     ;
+----------------------------------------------+-------+


+---------------------------------------------------------------------------------------------------------------------------------------------------+
; Multiplexer Restructuring Statistics (Restructuring Performed)                                                                                    ;
+--------------------+-----------+---------------+----------------------+------------------------+------------+-------------------------------------+
; Multiplexer Inputs ; Bus Width ; Baseline Area ; Area if Restructured ; Saving if Restructured ; Registered ; Example Multiplexer Output          ;
+--------------------+-----------+---------------+----------------------+------------------------+------------+-------------------------------------+
; 16:1               ; 27 bits   ; 270 LEs       ; 0 LEs                ; 270 LEs                ; Yes        ; |DE1_SoC|interlock:i_lock|count[12] ;
+--------------------+-----------+---------------+----------------------+------------------------+------------+-------------------------------------+


+---------------------------------------------------------------+
; Parameter Settings for User Entity Instance: interlock:i_lock ;
+------------------+-------+------------------------------------+
; Parameter Name   ; Value ; Type                               ;
+------------------+-------+------------------------------------+
; TIME_DELAY       ; 16    ; Signed Integer                     ;
; BLINKS           ; 4     ; Signed Integer                     ;
; INIT             ; 0000  ; Unsigned Binary                    ;
; PREP             ; 0001  ; Unsigned Binary                    ;
; WAIT_FILL        ; 0010  ; Unsigned Binary                    ;
; FILLING          ; 0011  ; Unsigned Binary                    ;
; WAIT_IPORT_OPEN  ; 0100  ; Unsigned Binary                    ;
; WAIT_OPORT_OPEN  ; 0101  ; Unsigned Binary                    ;
; WAIT_DRAIN       ; 0110  ; Unsigned Binary                    ;
; DRAINING         ; 0111  ; Unsigned Binary                    ;
; WAIT_IPORT_CLOSE ; 1000  ; Unsigned Binary                    ;
; WAIT_OPORT_CLOSE ; 1001  ; Unsigned Binary                    ;
; WAIT_USER        ; 1010  ; Unsigned Binary                    ;
; ERROR            ; 1011  ; Unsigned Binary                    ;
+------------------+-------+------------------------------------+
Note: In order to hide this table in the UI and the text report file, please set the "Show Parameter Settings in Synthesis Report" option in "Analysis and Synthesis Settings -> More Settings" to "Off".


+-----------------------------------------------------------------------------------+
; Parameter Settings for User Entity Instance: interlock:i_lock|diff_pressure:diff0 ;
+----------------+-------+----------------------------------------------------------+
; Parameter Name ; Value ; Type                                                     ;
+----------------+-------+----------------------------------------------------------+
; UNDER          ; 0     ; Unsigned Binary                                          ;
; OVER           ; 1     ; Unsigned Binary                                          ;
+----------------+-------+----------------------------------------------------------+
Note: In order to hide this table in the UI and the text report file, please set the "Show Parameter Settings in Synthesis Report" option in "Analysis and Synthesis Settings -> More Settings" to "Off".


+-------------------------------------------------------------------------------------------------------+
; Parameter Settings for User Entity Instance: interlock:i_lock|diff_pressure:diff0|inputHandler:inputH ;
+----------------+-------+------------------------------------------------------------------------------+
; Parameter Name ; Value ; Type                                                                         ;
+----------------+-------+------------------------------------------------------------------------------+
; A              ; 00    ; Unsigned Binary                                                              ;
; B              ; 01    ; Unsigned Binary                                                              ;
; C              ; 10    ; Unsigned Binary                                                              ;
+----------------+-------+------------------------------------------------------------------------------+
Note: In order to hide this table in the UI and the text report file, please set the "Show Parameter Settings in Synthesis Report" option in "Analysis and Synthesis Settings -> More Settings" to "Off".


+-------------------------------------------------------------------------------------+
; Parameter Settings for User Entity Instance: interlock:i_lock|limit_pressure:limit0 ;
+----------------+-------+------------------------------------------------------------+
; Parameter Name ; Value ; Type                                                       ;
+----------------+-------+------------------------------------------------------------+
; WITHIN         ; 0     ; Unsigned Binary                                            ;
; BEYOND         ; 1     ; Unsigned Binary                                            ;
+----------------+-------+------------------------------------------------------------+
Note: In order to hide this table in the UI and the text report file, please set the "Show Parameter Settings in Synthesis Report" option in "Analysis and Synthesis Settings -> More Settings" to "Off".


+---------------------------------------------------------------------------------------------------------+
; Parameter Settings for User Entity Instance: interlock:i_lock|limit_pressure:limit0|inputHandler:inputL ;
+----------------+-------+--------------------------------------------------------------------------------+
; Parameter Name ; Value ; Type                                                                           ;
+----------------+-------+--------------------------------------------------------------------------------+
; A              ; 00    ; Unsigned Binary                                                                ;
; B              ; 01    ; Unsigned Binary                                                                ;
; C              ; 10    ; Unsigned Binary                                                                ;
+----------------+-------+--------------------------------------------------------------------------------+
Note: In order to hide this table in the UI and the text report file, please set the "Show Parameter Settings in Synthesis Report" option in "Analysis and Synthesis Settings -> More Settings" to "Off".


+--------------------------------------------------------------+
; Port Connectivity Checks: "interlock:i_lock|DFlipFlop:flip3" ;
+------+--------+----------+-----------------------------------+
; Port ; Type   ; Severity ; Details                           ;
+------+--------+----------+-----------------------------------+
; qBar ; Output ; Info     ; Explicitly unconnected            ;
+------+--------+----------+-----------------------------------+


+--------------------------------------------------------------+
; Port Connectivity Checks: "interlock:i_lock|DFlipFlop:flip2" ;
+------+--------+----------+-----------------------------------+
; Port ; Type   ; Severity ; Details                           ;
+------+--------+----------+-----------------------------------+
; qBar ; Output ; Info     ; Explicitly unconnected            ;
+------+--------+----------+-----------------------------------+


+--------------------------------------------------------------+
; Port Connectivity Checks: "interlock:i_lock|DFlipFlop:flip1" ;
+------+--------+----------+-----------------------------------+
; Port ; Type   ; Severity ; Details                           ;
+------+--------+----------+-----------------------------------+
; qBar ; Output ; Info     ; Explicitly unconnected            ;
+------+--------+----------+-----------------------------------+


+--------------------------------------------------------------+
; Port Connectivity Checks: "interlock:i_lock|DFlipFlop:flip0" ;
+------+--------+----------+-----------------------------------+
; Port ; Type   ; Severity ; Details                           ;
+------+--------+----------+-----------------------------------+
; qBar ; Output ; Info     ; Explicitly unconnected            ;
+------+--------+----------+-----------------------------------+


+------------------------------------------------------------------------------------+
; Port Connectivity Checks: "interlock:i_lock|limit_pressure:limit0|DFlipFlop:flip0" ;
+------+--------+----------+---------------------------------------------------------+
; Port ; Type   ; Severity ; Details                                                 ;
+------+--------+----------+---------------------------------------------------------+
; qBar ; Output ; Info     ; Explicitly unconnected                                  ;
+------+--------+----------+---------------------------------------------------------+


+----------------------------------------------------------------------------------+
; Port Connectivity Checks: "interlock:i_lock|diff_pressure:diff0|DFlipFlop:flip0" ;
+------+--------+----------+-------------------------------------------------------+
; Port ; Type   ; Severity ; Details                                               ;
+------+--------+----------+-------------------------------------------------------+
; qBar ; Output ; Info     ; Explicitly unconnected                                ;
+------+--------+----------+-------------------------------------------------------+


+----------------------------------------------------------------------------------------------------+
; Port Connectivity Checks: "interlock:i_lock|diff_pressure:diff0|inputHandler:inputH|DFlipFlop:lsb" ;
+------+--------+----------+-------------------------------------------------------------------------+
; Port ; Type   ; Severity ; Details                                                                 ;
+------+--------+----------+-------------------------------------------------------------------------+
; qBar ; Output ; Info     ; Explicitly unconnected                                                  ;
+------+--------+----------+-------------------------------------------------------------------------+


+----------------------------------------------------------------------------------------------------+
; Port Connectivity Checks: "interlock:i_lock|diff_pressure:diff0|inputHandler:inputH|DFlipFlop:msb" ;
+------+--------+----------+-------------------------------------------------------------------------+
; Port ; Type   ; Severity ; Details                                                                 ;
+------+--------+----------+-------------------------------------------------------------------------+
; qBar ; Output ; Info     ; Explicitly unconnected                                                  ;
+------+--------+----------+-------------------------------------------------------------------------+


+-----------------------------------------------------+
; Post-Synthesis Netlist Statistics for Top Partition ;
+-----------------------+-----------------------------+
; Type                  ; Count                       ;
+-----------------------+-----------------------------+
; arriav_ff             ; 39                          ;
;     CLR               ; 11                          ;
;     SCLR              ; 17                          ;
;     plain             ; 11                          ;
; arriav_lcell_comb     ; 123                         ;
;     arith             ; 27                          ;
;         1 data inputs ; 26                          ;
;         2 data inputs ; 1                           ;
;     extend            ; 1                           ;
;         7 data inputs ; 1                           ;
;     normal            ; 95                          ;
;         0 data inputs ; 2                           ;
;         1 data inputs ; 16                          ;
;         2 data inputs ; 7                           ;
;         3 data inputs ; 26                          ;
;         4 data inputs ; 32                          ;
;         5 data inputs ; 5                           ;
;         6 data inputs ; 7                           ;
; boundary_port         ; 67                          ;
;                       ;                             ;
; Max LUT depth         ; 3.00                        ;
; Average LUT depth     ; 1.83                        ;
+-----------------------+-----------------------------+


+-------------------------------+
; Elapsed Time Per Partition    ;
+----------------+--------------+
; Partition Name ; Elapsed Time ;
+----------------+--------------+
; Top            ; 00:00:00     ;
+----------------+--------------+


+-------------------------------+
; Analysis & Synthesis Messages ;
+-------------------------------+
Info: *******************************************************************
Info: Running Quartus II 64-Bit Analysis & Synthesis
    Info: Version 14.1.0 Build 186 12/03/2014 SJ Full Version
    Info: Processing started: Mon Jan 25 18:37:02 2016
Info: Command: quartus_map --read_settings_files=on --write_settings_files=off interlockSystem -c interlockSystem
Info (20030): Parallel compilation is enabled and will use 4 of the 4 processors detected
Info (12021): Found 1 design units, including 1 entities, in source file inputhandler.v
    Info (12023): Found entity 1: inputHandler
Info (12021): Found 1 design units, including 1 entities, in source file limit_pressure.v
    Info (12023): Found entity 1: limit_pressure
Info (12021): Found 3 design units, including 3 entities, in source file interlock.v
    Info (12023): Found entity 1: interlock
    Info (12023): Found entity 2: interlock_testBench
    Info (12023): Found entity 3: interlock_tester
Info (12021): Found 1 design units, including 1 entities, in source file diff_pressure.v
    Info (12023): Found entity 1: diff_pressure
Info (12021): Found 1 design units, including 1 entities, in source file dflipflop.v
    Info (12023): Found entity 1: DFlipFlop
Info (12021): Found 1 design units, including 1 entities, in source file de1_soc.v
    Info (12023): Found entity 1: DE1_SoC
Info (12127): Elaborating entity "DE1_SoC" for the top level hierarchy
Info (12128): Elaborating entity "DFlipFlop" for hierarchy "DFlipFlop:time_flip"
Info (12128): Elaborating entity "interlock" for hierarchy "interlock:i_lock"
Warning (10240): Verilog HDL Always Construct warning at interlock.v(309): inferring latch(es) for variable "LED", which holds its previous value in one or more paths through the always construct
Info (10041): Inferred latch for "LED[0]" at interlock.v(309)
Info (10041): Inferred latch for "LED[1]" at interlock.v(309)
Info (10041): Inferred latch for "LED[2]" at interlock.v(309)
Info (10041): Inferred latch for "LED[3]" at interlock.v(309)
Info (10041): Inferred latch for "LED[4]" at interlock.v(309)
Info (10041): Inferred latch for "LED[5]" at interlock.v(309)
Info (10041): Inferred latch for "LED[6]" at interlock.v(309)
Info (10041): Inferred latch for "LED[7]" at interlock.v(309)
Info (12128): Elaborating entity "diff_pressure" for hierarchy "interlock:i_lock|diff_pressure:diff0"
Warning (10235): Verilog HDL Always Construct warning at diff_pressure.v(13): variable "PS" is read inside the Always Construct but isn't in the Always Construct's Event Control
Warning (10235): Verilog HDL Always Construct warning at diff_pressure.v(17): variable "SW" is read inside the Always Construct but isn't in the Always Construct's Event Control
Warning (10235): Verilog HDL Always Construct warning at diff_pressure.v(18): variable "PS" is read inside the Always Construct but isn't in the Always Construct's Event Control
Warning (10235): Verilog HDL Always Construct warning at diff_pressure.v(23): variable "SW" is read inside the Always Construct but isn't in the Always Construct's Event Control
Warning (10235): Verilog HDL Always Construct warning at diff_pressure.v(24): variable "PS" is read inside the Always Construct but isn't in the Always Construct's Event Control
Info (12128): Elaborating entity "inputHandler" for hierarchy "interlock:i_lock|diff_pressure:diff0|inputHandler:inputH"
Warning (10270): Verilog HDL Case Statement warning at inputHandler.v(23): incomplete case statement has no default case item
Warning (10240): Verilog HDL Always Construct warning at inputHandler.v(22): inferring latch(es) for variable "NS", which holds its previous value in one or more paths through the always construct
Warning (10270): Verilog HDL Case Statement warning at inputHandler.v(35): incomplete case statement has no default case item
Warning (10240): Verilog HDL Always Construct warning at inputHandler.v(34): inferring latch(es) for variable "out", which holds its previous value in one or more paths through the always construct
Info (10041): Inferred latch for "out" at inputHandler.v(34)
Info (10041): Inferred latch for "NS[0]" at inputHandler.v(22)
Info (10041): Inferred latch for "NS[1]" at inputHandler.v(22)
Info (12128): Elaborating entity "limit_pressure" for hierarchy "interlock:i_lock|limit_pressure:limit0"
Warning (10235): Verilog HDL Always Construct warning at limit_pressure.v(13): variable "PS" is read inside the Always Construct but isn't in the Always Construct's Event Control
Warning (10235): Verilog HDL Always Construct warning at limit_pressure.v(17): variable "SW" is read inside the Always Construct but isn't in the Always Construct's Event Control
Warning (10235): Verilog HDL Always Construct warning at limit_pressure.v(18): variable "PS" is read inside the Always Construct but isn't in the Always Construct's Event Control
Warning (10235): Verilog HDL Always Construct warning at limit_pressure.v(23): variable "SW" is read inside the Always Construct but isn't in the Always Construct's Event Control
Warning (10235): Verilog HDL Always Construct warning at limit_pressure.v(24): variable "PS" is read inside the Always Construct but isn't in the Always Construct's Event Control
Warning (13012): Latch interlock:i_lock|LED[0] has unsafe behavior
    Warning (13013): Ports D and ENA on the latch are fed by the same signal interlock:i_lock|DFlipFlop:flip0|q
Warning (13012): Latch interlock:i_lock|LED[1] has unsafe behavior
    Warning (13013): Ports D and ENA on the latch are fed by the same signal interlock:i_lock|DFlipFlop:flip0|q
Warning (13012): Latch interlock:i_lock|LED[2] has unsafe behavior
    Warning (13013): Ports D and ENA on the latch are fed by the same signal interlock:i_lock|DFlipFlop:flip0|q
Warning (13012): Latch interlock:i_lock|LED[3] has unsafe behavior
    Warning (13013): Ports D and ENA on the latch are fed by the same signal interlock:i_lock|DFlipFlop:flip0|q
Warning (13012): Latch interlock:i_lock|LED[4] has unsafe behavior
    Warning (13013): Ports D and ENA on the latch are fed by the same signal interlock:i_lock|DFlipFlop:flip0|q
Warning (13012): Latch interlock:i_lock|diff_pressure:diff0|inputHandler:inputH|out has unsafe behavior
    Warning (13013): Ports D and ENA on the latch are fed by the same signal interlock:i_lock|diff_pressure:diff0|inputHandler:inputH|DFlipFlop:msb|q
Warning (13012): Latch interlock:i_lock|limit_pressure:limit0|inputHandler:inputL|out has unsafe behavior
    Warning (13013): Ports D and ENA on the latch are fed by the same signal interlock:i_lock|limit_pressure:limit0|inputHandler:inputL|DFlipFlop:msb|q
Warning (13012): Latch interlock:i_lock|diff_pressure:diff0|inputHandler:inputH|NS[0] has unsafe behavior
    Warning (13013): Ports D and ENA on the latch are fed by the same signal interlock:i_lock|diff_pressure:diff0|inputHandler:inputH|DFlipFlop:msb|q
Warning (13012): Latch interlock:i_lock|diff_pressure:diff0|inputHandler:inputH|NS[1] has unsafe behavior
    Warning (13013): Ports D and ENA on the latch are fed by the same signal interlock:i_lock|diff_pressure:diff0|inputHandler:inputH|DFlipFlop:msb|q
Warning (13012): Latch interlock:i_lock|limit_pressure:limit0|inputHandler:inputL|NS[0] has unsafe behavior
    Warning (13013): Ports D and ENA on the latch are fed by the same signal interlock:i_lock|limit_pressure:limit0|inputHandler:inputL|DFlipFlop:msb|q
Warning (13012): Latch interlock:i_lock|limit_pressure:limit0|inputHandler:inputL|NS[1] has unsafe behavior
    Warning (13013): Ports D and ENA on the latch are fed by the same signal interlock:i_lock|limit_pressure:limit0|inputHandler:inputL|DFlipFlop:msb|q
Warning (13024): Output pins are stuck at VCC or GND
    Warning (13410): Pin "HEX4[0]" is stuck at VCC
    Warning (13410): Pin "HEX4[1]" is stuck at VCC
    Warning (13410): Pin "LEDR[5]" is stuck at GND
    Warning (13410): Pin "LEDR[6]" is stuck at GND
    Warning (13410): Pin "LEDR[7]" is stuck at GND
Info (286030): Timing-Driven Synthesis is running
Info (17049): 26 registers lost all their fanouts during netlist optimizations.
Info (144001): Generated suppressed messages file C:/Users/dennyly/Documents/GitHub/EE_371/Project_2/output_files/interlockSystem.map.smsg
Info (16010): Generating hard_block partition "hard_block:auto_generated_inst"
    Info (16011): Adding 0 node(s), including 0 DDIO, 0 PLL, 0 transceiver and 0 LCELL
Warning (21074): Design contains 5 input pin(s) that do not drive logic
    Warning (15610): No output dependent on input pin "SW[5]"
    Warning (15610): No output dependent on input pin "SW[6]"
    Warning (15610): No output dependent on input pin "SW[7]"
    Warning (15610): No output dependent on input pin "SW[8]"
    Warning (15610): No output dependent on input pin "SW[9]"
Info (21057): Implemented 178 device resources after synthesis - the final resource count might be different
    Info (21058): Implemented 15 input pins
    Info (21059): Implemented 52 output pins
    Info (21061): Implemented 111 logic cells
Info: Quartus II 64-Bit Analysis & Synthesis was successful. 0 errors, 49 warnings
    Info: Peak virtual memory: 731 megabytes
    Info: Processing ended: Mon Jan 25 18:37:12 2016
    Info: Elapsed time: 00:00:10
    Info: Total CPU time (on all processors): 00:00:21


+------------------------------------------+
; Analysis & Synthesis Suppressed Messages ;
+------------------------------------------+
The suppressed messages can be found in C:/Users/dennyly/Documents/GitHub/EE_371/Project_2/output_files/interlockSystem.map.smsg.


