Flow report for attempt1
Fri Jan 08 17:06:16 2016
Quartus II 64-Bit Version 15.0.0 Build 145 04/22/2015 SJ Full Version


---------------------
; Table of Contents ;
---------------------
  1. Legal Notice
  2. Flow Summary
  3. Flow Settings
  4. Flow Non-Default Global Settings
  5. Flow Elapsed Time
  6. Flow OS Summary
  7. Flow Log
  8. Flow Messages
  9. Flow Suppressed Messages



----------------
; Legal Notice ;
----------------
Copyright (C) 1991-2015 Altera Corporation. All rights reserved.
Your use of Altera Corporation's design tools, logic functions 
and other software and tools, and its AMPP partner logic 
functions, and any output files from any of the foregoing 
(including device programming or simulation files), and any 
associated documentation or information are expressly subject 
to the terms and conditions of the Altera Program License 
Subscription Agreement, the Altera Quartus II License Agreement,
the Altera MegaCore Function License Agreement, or other 
applicable license agreement, including, without limitation, 
that your use is for the sole purpose of programming logic 
devices manufactured by Altera and sold by Altera or its 
authorized distributors.  Please refer to the applicable 
agreement for further details.



+-------------------------------------------------------------------------------+
; Flow Summary                                                                  ;
+---------------------------------+---------------------------------------------+
; Flow Status                     ; Successful - Fri Jan 08 17:06:16 2016       ;
; Quartus II 64-Bit Version       ; 15.0.0 Build 145 04/22/2015 SJ Full Version ;
; Revision Name                   ; attempt1                                    ;
; Top-level Entity Name           ; test                                        ;
; Family                          ; Cyclone V                                   ;
; Device                          ; 5CSEMA6F31C6                                ;
; Timing Models                   ; Final                                       ;
; Logic utilization (in ALMs)     ; 1 / 41,910 ( < 1 % )                        ;
; Total registers                 ; 0                                           ;
; Total pins                      ; 2 / 457 ( < 1 % )                           ;
; Total virtual pins              ; 0                                           ;
; Total block memory bits         ; 0 / 5,662,720 ( 0 % )                       ;
; Total DSP Blocks                ; 0 / 112 ( 0 % )                             ;
; Total HSSI RX PCSs              ; 0                                           ;
; Total HSSI PMA RX Deserializers ; 0                                           ;
; Total HSSI TX PCSs              ; 0                                           ;
; Total HSSI PMA TX Serializers   ; 0                                           ;
; Total PLLs                      ; 0 / 6 ( 0 % )                               ;
; Total DLLs                      ; 0 / 4 ( 0 % )                               ;
+---------------------------------+---------------------------------------------+


+-----------------------------------------+
; Flow Settings                           ;
+-------------------+---------------------+
; Option            ; Setting             ;
+-------------------+---------------------+
; Start date & time ; 01/08/2016 17:05:13 ;
; Main task         ; Compilation         ;
; Revision Name     ; attempt1            ;
+-------------------+---------------------+


+----------------------------------------------------------------------------------------------------------------------+
; Flow Non-Default Global Settings                                                                                     ;
+-------------------------------------+---------------------------------+---------------+-------------+----------------+
; Assignment Name                     ; Value                           ; Default Value ; Entity Name ; Section Id     ;
+-------------------------------------+---------------------------------+---------------+-------------+----------------+
; COMPILER_SIGNATURE_ID               ; 180546892623004.145230151302884 ; --            ; --          ; --             ;
; EDA_OUTPUT_DATA_FORMAT              ; Vhdl                            ; --            ; --          ; eda_simulation ;
; EDA_SIMULATION_TOOL                 ; ModelSim-Altera (VHDL)          ; <None>        ; --          ; --             ;
; MAX_CORE_JUNCTION_TEMP              ; 85                              ; --            ; --          ; --             ;
; MIN_CORE_JUNCTION_TEMP              ; 0                               ; --            ; --          ; --             ;
; PARTITION_COLOR                     ; 16764057                        ; --            ; test        ; Top            ;
; PARTITION_FITTER_PRESERVATION_LEVEL ; PLACEMENT_AND_ROUTING           ; --            ; test        ; Top            ;
; PARTITION_NETLIST_TYPE              ; SOURCE                          ; --            ; test        ; Top            ;
; PROJECT_OUTPUT_DIRECTORY            ; output_files                    ; --            ; --          ; --             ;
; TOP_LEVEL_ENTITY                    ; test                            ; attempt1      ; --          ; --             ;
+-------------------------------------+---------------------------------+---------------+-------------+----------------+


+-------------------------------------------------------------------------------------------------------------------------------+
; Flow Elapsed Time                                                                                                             ;
+---------------------------+--------------+-------------------------+---------------------+------------------------------------+
; Module Name               ; Elapsed Time ; Average Processors Used ; Peak Virtual Memory ; Total CPU Time (on all processors) ;
+---------------------------+--------------+-------------------------+---------------------+------------------------------------+
; Analysis & Synthesis      ; 00:00:10     ; 1.0                     ; 728 MB              ; 00:00:21                           ;
; Fitter                    ; 00:00:29     ; 1.6                     ; 2403 MB             ; 00:00:44                           ;
; Assembler                 ; 00:00:10     ; 1.0                     ; 757 MB              ; 00:00:10                           ;
; TimeQuest Timing Analyzer ; 00:00:05     ; 1.0                     ; 1060 MB             ; 00:00:05                           ;
; EDA Netlist Writer        ; 00:00:01     ; 1.0                     ; 665 MB              ; 00:00:01                           ;
; Total                     ; 00:00:55     ; --                      ; --                  ; 00:01:21                           ;
+---------------------------+--------------+-------------------------+---------------------+------------------------------------+


+----------------------------------------------------------------------------------------+
; Flow OS Summary                                                                        ;
+---------------------------+------------------+-----------+------------+----------------+
; Module Name               ; Machine Hostname ; OS Name   ; OS Version ; Processor type ;
+---------------------------+------------------+-----------+------------+----------------+
; Analysis & Synthesis      ; ee-361pc05       ; Windows 7 ; 6.2        ; x86_64         ;
; Fitter                    ; ee-361pc05       ; Windows 7 ; 6.2        ; x86_64         ;
; Assembler                 ; ee-361pc05       ; Windows 7 ; 6.2        ; x86_64         ;
; TimeQuest Timing Analyzer ; ee-361pc05       ; Windows 7 ; 6.2        ; x86_64         ;
; EDA Netlist Writer        ; ee-361pc05       ; Windows 7 ; 6.2        ; x86_64         ;
+---------------------------+------------------+-----------+------------+----------------+


------------
; Flow Log ;
------------
quartus_map --read_settings_files=on --write_settings_files=off attempt1 -c attempt1
quartus_fit --read_settings_files=off --write_settings_files=off attempt1 -c attempt1
quartus_asm --read_settings_files=off --write_settings_files=off attempt1 -c attempt1
quartus_sta attempt1 -c attempt1
quartus_eda --read_settings_files=off --write_settings_files=off attempt1 -c attempt1



