#! c:/iverilog-x86/bin/vvp
:ivl_version "10.0 (stable)" "(v10_0)";
:ivl_delay_selection "TYPICAL";
:vpi_time_precision + 0;
:vpi_module "system";
:vpi_module "vhdl_sys";
:vpi_module "v2005_math";
:vpi_module "va_math";
S_010133d0 .scope module, "limit_pressure_testBench" "limit_pressure_testBench" 2 46;
 .timescale 0 0;
v01010d40_0 .net "clk", 0 0, v01135678_0;  1 drivers
v01010be0_0 .net "key", 0 0, v01005fd0_0;  1 drivers
v01010d98_0 .net "limit", 0 0, v01010b88_0;  1 drivers
v01010b30_0 .net "reset", 0 0, v01134f68_0;  1 drivers
S_010134a0 .scope module, "aTest" "limit_pressure_tester" 2 55, 2 76 0, S_010133d0;
 .timescale 0 0;
    .port_info 0 /OUTPUT 1 "resetOut"
    .port_info 1 /OUTPUT 1 "clkOut"
    .port_info 2 /OUTPUT 1 "keyOut"
    .port_info 3 /INPUT 1 "limit"
P_010040b0 .param/l "DELAY" 0 2 83, +C4<00000000000000000000000000001010>;
v01135678_0 .var "clkOut", 0 0;
v01004330_0 .var/i "i", 31 0;
v01005fd0_0 .var "keyOut", 0 0;
v01002698_0 .net "limit", 0 0, v01010b88_0;  alias, 1 drivers
v01134f68_0 .var "resetOut", 0 0;
S_01134fc0 .scope module, "dut" "limit_pressure" 2 52, 2 3 0, S_010133d0;
 .timescale 0 0;
    .port_info 0 /OUTPUT 1 "limit"
    .port_info 1 /INPUT 1 "key"
    .port_info 2 /INPUT 1 "clk"
    .port_info 3 /INPUT 1 "reset"
P_0113d980 .param/l "BEYOND" 0 2 10, C4<1>;
P_0113d9a0 .param/l "WITHIN" 0 2 10, C4<0>;
v01010ea0_0 .var "NS", 0 0;
v01010978_0 .net "PS", 0 0, v01133b70_0;  1 drivers
v01010a80_0 .net "clk", 0 0, v01135678_0;  alias, 1 drivers
v01010df0_0 .net "key", 0 0, v01005fd0_0;  alias, 1 drivers
v01010b88_0 .var "limit", 0 0;
v01010e48_0 .net "reset", 0 0, v01134f68_0;  alias, 1 drivers
E_01003c00 .event edge, v01133b70_0;
E_01003c28 .event posedge, v01135678_0;
S_01133aa0 .scope module, "flip0" "DFlipFlop" 2 31, 3 12 0, S_01134fc0;
 .timescale 0 0;
    .port_info 0 /OUTPUT 1 "q"
    .port_info 1 /OUTPUT 1 "qBar"
    .port_info 2 /INPUT 1 "D"
    .port_info 3 /INPUT 1 "clk"
    .port_info 4 /INPUT 1 "rst"
L_0113daa0 .functor NOT 1, v01133b70_0, C4<0>, C4<0>, C4<0>;
v01135090_0 .net "D", 0 0, v01010ea0_0;  1 drivers
v011350e8_0 .net "clk", 0 0, v01135678_0;  alias, 1 drivers
v01133b70_0 .var "q", 0 0;
v01133bc8_0 .net "qBar", 0 0, L_0113daa0;  1 drivers
v01010f50_0 .net "rst", 0 0, v01134f68_0;  alias, 1 drivers
E_01003de0/0 .event negedge, v01134f68_0;
E_01003de0/1 .event posedge, v01135678_0;
E_01003de0 .event/or E_01003de0/0, E_01003de0/1;
    .scope S_01133aa0;
T_0 ;
    %wait E_01003de0;
    %load/vec4 v01010f50_0;
    %flag_set/vec4 8;
    %jmp/0xz  T_0.0, 8;
    %pushi/vec4 0, 0, 1;
    %assign/vec4 v01133b70_0, 0;
    %jmp T_0.1;
T_0.0 ;
    %load/vec4 v01135090_0;
    %store/vec4 v01133b70_0, 0, 1;
T_0.1 ;
    %jmp T_0;
    .thread T_0;
    .scope S_01134fc0;
T_1 ;
    %wait E_01003c28;
    %load/vec4 v01010978_0;
    %dup/vec4;
    %pushi/vec4 0, 0, 1;
    %cmp/u;
    %jmp/1 T_1.0, 6;
    %dup/vec4;
    %pushi/vec4 1, 0, 1;
    %cmp/u;
    %jmp/1 T_1.1, 6;
    %pushi/vec4 1, 1, 1;
    %store/vec4 v01010ea0_0, 0, 1;
    %jmp T_1.3;
T_1.0 ;
    %load/vec4 v01010df0_0;
    %flag_set/vec4 8;
    %jmp/0xz  T_1.4, 8;
    %pushi/vec4 1, 0, 1;
    %store/vec4 v01010ea0_0, 0, 1;
    %jmp T_1.5;
T_1.4 ;
    %pushi/vec4 0, 0, 1;
    %store/vec4 v01010ea0_0, 0, 1;
T_1.5 ;
    %jmp T_1.3;
T_1.1 ;
    %load/vec4 v01010df0_0;
    %flag_set/vec4 8;
    %jmp/0xz  T_1.6, 8;
    %pushi/vec4 0, 0, 1;
    %store/vec4 v01010ea0_0, 0, 1;
    %jmp T_1.7;
T_1.6 ;
    %pushi/vec4 1, 0, 1;
    %store/vec4 v01010ea0_0, 0, 1;
T_1.7 ;
    %jmp T_1.3;
T_1.3 ;
    %pop/vec4 1;
    %jmp T_1;
    .thread T_1;
    .scope S_01134fc0;
T_2 ;
    %wait E_01003c00;
    %load/vec4 v01010978_0;
    %store/vec4 v01010b88_0, 0, 1;
    %jmp T_2;
    .thread T_2, $push;
    .scope S_010134a0;
T_3 ;
    %vpi_call 2 88 "$display", "\011 resetOut \011 clkOut \011 keyOut \011 out " {0 0 0};
    %vpi_call 2 89 "$monitor", "\011 %b \011\011 %b \011\011 %b \011\011 %d", v01134f68_0, v01135678_0, v01005fd0_0, v01002698_0 {0 0 0};
    %end;
    .thread T_3;
    .scope S_010134a0;
T_4 ;
    %delay 10, 0;
    %pushi/vec4 1, 0, 1;
    %store/vec4 v01135678_0, 0, 1;
    %delay 10, 0;
    %pushi/vec4 0, 0, 1;
    %store/vec4 v01135678_0, 0, 1;
    %jmp T_4;
    .thread T_4;
    .scope S_010134a0;
T_5 ;
    %pushi/vec4 0, 0, 1;
    %store/vec4 v01135678_0, 0, 1;
    %pushi/vec4 1, 0, 1;
    %store/vec4 v01134f68_0, 0, 1;
    %delay 40, 0;
    %pushi/vec4 0, 0, 1;
    %store/vec4 v01134f68_0, 0, 1;
    %pushi/vec4 0, 0, 1;
    %store/vec4 v01005fd0_0, 0, 1;
    %delay 20, 0;
    %pushi/vec4 0, 0, 32;
    %store/vec4 v01004330_0, 0, 32;
T_5.0 ;
    %load/vec4 v01004330_0;
    %cmpi/s 4, 0, 32;
    %jmp/0xz T_5.1, 5;
    %pushi/vec4 0, 0, 1;
    %store/vec4 v01005fd0_0, 0, 1;
    %delay 10, 0;
    %delay 10, 0;
    %delay 10, 0;
    %delay 10, 0;
    %pushi/vec4 1, 0, 1;
    %store/vec4 v01005fd0_0, 0, 1;
    %delay 10, 0;
    %delay 10, 0;
    %delay 10, 0;
    %delay 10, 0;
    %load/vec4 v01004330_0;
    %addi 1, 0, 32;
    %store/vec4 v01004330_0, 0, 32;
    %jmp T_5.0;
T_5.1 ;
    %pushi/vec4 0, 0, 32;
    %store/vec4 v01004330_0, 0, 32;
T_5.2 ;
    %load/vec4 v01004330_0;
    %cmpi/s 4, 0, 32;
    %jmp/0xz T_5.3, 5;
    %pushi/vec4 1, 0, 1;
    %store/vec4 v01005fd0_0, 0, 1;
    %delay 10, 0;
    %delay 10, 0;
    %pushi/vec4 0, 0, 1;
    %store/vec4 v01005fd0_0, 0, 1;
    %delay 10, 0;
    %delay 10, 0;
    %load/vec4 v01004330_0;
    %addi 1, 0, 32;
    %store/vec4 v01004330_0, 0, 32;
    %jmp T_5.2;
T_5.3 ;
    %pushi/vec4 1, 0, 1;
    %store/vec4 v01134f68_0, 0, 1;
    %delay 40, 0;
    %pushi/vec4 0, 0, 32;
    %store/vec4 v01004330_0, 0, 32;
T_5.4 ;
    %load/vec4 v01004330_0;
    %cmpi/s 4, 0, 32;
    %jmp/0xz T_5.5, 5;
    %pushi/vec4 0, 0, 1;
    %store/vec4 v01005fd0_0, 0, 1;
    %delay 10, 0;
    %delay 10, 0;
    %pushi/vec4 1, 0, 1;
    %store/vec4 v01005fd0_0, 0, 1;
    %delay 10, 0;
    %delay 10, 0;
    %load/vec4 v01004330_0;
    %addi 1, 0, 32;
    %store/vec4 v01004330_0, 0, 32;
    %jmp T_5.4;
T_5.5 ;
    %pushi/vec4 0, 0, 1;
    %store/vec4 v01134f68_0, 0, 1;
    %delay 40, 0;
    %pushi/vec4 0, 0, 32;
    %store/vec4 v01004330_0, 0, 32;
T_5.6 ;
    %load/vec4 v01004330_0;
    %cmpi/s 4, 0, 32;
    %jmp/0xz T_5.7, 5;
    %pushi/vec4 0, 0, 1;
    %store/vec4 v01005fd0_0, 0, 1;
    %delay 10, 0;
    %delay 10, 0;
    %pushi/vec4 1, 0, 1;
    %store/vec4 v01005fd0_0, 0, 1;
    %delay 10, 0;
    %delay 10, 0;
    %load/vec4 v01004330_0;
    %addi 1, 0, 32;
    %store/vec4 v01004330_0, 0, 32;
    %jmp T_5.6;
T_5.7 ;
    %vpi_call 2 122 "$finish" {0 0 0};
    %end;
    .thread T_5;
    .scope S_010133d0;
T_6 ;
    %vpi_call 2 59 "$dumpfile", "____gtkwave____LIMIT_PRESSURE____.vcd" {0 0 0};
    %vpi_call 2 60 "$dumpvars", 32'sb00000000000000000000000000000001, S_01134fc0 {0 0 0};
    %end;
    .thread T_6;
# The file index is used to find the file name in the following table.
:file_names 4;
    "N/A";
    "<interactive>";
    "limit_pressure.v";
    "./DFlipFlop.v";
