#! /usr/bin/vvp
:ivl_version "10.0 (stable)";
:ivl_delay_selection "TYPICAL";
:vpi_time_precision + 0;
:vpi_module "system";
:vpi_module "vhdl_sys";
:vpi_module "v2005_math";
:vpi_module "va_math";
S_0x24c5a20 .scope module, "interlock_testBench" "interlock_testBench" 2 461;
 .timescale 0 0;
v0x250fd20_0 .net "HEX0", 6 0, v0x250d370_0;  1 drivers
v0x250fdc0_0 .net "HEX1", 6 0, v0x250d470_0;  1 drivers
v0x250fed0_0 .net "HEX2", 6 0, v0x250d550_0;  1 drivers
v0x250ffc0_0 .net "HEX3", 6 0, v0x250d610_0;  1 drivers
v0x25100d0_0 .net "HEX4", 6 0, v0x250d6f0_0;  1 drivers
v0x2510230_0 .net "HEX5", 6 0, v0x250d820_0;  1 drivers
v0x2510340_0 .net "LED", 9 0, v0x250d900_0;  1 drivers
v0x2510450_0 .net "arrive", 0 0, v0x250f310_0;  1 drivers
v0x2510540_0 .net "clock", 0 0, v0x250f3e0_0;  1 drivers
v0x250a4a0_0 .net "depart", 0 0, v0x250f510_0;  1 drivers
v0x2510880_0 .net "drain", 0 0, v0x250f5e0_0;  1 drivers
v0x2510920_0 .net "fill", 0 0, v0x250f6b0_0;  1 drivers
v0x2510a10_0 .net "iport", 0 0, v0x250f780_0;  1 drivers
v0x2510b00_0 .net "oport", 0 0, v0x250f850_0;  1 drivers
v0x2510bf0_0 .net "reset", 0 0, v0x250f8f0_0;  1 drivers
v0x250a790_0 .net "select", 0 0, v0x250f990_0;  1 drivers
v0x2510ea0_0 .net "testPressure", 0 0, v0x250fa30_0;  1 drivers
S_0x24c7750 .scope module, "dut" "interlock" 2 469, 2 6 0, S_0x24c5a20;
 .timescale 0 0;
    .port_info 0 /OUTPUT 10 "LED"
    .port_info 1 /OUTPUT 7 "HEX0"
    .port_info 2 /OUTPUT 7 "HEX1"
    .port_info 3 /OUTPUT 7 "HEX2"
    .port_info 4 /OUTPUT 7 "HEX3"
    .port_info 5 /OUTPUT 7 "HEX4"
    .port_info 6 /OUTPUT 7 "HEX5"
    .port_info 7 /INPUT 1 "arrive"
    .port_info 8 /INPUT 1 "depart"
    .port_info 9 /INPUT 1 "fill"
    .port_info 10 /INPUT 1 "drain"
    .port_info 11 /INPUT 1 "iport"
    .port_info 12 /INPUT 1 "oport"
    .port_info 13 /INPUT 1 "select"
    .port_info 14 /INPUT 1 "testPressure"
    .port_info 15 /INPUT 1 "reset"
    .port_info 16 /INPUT 1 "clock"
P_0x24792c0 .param/l "BLINKS" 0 2 27, +C4<00000000000000000000000000000101>;
P_0x2479300 .param/l "DRAINING" 0 2 33, C4<0111>;
P_0x2479340 .param/l "ERROR" 0 2 34, C4<1011>;
P_0x2479380 .param/l "FILLING" 0 2 32, C4<0011>;
P_0x24793c0 .param/l "INIT" 0 2 32, C4<0000>;
P_0x2479400 .param/l "PREP" 0 2 32, C4<0001>;
P_0x2479440 .param/l "TIME_DELAY" 0 2 26, +C4<00000000000000000000000000000101>;
P_0x2479480 .param/l "WAIT_DRAIN" 0 2 33, C4<0110>;
P_0x24794c0 .param/l "WAIT_FILL" 0 2 32, C4<0010>;
P_0x2479500 .param/l "WAIT_IPORT_CLOSE" 0 2 34, C4<1000>;
P_0x2479540 .param/l "WAIT_IPORT_OPEN" 0 2 33, C4<0100>;
P_0x2479580 .param/l "WAIT_OPORT_CLOSE" 0 2 34, C4<1001>;
P_0x24795c0 .param/l "WAIT_OPORT_OPEN" 0 2 33, C4<0101>;
P_0x2479600 .param/l "WAIT_USER" 0 2 34, C4<1010>;
L_0x25113e0 .functor NOT 1, v0x250f990_0, C4<0>, C4<0>, C4<0>;
v0x250d370_0 .var "HEX0", 6 0;
v0x250d470_0 .var "HEX1", 6 0;
v0x250d550_0 .var "HEX2", 6 0;
v0x250d610_0 .var "HEX3", 6 0;
v0x250d6f0_0 .var "HEX4", 6 0;
v0x250d820_0 .var "HEX5", 6 0;
v0x250d900_0 .var "LED", 9 0;
v0x250d9e0_0 .var "NS", 3 0;
v0x250dac0_0 .net "PS", 3 0, L_0x2511e70;  1 drivers
v0x250dc30_0 .net "arrive", 0 0, v0x250f310_0;  alias, 1 drivers
v0x250dcf0_0 .net "clock", 0 0, v0x250f3e0_0;  alias, 1 drivers
v0x250dd90_0 .var "count", 26 0;
v0x250de70_0 .net "depart", 0 0, v0x250f510_0;  alias, 1 drivers
v0x250df30_0 .net "diffError", 0 0, v0x2508820_0;  1 drivers
v0x250dfd0_0 .net "drain", 0 0, v0x250f5e0_0;  alias, 1 drivers
v0x250e070_0 .net "fill", 0 0, v0x250f6b0_0;  alias, 1 drivers
v0x250e110_0 .net "iport", 0 0, v0x250f780_0;  alias, 1 drivers
v0x250e2c0_0 .net "limitError", 0 0, v0x250d100_0;  1 drivers
v0x250e360_0 .net "oport", 0 0, v0x250f850_0;  alias, 1 drivers
v0x250e400_0 .net "reset", 0 0, v0x250f8f0_0;  alias, 1 drivers
v0x250e4a0_0 .net "select", 0 0, v0x250f990_0;  alias, 1 drivers
v0x250e540_0 .net "testPressure", 0 0, v0x250fa30_0;  alias, 1 drivers
E_0x24c7ad0 .event edge, v0x250d100_0, v0x2508820_0;
E_0x24c76f0 .event edge, v0x250dd90_0, v0x250dac0_0;
E_0x24c66b0 .event posedge, v0x2506770_0;
E_0x24c2680 .event edge, v0x250dac0_0;
E_0x24c22a0/0 .event edge, v0x2508820_0, v0x250d100_0, v0x250e360_0, v0x250e110_0;
E_0x24c22a0/1 .event edge, v0x250dfd0_0, v0x250e070_0, v0x250dd90_0, v0x250de70_0;
E_0x24c22a0/2 .event edge, v0x250dc30_0, v0x250dac0_0;
E_0x24c22a0 .event/or E_0x24c22a0/0, E_0x24c22a0/1, E_0x24c22a0/2;
L_0x2511970 .part v0x250d9e0_0, 0, 1;
L_0x2511b10 .part v0x250d9e0_0, 1, 1;
L_0x2511cd0 .part v0x250d9e0_0, 2, 1;
L_0x2511e70 .concat8 [ 1 1 1 1], v0x2508f70_0, v0x2509670_0, v0x2509d60_0, v0x250a5b0_0;
L_0x25120b0 .part v0x250d9e0_0, 3, 1;
S_0x24c2300 .scope module, "diff0" "diff_pressure" 2 440, 3 1 0, S_0x24c7750;
 .timescale 0 0;
    .port_info 0 /OUTPUT 1 "diff"
    .port_info 1 /INPUT 1 "key"
    .port_info 2 /INPUT 1 "SW"
    .port_info 3 /INPUT 1 "clk"
    .port_info 4 /INPUT 1 "reset"
P_0x2489d60 .param/l "OVER" 0 3 10, C4<1>;
P_0x2489da0 .param/l "UNDER" 0 3 10, C4<0>;
v0x25084c0_0 .var "NS", 0 0;
v0x2508580_0 .net "PS", 0 0, v0x2506830_0;  1 drivers
v0x2508620_0 .net "SW", 0 0, L_0x25113e0;  1 drivers
v0x25086f0_0 .net "clk", 0 0, v0x250f3e0_0;  alias, 1 drivers
v0x2508820_0 .var "diff", 0 0;
v0x25088c0_0 .net "key", 0 0, v0x250fa30_0;  alias, 1 drivers
v0x2508960_0 .net "reset", 0 0, v0x250f8f0_0;  alias, 1 drivers
v0x2508a90_0 .net "singleKey", 0 0, v0x2508290_0;  1 drivers
E_0x24c1260 .event edge, v0x2506830_0;
E_0x24bb8b0 .event edge, v0x25069c0_0, v0x2508290_0;
S_0x24ccb40 .scope module, "flip0" "DFlipFlop" 3 31, 4 12 0, S_0x24c2300;
 .timescale 0 0;
    .port_info 0 /OUTPUT 1 "q"
    .port_info 1 /OUTPUT 1 "qBar"
    .port_info 2 /INPUT 1 "D"
    .port_info 3 /INPUT 1 "clk"
    .port_info 4 /INPUT 1 "rst"
L_0x2511320 .functor NOT 1, v0x2506830_0, C4<0>, C4<0>, C4<0>;
v0x24c1f00_0 .net "D", 0 0, v0x25084c0_0;  1 drivers
v0x2506770_0 .net "clk", 0 0, v0x250f3e0_0;  alias, 1 drivers
v0x2506830_0 .var "q", 0 0;
v0x2506900_0 .net "qBar", 0 0, L_0x2511320;  1 drivers
v0x25069c0_0 .net "rst", 0 0, v0x250f8f0_0;  alias, 1 drivers
E_0x24cdf10 .event posedge, v0x2506770_0, v0x25069c0_0;
S_0x2506b70 .scope module, "inputH" "inputHandler" 3 8, 5 10 0, S_0x24c2300;
 .timescale 0 0;
    .port_info 0 /OUTPUT 1 "out"
    .port_info 1 /INPUT 1 "Clock"
    .port_info 2 /INPUT 1 "reset"
    .port_info 3 /INPUT 1 "button"
P_0x2506d60 .param/l "A" 0 5 17, C4<00>;
P_0x2506da0 .param/l "B" 0 5 17, C4<01>;
P_0x2506de0 .param/l "C" 0 5 17, C4<10>;
v0x2507f70_0 .net "Clock", 0 0, v0x250f3e0_0;  alias, 1 drivers
v0x2508030_0 .var "NS", 1 0;
v0x2508110_0 .net "PS", 1 0, L_0x25110f0;  1 drivers
v0x25081d0_0 .net "button", 0 0, v0x250fa30_0;  alias, 1 drivers
v0x2508290_0 .var "out", 0 0;
v0x25083a0_0 .net "reset", 0 0, v0x250f8f0_0;  alias, 1 drivers
E_0x2506ff0 .event edge, v0x2508110_0;
E_0x2507050 .event edge, v0x25081d0_0, v0x2508110_0;
L_0x2511050 .part v0x2508030_0, 0, 1;
L_0x25110f0 .concat8 [ 1 1 0 0], v0x2507c50_0, v0x2507520_0;
L_0x2511230 .part v0x2508030_0, 1, 1;
S_0x25070b0 .scope module, "lsb" "DFlipFlop" 5 45, 4 12 0, S_0x2506b70;
 .timescale 0 0;
    .port_info 0 /OUTPUT 1 "q"
    .port_info 1 /OUTPUT 1 "qBar"
    .port_info 2 /INPUT 1 "D"
    .port_info 3 /INPUT 1 "clk"
    .port_info 4 /INPUT 1 "rst"
L_0x25105e0 .functor NOT 1, v0x2507520_0, C4<0>, C4<0>, C4<0>;
v0x2507350_0 .net "D", 0 0, L_0x2511230;  1 drivers
v0x2507430_0 .net "clk", 0 0, v0x250f3e0_0;  alias, 1 drivers
v0x2507520_0 .var "q", 0 0;
v0x25075f0_0 .net "qBar", 0 0, L_0x25105e0;  1 drivers
v0x2507690_0 .net "rst", 0 0, v0x250f8f0_0;  alias, 1 drivers
S_0x2507810 .scope module, "msb" "DFlipFlop" 5 43, 4 12 0, S_0x2506b70;
 .timescale 0 0;
    .port_info 0 /OUTPUT 1 "q"
    .port_info 1 /OUTPUT 1 "qBar"
    .port_info 2 /INPUT 1 "D"
    .port_info 3 /INPUT 1 "clk"
    .port_info 4 /INPUT 1 "rst"
L_0x250a830 .functor NOT 1, v0x2507c50_0, C4<0>, C4<0>, C4<0>;
v0x2507a80_0 .net "D", 0 0, L_0x2511050;  1 drivers
v0x2507b40_0 .net "clk", 0 0, v0x250f3e0_0;  alias, 1 drivers
v0x2507c50_0 .var "q", 0 0;
v0x2507cf0_0 .net "qBar", 0 0, L_0x250a830;  1 drivers
v0x2507d90_0 .net "rst", 0 0, v0x250f8f0_0;  alias, 1 drivers
S_0x2508bd0 .scope module, "flip0" "DFlipFlop" 2 445, 4 12 0, S_0x24c7750;
 .timescale 0 0;
    .port_info 0 /OUTPUT 1 "q"
    .port_info 1 /OUTPUT 1 "qBar"
    .port_info 2 /INPUT 1 "D"
    .port_info 3 /INPUT 1 "clk"
    .port_info 4 /INPUT 1 "rst"
L_0x2511900 .functor NOT 1, v0x2508f70_0, C4<0>, C4<0>, C4<0>;
v0x2508df0_0 .net "D", 0 0, L_0x2511970;  1 drivers
v0x2508eb0_0 .net "clk", 0 0, v0x250f3e0_0;  alias, 1 drivers
v0x2508f70_0 .var "q", 0 0;
v0x2509040_0 .net "qBar", 0 0, L_0x2511900;  1 drivers
v0x25090e0_0 .net "rst", 0 0, v0x250f8f0_0;  alias, 1 drivers
S_0x2509270 .scope module, "flip1" "DFlipFlop" 2 446, 4 12 0, S_0x24c7750;
 .timescale 0 0;
    .port_info 0 /OUTPUT 1 "q"
    .port_info 1 /OUTPUT 1 "qBar"
    .port_info 2 /INPUT 1 "D"
    .port_info 3 /INPUT 1 "clk"
    .port_info 4 /INPUT 1 "rst"
L_0x2511a40 .functor NOT 1, v0x2509670_0, C4<0>, C4<0>, C4<0>;
v0x25094f0_0 .net "D", 0 0, L_0x2511b10;  1 drivers
v0x25095b0_0 .net "clk", 0 0, v0x250f3e0_0;  alias, 1 drivers
v0x2509670_0 .var "q", 0 0;
v0x2509740_0 .net "qBar", 0 0, L_0x2511a40;  1 drivers
v0x25097e0_0 .net "rst", 0 0, v0x250f8f0_0;  alias, 1 drivers
S_0x2509970 .scope module, "flip2" "DFlipFlop" 2 447, 4 12 0, S_0x24c7750;
 .timescale 0 0;
    .port_info 0 /OUTPUT 1 "q"
    .port_info 1 /OUTPUT 1 "qBar"
    .port_info 2 /INPUT 1 "D"
    .port_info 3 /INPUT 1 "clk"
    .port_info 4 /INPUT 1 "rst"
L_0x2511c30 .functor NOT 1, v0x2509d60_0, C4<0>, C4<0>, C4<0>;
v0x2509bc0_0 .net "D", 0 0, L_0x2511cd0;  1 drivers
v0x2509ca0_0 .net "clk", 0 0, v0x250f3e0_0;  alias, 1 drivers
v0x2509d60_0 .var "q", 0 0;
v0x2509e30_0 .net "qBar", 0 0, L_0x2511c30;  1 drivers
v0x2509ed0_0 .net "rst", 0 0, v0x250f8f0_0;  alias, 1 drivers
S_0x250a060 .scope module, "flip3" "DFlipFlop" 2 448, 4 12 0, S_0x24c7750;
 .timescale 0 0;
    .port_info 0 /OUTPUT 1 "q"
    .port_info 1 /OUTPUT 1 "qBar"
    .port_info 2 /INPUT 1 "D"
    .port_info 3 /INPUT 1 "clk"
    .port_info 4 /INPUT 1 "rst"
L_0x2511da0 .functor NOT 1, v0x250a5b0_0, C4<0>, C4<0>, C4<0>;
v0x250a300_0 .net "D", 0 0, L_0x25120b0;  1 drivers
v0x250a3e0_0 .net "clk", 0 0, v0x250f3e0_0;  alias, 1 drivers
v0x250a5b0_0 .var "q", 0 0;
v0x250a650_0 .net "qBar", 0 0, L_0x2511da0;  1 drivers
v0x250a6f0_0 .net "rst", 0 0, v0x250f8f0_0;  alias, 1 drivers
S_0x250a8a0 .scope module, "limit0" "limit_pressure" 2 441, 6 1 0, S_0x24c7750;
 .timescale 0 0;
    .port_info 0 /OUTPUT 1 "limit"
    .port_info 1 /INPUT 1 "key"
    .port_info 2 /INPUT 1 "SW"
    .port_info 3 /INPUT 1 "clk"
    .port_info 4 /INPUT 1 "reset"
P_0x250aa70 .param/l "BEYOND" 0 6 10, C4<1>;
P_0x250aab0 .param/l "WITHIN" 0 6 10, C4<0>;
v0x250cd40_0 .var "NS", 0 0;
v0x250ce00_0 .net "PS", 0 0, v0x250b150_0;  1 drivers
v0x250cea0_0 .net "SW", 0 0, v0x250f990_0;  alias, 1 drivers
v0x250cf70_0 .net "clk", 0 0, v0x250f3e0_0;  alias, 1 drivers
v0x250d010_0 .net "key", 0 0, v0x250fa30_0;  alias, 1 drivers
v0x250d100_0 .var "limit", 0 0;
v0x250d1a0_0 .net "reset", 0 0, v0x250f8f0_0;  alias, 1 drivers
v0x250d240_0 .net "singleKey", 0 0, v0x250cb10_0;  1 drivers
E_0x250ac80 .event edge, v0x250b150_0;
E_0x250ace0 .event edge, v0x25069c0_0, v0x250cb10_0;
S_0x250ad40 .scope module, "flip0" "DFlipFlop" 6 31, 4 12 0, S_0x250a8a0;
 .timescale 0 0;
    .port_info 0 /OUTPUT 1 "q"
    .port_info 1 /OUTPUT 1 "qBar"
    .port_info 2 /INPUT 1 "D"
    .port_info 3 /INPUT 1 "clk"
    .port_info 4 /INPUT 1 "rst"
L_0x2511840 .functor NOT 1, v0x250b150_0, C4<0>, C4<0>, C4<0>;
v0x250afb0_0 .net "D", 0 0, v0x250cd40_0;  1 drivers
v0x250b090_0 .net "clk", 0 0, v0x250f3e0_0;  alias, 1 drivers
v0x250b150_0 .var "q", 0 0;
v0x250b220_0 .net "qBar", 0 0, L_0x2511840;  1 drivers
v0x250b2c0_0 .net "rst", 0 0, v0x250f8f0_0;  alias, 1 drivers
S_0x250b450 .scope module, "inputL" "inputHandler" 6 8, 5 10 0, S_0x250a8a0;
 .timescale 0 0;
    .port_info 0 /OUTPUT 1 "out"
    .port_info 1 /INPUT 1 "Clock"
    .port_info 2 /INPUT 1 "reset"
    .port_info 3 /INPUT 1 "button"
P_0x250b640 .param/l "A" 0 5 17, C4<00>;
P_0x250b680 .param/l "B" 0 5 17, C4<01>;
P_0x250b6c0 .param/l "C" 0 5 17, C4<10>;
v0x250c7c0_0 .net "Clock", 0 0, v0x250f3e0_0;  alias, 1 drivers
v0x250c880_0 .var "NS", 1 0;
v0x250c960_0 .net "PS", 1 0, L_0x2511660;  1 drivers
v0x250ca20_0 .net "button", 0 0, v0x250fa30_0;  alias, 1 drivers
v0x250cb10_0 .var "out", 0 0;
v0x250cc20_0 .net "reset", 0 0, v0x250f8f0_0;  alias, 1 drivers
E_0x250b8d0 .event edge, v0x250c960_0;
E_0x250b930 .event edge, v0x25081d0_0, v0x250c960_0;
L_0x2511550 .part v0x250c880_0, 0, 1;
L_0x2511660 .concat8 [ 1 1 0 0], v0x250c4c0_0, v0x250bdd0_0;
L_0x2511750 .part v0x250c880_0, 1, 1;
S_0x250b990 .scope module, "lsb" "DFlipFlop" 5 45, 4 12 0, S_0x250b450;
 .timescale 0 0;
    .port_info 0 /OUTPUT 1 "q"
    .port_info 1 /OUTPUT 1 "qBar"
    .port_info 2 /INPUT 1 "D"
    .port_info 3 /INPUT 1 "clk"
    .port_info 4 /INPUT 1 "rst"
L_0x25115f0 .functor NOT 1, v0x250bdd0_0, C4<0>, C4<0>, C4<0>;
v0x250bc30_0 .net "D", 0 0, L_0x2511750;  1 drivers
v0x250bd10_0 .net "clk", 0 0, v0x250f3e0_0;  alias, 1 drivers
v0x250bdd0_0 .var "q", 0 0;
v0x250bea0_0 .net "qBar", 0 0, L_0x25115f0;  1 drivers
v0x250bf40_0 .net "rst", 0 0, v0x250f8f0_0;  alias, 1 drivers
S_0x250c0d0 .scope module, "msb" "DFlipFlop" 5 43, 4 12 0, S_0x250b450;
 .timescale 0 0;
    .port_info 0 /OUTPUT 1 "q"
    .port_info 1 /OUTPUT 1 "qBar"
    .port_info 2 /INPUT 1 "D"
    .port_info 3 /INPUT 1 "clk"
    .port_info 4 /INPUT 1 "rst"
L_0x25114e0 .functor NOT 1, v0x250c4c0_0, C4<0>, C4<0>, C4<0>;
v0x250c340_0 .net "D", 0 0, L_0x2511550;  1 drivers
v0x250c400_0 .net "clk", 0 0, v0x250f3e0_0;  alias, 1 drivers
v0x250c4c0_0 .var "q", 0 0;
v0x250c590_0 .net "qBar", 0 0, L_0x25114e0;  1 drivers
v0x250c630_0 .net "rst", 0 0, v0x250f8f0_0;  alias, 1 drivers
S_0x250e8e0 .scope module, "iTest" "interlock_tester" 2 473, 2 508 0, S_0x24c5a20;
 .timescale 0 0;
    .port_info 0 /INPUT 10 "LED"
    .port_info 1 /INPUT 7 "HEX0"
    .port_info 2 /INPUT 7 "HEX1"
    .port_info 3 /INPUT 7 "HEX2"
    .port_info 4 /INPUT 7 "HEX3"
    .port_info 5 /INPUT 7 "HEX4"
    .port_info 6 /INPUT 7 "HEX5"
    .port_info 7 /OUTPUT 1 "arrive"
    .port_info 8 /OUTPUT 1 "depart"
    .port_info 9 /OUTPUT 1 "fill"
    .port_info 10 /OUTPUT 1 "drain"
    .port_info 11 /OUTPUT 1 "iport"
    .port_info 12 /OUTPUT 1 "oport"
    .port_info 13 /OUTPUT 1 "select"
    .port_info 14 /OUTPUT 1 "testPressure"
    .port_info 15 /OUTPUT 1 "reset"
    .port_info 16 /OUTPUT 1 "clock"
P_0x24cdcb0 .param/l "DELAY" 0 2 516, +C4<00000000000000000000000000001010>;
v0x250ed10_0 .net "HEX0", 6 0, v0x250d370_0;  alias, 1 drivers
v0x250ede0_0 .net "HEX1", 6 0, v0x250d470_0;  alias, 1 drivers
v0x250eeb0_0 .net "HEX2", 6 0, v0x250d550_0;  alias, 1 drivers
v0x250efb0_0 .net "HEX3", 6 0, v0x250d610_0;  alias, 1 drivers
v0x250f080_0 .net "HEX4", 6 0, v0x250d6f0_0;  alias, 1 drivers
v0x250f170_0 .net "HEX5", 6 0, v0x250d820_0;  alias, 1 drivers
v0x250f240_0 .net "LED", 9 0, v0x250d900_0;  alias, 1 drivers
v0x250f310_0 .var "arrive", 0 0;
v0x250f3e0_0 .var "clock", 0 0;
v0x250f510_0 .var "depart", 0 0;
v0x250f5e0_0 .var "drain", 0 0;
v0x250f6b0_0 .var "fill", 0 0;
v0x250f780_0 .var "iport", 0 0;
v0x250f850_0 .var "oport", 0 0;
v0x250f8f0_0 .var "reset", 0 0;
v0x250f990_0 .var "select", 0 0;
v0x250fa30_0 .var "testPressure", 0 0;
    .scope S_0x2507810;
T_0 ;
    %wait E_0x24cdf10;
    %load/vec4 v0x2507d90_0;
    %flag_set/vec4 8;
    %jmp/0xz  T_0.0, 8;
    %pushi/vec4 0, 0, 1;
    %assign/vec4 v0x2507c50_0, 0;
    %jmp T_0.1;
T_0.0 ;
    %load/vec4 v0x2507a80_0;
    %store/vec4 v0x2507c50_0, 0, 1;
T_0.1 ;
    %jmp T_0;
    .thread T_0;
    .scope S_0x25070b0;
T_1 ;
    %wait E_0x24cdf10;
    %load/vec4 v0x2507690_0;
    %flag_set/vec4 8;
    %jmp/0xz  T_1.0, 8;
    %pushi/vec4 0, 0, 1;
    %assign/vec4 v0x2507520_0, 0;
    %jmp T_1.1;
T_1.0 ;
    %load/vec4 v0x2507350_0;
    %store/vec4 v0x2507520_0, 0, 1;
T_1.1 ;
    %jmp T_1;
    .thread T_1;
    .scope S_0x2506b70;
T_2 ;
    %wait E_0x2507050;
    %load/vec4 v0x2508110_0;
    %dup/vec4;
    %pushi/vec4 0, 0, 2;
    %cmp/u;
    %jmp/1 T_2.0, 6;
    %dup/vec4;
    %pushi/vec4 1, 0, 2;
    %cmp/u;
    %jmp/1 T_2.1, 6;
    %dup/vec4;
    %pushi/vec4 2, 0, 2;
    %cmp/u;
    %jmp/1 T_2.2, 6;
    %jmp T_2.3;
T_2.0 ;
    %load/vec4 v0x25081d0_0;
    %flag_set/vec4 8;
    %jmp/0xz  T_2.4, 8;
    %pushi/vec4 1, 0, 2;
    %store/vec4 v0x2508030_0, 0, 2;
    %jmp T_2.5;
T_2.4 ;
    %pushi/vec4 0, 0, 2;
    %store/vec4 v0x2508030_0, 0, 2;
T_2.5 ;
    %jmp T_2.3;
T_2.1 ;
    %load/vec4 v0x25081d0_0;
    %flag_set/vec4 8;
    %jmp/0xz  T_2.6, 8;
    %pushi/vec4 2, 0, 2;
    %store/vec4 v0x2508030_0, 0, 2;
    %jmp T_2.7;
T_2.6 ;
    %pushi/vec4 0, 0, 2;
    %store/vec4 v0x2508030_0, 0, 2;
T_2.7 ;
    %jmp T_2.3;
T_2.2 ;
    %load/vec4 v0x25081d0_0;
    %flag_set/vec4 8;
    %jmp/0xz  T_2.8, 8;
    %pushi/vec4 2, 0, 2;
    %store/vec4 v0x2508030_0, 0, 2;
    %jmp T_2.9;
T_2.8 ;
    %pushi/vec4 0, 0, 2;
    %store/vec4 v0x2508030_0, 0, 2;
T_2.9 ;
    %jmp T_2.3;
T_2.3 ;
    %pop/vec4 1;
    %jmp T_2;
    .thread T_2, $push;
    .scope S_0x2506b70;
T_3 ;
    %wait E_0x2506ff0;
    %load/vec4 v0x2508110_0;
    %dup/vec4;
    %pushi/vec4 0, 0, 2;
    %cmp/u;
    %jmp/1 T_3.0, 6;
    %dup/vec4;
    %pushi/vec4 1, 0, 2;
    %cmp/u;
    %jmp/1 T_3.1, 6;
    %dup/vec4;
    %pushi/vec4 2, 0, 2;
    %cmp/u;
    %jmp/1 T_3.2, 6;
    %jmp T_3.3;
T_3.0 ;
    %pushi/vec4 0, 0, 1;
    %store/vec4 v0x2508290_0, 0, 1;
    %jmp T_3.3;
T_3.1 ;
    %pushi/vec4 1, 0, 1;
    %store/vec4 v0x2508290_0, 0, 1;
    %jmp T_3.3;
T_3.2 ;
    %pushi/vec4 0, 0, 1;
    %store/vec4 v0x2508290_0, 0, 1;
    %jmp T_3.3;
T_3.3 ;
    %pop/vec4 1;
    %jmp T_3;
    .thread T_3, $push;
    .scope S_0x24ccb40;
T_4 ;
    %wait E_0x24cdf10;
    %load/vec4 v0x25069c0_0;
    %flag_set/vec4 8;
    %jmp/0xz  T_4.0, 8;
    %pushi/vec4 0, 0, 1;
    %assign/vec4 v0x2506830_0, 0;
    %jmp T_4.1;
T_4.0 ;
    %load/vec4 v0x24c1f00_0;
    %store/vec4 v0x2506830_0, 0, 1;
T_4.1 ;
    %jmp T_4;
    .thread T_4;
    .scope S_0x24c2300;
T_5 ;
    %wait E_0x24bb8b0;
    %load/vec4 v0x2508580_0;
    %dup/vec4;
    %pushi/vec4 0, 0, 1;
    %cmp/u;
    %jmp/1 T_5.0, 6;
    %dup/vec4;
    %pushi/vec4 1, 0, 1;
    %cmp/u;
    %jmp/1 T_5.1, 6;
    %pushi/vec4 1, 1, 1;
    %store/vec4 v0x25084c0_0, 0, 1;
    %jmp T_5.3;
T_5.0 ;
    %load/vec4 v0x2508a90_0;
    %load/vec4 v0x2508620_0;
    %and;
    %flag_set/vec4 8;
    %jmp/0xz  T_5.4, 8;
    %pushi/vec4 1, 0, 1;
    %store/vec4 v0x25084c0_0, 0, 1;
    %jmp T_5.5;
T_5.4 ;
    %load/vec4 v0x2508580_0;
    %store/vec4 v0x25084c0_0, 0, 1;
T_5.5 ;
    %jmp T_5.3;
T_5.1 ;
    %load/vec4 v0x2508a90_0;
    %load/vec4 v0x2508620_0;
    %and;
    %flag_set/vec4 8;
    %jmp/0xz  T_5.6, 8;
    %pushi/vec4 0, 0, 1;
    %store/vec4 v0x25084c0_0, 0, 1;
    %jmp T_5.7;
T_5.6 ;
    %load/vec4 v0x2508580_0;
    %store/vec4 v0x25084c0_0, 0, 1;
T_5.7 ;
    %jmp T_5.3;
T_5.3 ;
    %pop/vec4 1;
    %jmp T_5;
    .thread T_5, $push;
    .scope S_0x24c2300;
T_6 ;
    %wait E_0x24c1260;
    %load/vec4 v0x2508580_0;
    %store/vec4 v0x2508820_0, 0, 1;
    %jmp T_6;
    .thread T_6, $push;
    .scope S_0x250c0d0;
T_7 ;
    %wait E_0x24cdf10;
    %load/vec4 v0x250c630_0;
    %flag_set/vec4 8;
    %jmp/0xz  T_7.0, 8;
    %pushi/vec4 0, 0, 1;
    %assign/vec4 v0x250c4c0_0, 0;
    %jmp T_7.1;
T_7.0 ;
    %load/vec4 v0x250c340_0;
    %store/vec4 v0x250c4c0_0, 0, 1;
T_7.1 ;
    %jmp T_7;
    .thread T_7;
    .scope S_0x250b990;
T_8 ;
    %wait E_0x24cdf10;
    %load/vec4 v0x250bf40_0;
    %flag_set/vec4 8;
    %jmp/0xz  T_8.0, 8;
    %pushi/vec4 0, 0, 1;
    %assign/vec4 v0x250bdd0_0, 0;
    %jmp T_8.1;
T_8.0 ;
    %load/vec4 v0x250bc30_0;
    %store/vec4 v0x250bdd0_0, 0, 1;
T_8.1 ;
    %jmp T_8;
    .thread T_8;
    .scope S_0x250b450;
T_9 ;
    %wait E_0x250b930;
    %load/vec4 v0x250c960_0;
    %dup/vec4;
    %pushi/vec4 0, 0, 2;
    %cmp/u;
    %jmp/1 T_9.0, 6;
    %dup/vec4;
    %pushi/vec4 1, 0, 2;
    %cmp/u;
    %jmp/1 T_9.1, 6;
    %dup/vec4;
    %pushi/vec4 2, 0, 2;
    %cmp/u;
    %jmp/1 T_9.2, 6;
    %jmp T_9.3;
T_9.0 ;
    %load/vec4 v0x250ca20_0;
    %flag_set/vec4 8;
    %jmp/0xz  T_9.4, 8;
    %pushi/vec4 1, 0, 2;
    %store/vec4 v0x250c880_0, 0, 2;
    %jmp T_9.5;
T_9.4 ;
    %pushi/vec4 0, 0, 2;
    %store/vec4 v0x250c880_0, 0, 2;
T_9.5 ;
    %jmp T_9.3;
T_9.1 ;
    %load/vec4 v0x250ca20_0;
    %flag_set/vec4 8;
    %jmp/0xz  T_9.6, 8;
    %pushi/vec4 2, 0, 2;
    %store/vec4 v0x250c880_0, 0, 2;
    %jmp T_9.7;
T_9.6 ;
    %pushi/vec4 0, 0, 2;
    %store/vec4 v0x250c880_0, 0, 2;
T_9.7 ;
    %jmp T_9.3;
T_9.2 ;
    %load/vec4 v0x250ca20_0;
    %flag_set/vec4 8;
    %jmp/0xz  T_9.8, 8;
    %pushi/vec4 2, 0, 2;
    %store/vec4 v0x250c880_0, 0, 2;
    %jmp T_9.9;
T_9.8 ;
    %pushi/vec4 0, 0, 2;
    %store/vec4 v0x250c880_0, 0, 2;
T_9.9 ;
    %jmp T_9.3;
T_9.3 ;
    %pop/vec4 1;
    %jmp T_9;
    .thread T_9, $push;
    .scope S_0x250b450;
T_10 ;
    %wait E_0x250b8d0;
    %load/vec4 v0x250c960_0;
    %dup/vec4;
    %pushi/vec4 0, 0, 2;
    %cmp/u;
    %jmp/1 T_10.0, 6;
    %dup/vec4;
    %pushi/vec4 1, 0, 2;
    %cmp/u;
    %jmp/1 T_10.1, 6;
    %dup/vec4;
    %pushi/vec4 2, 0, 2;
    %cmp/u;
    %jmp/1 T_10.2, 6;
    %jmp T_10.3;
T_10.0 ;
    %pushi/vec4 0, 0, 1;
    %store/vec4 v0x250cb10_0, 0, 1;
    %jmp T_10.3;
T_10.1 ;
    %pushi/vec4 1, 0, 1;
    %store/vec4 v0x250cb10_0, 0, 1;
    %jmp T_10.3;
T_10.2 ;
    %pushi/vec4 0, 0, 1;
    %store/vec4 v0x250cb10_0, 0, 1;
    %jmp T_10.3;
T_10.3 ;
    %pop/vec4 1;
    %jmp T_10;
    .thread T_10, $push;
    .scope S_0x250ad40;
T_11 ;
    %wait E_0x24cdf10;
    %load/vec4 v0x250b2c0_0;
    %flag_set/vec4 8;
    %jmp/0xz  T_11.0, 8;
    %pushi/vec4 0, 0, 1;
    %assign/vec4 v0x250b150_0, 0;
    %jmp T_11.1;
T_11.0 ;
    %load/vec4 v0x250afb0_0;
    %store/vec4 v0x250b150_0, 0, 1;
T_11.1 ;
    %jmp T_11;
    .thread T_11;
    .scope S_0x250a8a0;
T_12 ;
    %wait E_0x250ace0;
    %load/vec4 v0x250ce00_0;
    %dup/vec4;
    %pushi/vec4 0, 0, 1;
    %cmp/u;
    %jmp/1 T_12.0, 6;
    %dup/vec4;
    %pushi/vec4 1, 0, 1;
    %cmp/u;
    %jmp/1 T_12.1, 6;
    %pushi/vec4 1, 1, 1;
    %store/vec4 v0x250cd40_0, 0, 1;
    %jmp T_12.3;
T_12.0 ;
    %load/vec4 v0x250d240_0;
    %load/vec4 v0x250cea0_0;
    %and;
    %flag_set/vec4 8;
    %jmp/0xz  T_12.4, 8;
    %pushi/vec4 1, 0, 1;
    %store/vec4 v0x250cd40_0, 0, 1;
    %jmp T_12.5;
T_12.4 ;
    %load/vec4 v0x250ce00_0;
    %store/vec4 v0x250cd40_0, 0, 1;
T_12.5 ;
    %jmp T_12.3;
T_12.1 ;
    %load/vec4 v0x250d240_0;
    %load/vec4 v0x250cea0_0;
    %and;
    %flag_set/vec4 8;
    %jmp/0xz  T_12.6, 8;
    %pushi/vec4 0, 0, 1;
    %store/vec4 v0x250cd40_0, 0, 1;
    %jmp T_12.7;
T_12.6 ;
    %load/vec4 v0x250ce00_0;
    %store/vec4 v0x250cd40_0, 0, 1;
T_12.7 ;
    %jmp T_12.3;
T_12.3 ;
    %pop/vec4 1;
    %jmp T_12;
    .thread T_12, $push;
    .scope S_0x250a8a0;
T_13 ;
    %wait E_0x250ac80;
    %load/vec4 v0x250ce00_0;
    %store/vec4 v0x250d100_0, 0, 1;
    %jmp T_13;
    .thread T_13, $push;
    .scope S_0x2508bd0;
T_14 ;
    %wait E_0x24cdf10;
    %load/vec4 v0x25090e0_0;
    %flag_set/vec4 8;
    %jmp/0xz  T_14.0, 8;
    %pushi/vec4 0, 0, 1;
    %assign/vec4 v0x2508f70_0, 0;
    %jmp T_14.1;
T_14.0 ;
    %load/vec4 v0x2508df0_0;
    %store/vec4 v0x2508f70_0, 0, 1;
T_14.1 ;
    %jmp T_14;
    .thread T_14;
    .scope S_0x2509270;
T_15 ;
    %wait E_0x24cdf10;
    %load/vec4 v0x25097e0_0;
    %flag_set/vec4 8;
    %jmp/0xz  T_15.0, 8;
    %pushi/vec4 0, 0, 1;
    %assign/vec4 v0x2509670_0, 0;
    %jmp T_15.1;
T_15.0 ;
    %load/vec4 v0x25094f0_0;
    %store/vec4 v0x2509670_0, 0, 1;
T_15.1 ;
    %jmp T_15;
    .thread T_15;
    .scope S_0x2509970;
T_16 ;
    %wait E_0x24cdf10;
    %load/vec4 v0x2509ed0_0;
    %flag_set/vec4 8;
    %jmp/0xz  T_16.0, 8;
    %pushi/vec4 0, 0, 1;
    %assign/vec4 v0x2509d60_0, 0;
    %jmp T_16.1;
T_16.0 ;
    %load/vec4 v0x2509bc0_0;
    %store/vec4 v0x2509d60_0, 0, 1;
T_16.1 ;
    %jmp T_16;
    .thread T_16;
    .scope S_0x250a060;
T_17 ;
    %wait E_0x24cdf10;
    %load/vec4 v0x250a6f0_0;
    %flag_set/vec4 8;
    %jmp/0xz  T_17.0, 8;
    %pushi/vec4 0, 0, 1;
    %assign/vec4 v0x250a5b0_0, 0;
    %jmp T_17.1;
T_17.0 ;
    %load/vec4 v0x250a300_0;
    %store/vec4 v0x250a5b0_0, 0, 1;
T_17.1 ;
    %jmp T_17;
    .thread T_17;
    .scope S_0x24c7750;
T_18 ;
    %wait E_0x24c22a0;
    %load/vec4 v0x250dac0_0;
    %dup/vec4;
    %pushi/vec4 0, 0, 4;
    %cmp/u;
    %jmp/1 T_18.0, 6;
    %dup/vec4;
    %pushi/vec4 10, 0, 4;
    %cmp/u;
    %jmp/1 T_18.1, 6;
    %dup/vec4;
    %pushi/vec4 1, 0, 4;
    %cmp/u;
    %jmp/1 T_18.2, 6;
    %dup/vec4;
    %pushi/vec4 2, 0, 4;
    %cmp/u;
    %jmp/1 T_18.3, 6;
    %dup/vec4;
    %pushi/vec4 3, 0, 4;
    %cmp/u;
    %jmp/1 T_18.4, 6;
    %dup/vec4;
    %pushi/vec4 5, 0, 4;
    %cmp/u;
    %jmp/1 T_18.5, 6;
    %dup/vec4;
    %pushi/vec4 9, 0, 4;
    %cmp/u;
    %jmp/1 T_18.6, 6;
    %dup/vec4;
    %pushi/vec4 6, 0, 4;
    %cmp/u;
    %jmp/1 T_18.7, 6;
    %dup/vec4;
    %pushi/vec4 7, 0, 4;
    %cmp/u;
    %jmp/1 T_18.8, 6;
    %dup/vec4;
    %pushi/vec4 4, 0, 4;
    %cmp/u;
    %jmp/1 T_18.9, 6;
    %dup/vec4;
    %pushi/vec4 8, 0, 4;
    %cmp/u;
    %jmp/1 T_18.10, 6;
    %dup/vec4;
    %pushi/vec4 11, 0, 4;
    %cmp/u;
    %jmp/1 T_18.11, 6;
    %pushi/vec4 15, 15, 4;
    %store/vec4 v0x250d9e0_0, 0, 4;
    %jmp T_18.13;
T_18.0 ;
    %load/vec4 v0x250dc30_0;
    %flag_set/vec4 8;
    %jmp/0xz  T_18.14, 8;
    %pushi/vec4 1, 0, 4;
    %store/vec4 v0x250d9e0_0, 0, 4;
    %jmp T_18.15;
T_18.14 ;
    %load/vec4 v0x250e110_0;
    %flag_set/vec4 8;
    %jmp/0xz  T_18.16, 8;
    %pushi/vec4 10, 0, 4;
    %store/vec4 v0x250d9e0_0, 0, 4;
    %jmp T_18.17;
T_18.16 ;
    %pushi/vec4 0, 0, 4;
    %store/vec4 v0x250d9e0_0, 0, 4;
T_18.17 ;
T_18.15 ;
    %jmp T_18.13;
T_18.1 ;
    %load/vec4 v0x250e110_0;
    %nor/r;
    %load/vec4 v0x250de70_0;
    %and;
    %flag_set/vec4 8;
    %jmp/0xz  T_18.18, 8;
    %pushi/vec4 1, 0, 4;
    %store/vec4 v0x250d9e0_0, 0, 4;
    %jmp T_18.19;
T_18.18 ;
    %pushi/vec4 10, 0, 4;
    %store/vec4 v0x250d9e0_0, 0, 4;
T_18.19 ;
    %jmp T_18.13;
T_18.2 ;
    %load/vec4 v0x250dd90_0;
    %parti/s 1, 5, 4;
    %flag_set/vec4 8;
    %jmp/0xz  T_18.20, 8;
    %pushi/vec4 2, 0, 4;
    %store/vec4 v0x250d9e0_0, 0, 4;
    %jmp T_18.21;
T_18.20 ;
    %pushi/vec4 1, 0, 4;
    %store/vec4 v0x250d9e0_0, 0, 4;
T_18.21 ;
    %jmp T_18.13;
T_18.3 ;
    %load/vec4 v0x250e070_0;
    %load/vec4 v0x250de70_0;
    %nor/r;
    %and;
    %load/vec4 v0x250dc30_0;
    %nor/r;
    %and;
    %flag_set/vec4 8;
    %jmp/0xz  T_18.22, 8;
    %pushi/vec4 3, 0, 4;
    %store/vec4 v0x250d9e0_0, 0, 4;
    %jmp T_18.23;
T_18.22 ;
    %pushi/vec4 2, 0, 4;
    %store/vec4 v0x250d9e0_0, 0, 4;
T_18.23 ;
    %jmp T_18.13;
T_18.4 ;
    %load/vec4 v0x250e2c0_0;
    %flag_set/vec4 8;
    %jmp/0xz  T_18.24, 8;
    %pushi/vec4 11, 0, 4;
    %store/vec4 v0x250d9e0_0, 0, 4;
    %jmp T_18.25;
T_18.24 ;
    %load/vec4 v0x250dd90_0;
    %parti/s 1, 5, 4;
    %load/vec4 v0x250dd90_0;
    %parti/s 1, 4, 4;
    %and;
    %flag_set/vec4 8;
    %jmp/0xz  T_18.26, 8;
    %pushi/vec4 5, 0, 4;
    %store/vec4 v0x250d9e0_0, 0, 4;
    %jmp T_18.27;
T_18.26 ;
    %pushi/vec4 3, 0, 4;
    %store/vec4 v0x250d9e0_0, 0, 4;
T_18.27 ;
T_18.25 ;
    %jmp T_18.13;
T_18.5 ;
    %load/vec4 v0x250df30_0;
    %flag_set/vec4 8;
    %jmp/0xz  T_18.28, 8;
    %pushi/vec4 11, 0, 4;
    %store/vec4 v0x250d9e0_0, 0, 4;
    %jmp T_18.29;
T_18.28 ;
    %load/vec4 v0x250e360_0;
    %flag_set/vec4 8;
    %jmp/0xz  T_18.30, 8;
    %pushi/vec4 9, 0, 4;
    %store/vec4 v0x250d9e0_0, 0, 4;
    %jmp T_18.31;
T_18.30 ;
    %pushi/vec4 5, 0, 4;
    %store/vec4 v0x250d9e0_0, 0, 4;
T_18.31 ;
T_18.29 ;
    %jmp T_18.13;
T_18.6 ;
    %load/vec4 v0x250e360_0;
    %nor/r;
    %flag_set/vec4 8;
    %jmp/0xz  T_18.32, 8;
    %pushi/vec4 6, 0, 4;
    %store/vec4 v0x250d9e0_0, 0, 4;
    %jmp T_18.33;
T_18.32 ;
    %pushi/vec4 9, 0, 4;
    %store/vec4 v0x250d9e0_0, 0, 4;
T_18.33 ;
    %jmp T_18.13;
T_18.7 ;
    %load/vec4 v0x250dfd0_0;
    %flag_set/vec4 8;
    %jmp/0xz  T_18.34, 8;
    %pushi/vec4 7, 0, 4;
    %store/vec4 v0x250d9e0_0, 0, 4;
    %jmp T_18.35;
T_18.34 ;
    %pushi/vec4 6, 0, 4;
    %store/vec4 v0x250d9e0_0, 0, 4;
T_18.35 ;
    %jmp T_18.13;
T_18.8 ;
    %load/vec4 v0x250e2c0_0;
    %flag_set/vec4 8;
    %jmp/0xz  T_18.36, 8;
    %pushi/vec4 11, 0, 4;
    %store/vec4 v0x250d9e0_0, 0, 4;
    %jmp T_18.37;
T_18.36 ;
    %load/vec4 v0x250dd90_0;
    %parti/s 1, 5, 4;
    %load/vec4 v0x250dd90_0;
    %parti/s 1, 4, 4;
    %and;
    %load/vec4 v0x250dd90_0;
    %parti/s 1, 3, 3;
    %and;
    %flag_set/vec4 8;
    %jmp/0xz  T_18.38, 8;
    %pushi/vec4 4, 0, 4;
    %store/vec4 v0x250d9e0_0, 0, 4;
    %jmp T_18.39;
T_18.38 ;
    %pushi/vec4 7, 0, 4;
    %store/vec4 v0x250d9e0_0, 0, 4;
T_18.39 ;
T_18.37 ;
    %jmp T_18.13;
T_18.9 ;
    %load/vec4 v0x250df30_0;
    %flag_set/vec4 8;
    %jmp/0xz  T_18.40, 8;
    %pushi/vec4 11, 0, 4;
    %store/vec4 v0x250d9e0_0, 0, 4;
    %jmp T_18.41;
T_18.40 ;
    %load/vec4 v0x250e110_0;
    %flag_set/vec4 8;
    %jmp/0xz  T_18.42, 8;
    %pushi/vec4 8, 0, 4;
    %store/vec4 v0x250d9e0_0, 0, 4;
    %jmp T_18.43;
T_18.42 ;
    %pushi/vec4 4, 0, 4;
    %store/vec4 v0x250d9e0_0, 0, 4;
T_18.43 ;
T_18.41 ;
    %jmp T_18.13;
T_18.10 ;
    %load/vec4 v0x250e110_0;
    %nor/r;
    %flag_set/vec4 8;
    %jmp/0xz  T_18.44, 8;
    %pushi/vec4 0, 0, 4;
    %store/vec4 v0x250d9e0_0, 0, 4;
    %jmp T_18.45;
T_18.44 ;
    %pushi/vec4 8, 0, 4;
    %store/vec4 v0x250d9e0_0, 0, 4;
T_18.45 ;
    %jmp T_18.13;
T_18.11 ;
    %pushi/vec4 11, 0, 4;
    %store/vec4 v0x250d9e0_0, 0, 4;
    %jmp T_18.13;
T_18.13 ;
    %pop/vec4 1;
    %jmp T_18;
    .thread T_18, $push;
    .scope S_0x24c7750;
T_19 ;
    %wait E_0x24c2680;
    %load/vec4 v0x250dac0_0;
    %dup/vec4;
    %pushi/vec4 0, 0, 4;
    %cmp/u;
    %jmp/1 T_19.0, 6;
    %dup/vec4;
    %pushi/vec4 10, 0, 4;
    %cmp/u;
    %jmp/1 T_19.1, 6;
    %dup/vec4;
    %pushi/vec4 1, 0, 4;
    %cmp/u;
    %jmp/1 T_19.2, 6;
    %dup/vec4;
    %pushi/vec4 2, 0, 4;
    %cmp/u;
    %jmp/1 T_19.3, 6;
    %dup/vec4;
    %pushi/vec4 3, 0, 4;
    %cmp/u;
    %jmp/1 T_19.4, 6;
    %dup/vec4;
    %pushi/vec4 5, 0, 4;
    %cmp/u;
    %jmp/1 T_19.5, 6;
    %dup/vec4;
    %pushi/vec4 9, 0, 4;
    %cmp/u;
    %jmp/1 T_19.6, 6;
    %dup/vec4;
    %pushi/vec4 6, 0, 4;
    %cmp/u;
    %jmp/1 T_19.7, 6;
    %dup/vec4;
    %pushi/vec4 7, 0, 4;
    %cmp/u;
    %jmp/1 T_19.8, 6;
    %dup/vec4;
    %pushi/vec4 4, 0, 4;
    %cmp/u;
    %jmp/1 T_19.9, 6;
    %dup/vec4;
    %pushi/vec4 8, 0, 4;
    %cmp/u;
    %jmp/1 T_19.10, 6;
    %dup/vec4;
    %pushi/vec4 11, 0, 4;
    %cmp/u;
    %jmp/1 T_19.11, 6;
    %pushi/vec4 127, 127, 7;
    %store/vec4 v0x250d820_0, 0, 7;
    %pushi/vec4 127, 127, 7;
    %store/vec4 v0x250d6f0_0, 0, 7;
    %pushi/vec4 127, 127, 7;
    %store/vec4 v0x250d610_0, 0, 7;
    %pushi/vec4 127, 127, 7;
    %store/vec4 v0x250d550_0, 0, 7;
    %pushi/vec4 127, 127, 7;
    %store/vec4 v0x250d470_0, 0, 7;
    %pushi/vec4 127, 127, 7;
    %store/vec4 v0x250d370_0, 0, 7;
    %jmp T_19.13;
T_19.0 ;
    %pushi/vec4 18, 0, 7;
    %store/vec4 v0x250d820_0, 0, 7;
    %pushi/vec4 7, 0, 7;
    %store/vec4 v0x250d6f0_0, 0, 7;
    %pushi/vec4 8, 0, 7;
    %store/vec4 v0x250d610_0, 0, 7;
    %pushi/vec4 47, 0, 7;
    %store/vec4 v0x250d550_0, 0, 7;
    %pushi/vec4 7, 0, 7;
    %store/vec4 v0x250d470_0, 0, 7;
    %pushi/vec4 127, 0, 7;
    %store/vec4 v0x250d370_0, 0, 7;
    %jmp T_19.13;
T_19.1 ;
    %pushi/vec4 3, 0, 7;
    %store/vec4 v0x250d820_0, 0, 7;
    %pushi/vec4 35, 0, 7;
    %store/vec4 v0x250d6f0_0, 0, 7;
    %pushi/vec4 8, 0, 7;
    %store/vec4 v0x250d610_0, 0, 7;
    %pushi/vec4 47, 0, 7;
    %store/vec4 v0x250d550_0, 0, 7;
    %pushi/vec4 33, 0, 7;
    %store/vec4 v0x250d470_0, 0, 7;
    %pushi/vec4 127, 0, 7;
    %store/vec4 v0x250d370_0, 0, 7;
    %jmp T_19.13;
T_19.2 ;
    %pushi/vec4 12, 0, 7;
    %store/vec4 v0x250d820_0, 0, 7;
    %pushi/vec4 47, 0, 7;
    %store/vec4 v0x250d6f0_0, 0, 7;
    %pushi/vec4 6, 0, 7;
    %store/vec4 v0x250d610_0, 0, 7;
    %pushi/vec4 12, 0, 7;
    %store/vec4 v0x250d550_0, 0, 7;
    %pushi/vec4 127, 0, 7;
    %store/vec4 v0x250d470_0, 0, 7;
    %pushi/vec4 127, 0, 7;
    %store/vec4 v0x250d370_0, 0, 7;
    %jmp T_19.13;
T_19.3 ;
    %pushi/vec4 11, 0, 7;
    %store/vec4 v0x250d820_0, 0, 7;
    %pushi/vec4 35, 0, 7;
    %store/vec4 v0x250d6f0_0, 0, 7;
    %pushi/vec4 121, 0, 7;
    %store/vec4 v0x250d610_0, 0, 7;
    %pushi/vec4 33, 0, 7;
    %store/vec4 v0x250d550_0, 0, 7;
    %pushi/vec4 63, 0, 7;
    %store/vec4 v0x250d470_0, 0, 7;
    %pushi/vec4 14, 0, 7;
    %store/vec4 v0x250d370_0, 0, 7;
    %jmp T_19.13;
T_19.4 ;
    %pushi/vec4 14, 0, 7;
    %store/vec4 v0x250d820_0, 0, 7;
    %pushi/vec4 123, 0, 7;
    %store/vec4 v0x250d6f0_0, 0, 7;
    %pushi/vec4 121, 0, 7;
    %store/vec4 v0x250d610_0, 0, 7;
    %pushi/vec4 121, 0, 7;
    %store/vec4 v0x250d550_0, 0, 7;
    %pushi/vec4 127, 0, 7;
    %store/vec4 v0x250d470_0, 0, 7;
    %pushi/vec4 127, 0, 7;
    %store/vec4 v0x250d370_0, 0, 7;
    %jmp T_19.13;
T_19.5 ;
    %pushi/vec4 64, 0, 7;
    %store/vec4 v0x250d820_0, 0, 7;
    %pushi/vec4 35, 0, 7;
    %store/vec4 v0x250d6f0_0, 0, 7;
    %pushi/vec4 12, 0, 7;
    %store/vec4 v0x250d610_0, 0, 7;
    %pushi/vec4 6, 0, 7;
    %store/vec4 v0x250d550_0, 0, 7;
    %pushi/vec4 43, 0, 7;
    %store/vec4 v0x250d470_0, 0, 7;
    %pushi/vec4 127, 0, 7;
    %store/vec4 v0x250d370_0, 0, 7;
    %jmp T_19.13;
T_19.6 ;
    %pushi/vec4 64, 0, 7;
    %store/vec4 v0x250d820_0, 0, 7;
    %pushi/vec4 39, 0, 7;
    %store/vec4 v0x250d6f0_0, 0, 7;
    %pushi/vec4 121, 0, 7;
    %store/vec4 v0x250d610_0, 0, 7;
    %pushi/vec4 35, 0, 7;
    %store/vec4 v0x250d550_0, 0, 7;
    %pushi/vec4 18, 0, 7;
    %store/vec4 v0x250d470_0, 0, 7;
    %pushi/vec4 6, 0, 7;
    %store/vec4 v0x250d370_0, 0, 7;
    %jmp T_19.13;
T_19.7 ;
    %pushi/vec4 11, 0, 7;
    %store/vec4 v0x250d820_0, 0, 7;
    %pushi/vec4 35, 0, 7;
    %store/vec4 v0x250d6f0_0, 0, 7;
    %pushi/vec4 121, 0, 7;
    %store/vec4 v0x250d610_0, 0, 7;
    %pushi/vec4 33, 0, 7;
    %store/vec4 v0x250d550_0, 0, 7;
    %pushi/vec4 63, 0, 7;
    %store/vec4 v0x250d470_0, 0, 7;
    %pushi/vec4 33, 0, 7;
    %store/vec4 v0x250d370_0, 0, 7;
    %jmp T_19.13;
T_19.8 ;
    %pushi/vec4 33, 0, 7;
    %store/vec4 v0x250d820_0, 0, 7;
    %pushi/vec4 47, 0, 7;
    %store/vec4 v0x250d6f0_0, 0, 7;
    %pushi/vec4 8, 0, 7;
    %store/vec4 v0x250d610_0, 0, 7;
    %pushi/vec4 123, 0, 7;
    %store/vec4 v0x250d550_0, 0, 7;
    %pushi/vec4 43, 0, 7;
    %store/vec4 v0x250d470_0, 0, 7;
    %pushi/vec4 127, 0, 7;
    %store/vec4 v0x250d370_0, 0, 7;
    %jmp T_19.13;
T_19.9 ;
    %pushi/vec4 123, 0, 7;
    %store/vec4 v0x250d820_0, 0, 7;
    %pushi/vec4 35, 0, 7;
    %store/vec4 v0x250d6f0_0, 0, 7;
    %pushi/vec4 12, 0, 7;
    %store/vec4 v0x250d610_0, 0, 7;
    %pushi/vec4 6, 0, 7;
    %store/vec4 v0x250d550_0, 0, 7;
    %pushi/vec4 43, 0, 7;
    %store/vec4 v0x250d470_0, 0, 7;
    %pushi/vec4 127, 0, 7;
    %store/vec4 v0x250d370_0, 0, 7;
    %jmp T_19.13;
T_19.10 ;
    %pushi/vec4 123, 0, 7;
    %store/vec4 v0x250d820_0, 0, 7;
    %pushi/vec4 39, 0, 7;
    %store/vec4 v0x250d6f0_0, 0, 7;
    %pushi/vec4 121, 0, 7;
    %store/vec4 v0x250d610_0, 0, 7;
    %pushi/vec4 35, 0, 7;
    %store/vec4 v0x250d550_0, 0, 7;
    %pushi/vec4 18, 0, 7;
    %store/vec4 v0x250d470_0, 0, 7;
    %pushi/vec4 6, 0, 7;
    %store/vec4 v0x250d370_0, 0, 7;
    %jmp T_19.13;
T_19.11 ;
    %pushi/vec4 6, 0, 7;
    %store/vec4 v0x250d820_0, 0, 7;
    %pushi/vec4 47, 0, 7;
    %store/vec4 v0x250d6f0_0, 0, 7;
    %pushi/vec4 47, 0, 7;
    %store/vec4 v0x250d610_0, 0, 7;
    %pushi/vec4 64, 0, 7;
    %store/vec4 v0x250d550_0, 0, 7;
    %pushi/vec4 47, 0, 7;
    %store/vec4 v0x250d470_0, 0, 7;
    %pushi/vec4 127, 0, 7;
    %store/vec4 v0x250d370_0, 0, 7;
    %jmp T_19.13;
T_19.13 ;
    %pop/vec4 1;
    %jmp T_19;
    .thread T_19, $push;
    .scope S_0x24c7750;
T_20 ;
    %wait E_0x24c66b0;
    %load/vec4 v0x250dac0_0;
    %dup/vec4;
    %pushi/vec4 2, 0, 4;
    %cmp/u;
    %jmp/1 T_20.0, 6;
    %dup/vec4;
    %pushi/vec4 5, 0, 4;
    %cmp/u;
    %jmp/1 T_20.1, 6;
    %dup/vec4;
    %pushi/vec4 4, 0, 4;
    %cmp/u;
    %jmp/1 T_20.2, 6;
    %dup/vec4;
    %pushi/vec4 1, 0, 4;
    %cmp/u;
    %jmp/1 T_20.3, 6;
    %dup/vec4;
    %pushi/vec4 3, 0, 4;
    %cmp/u;
    %jmp/1 T_20.4, 6;
    %dup/vec4;
    %pushi/vec4 7, 0, 4;
    %cmp/u;
    %jmp/1 T_20.5, 6;
    %pushi/vec4 0, 0, 27;
    %store/vec4 v0x250dd90_0, 0, 27;
    %jmp T_20.7;
T_20.0 ;
    %pushi/vec4 0, 0, 27;
    %store/vec4 v0x250dd90_0, 0, 27;
    %jmp T_20.7;
T_20.1 ;
    %pushi/vec4 0, 0, 27;
    %store/vec4 v0x250dd90_0, 0, 27;
    %jmp T_20.7;
T_20.2 ;
    %pushi/vec4 0, 0, 27;
    %store/vec4 v0x250dd90_0, 0, 27;
    %jmp T_20.7;
T_20.3 ;
    %load/vec4 v0x250dd90_0;
    %addi 1, 0, 27;
    %store/vec4 v0x250dd90_0, 0, 27;
    %jmp T_20.7;
T_20.4 ;
    %load/vec4 v0x250dd90_0;
    %addi 1, 0, 27;
    %store/vec4 v0x250dd90_0, 0, 27;
    %jmp T_20.7;
T_20.5 ;
    %load/vec4 v0x250dd90_0;
    %addi 1, 0, 27;
    %store/vec4 v0x250dd90_0, 0, 27;
    %jmp T_20.7;
T_20.7 ;
    %pop/vec4 1;
    %jmp T_20;
    .thread T_20;
    .scope S_0x24c7750;
T_21 ;
    %wait E_0x24c76f0;
    %load/vec4 v0x250dac0_0;
    %dup/vec4;
    %pushi/vec4 0, 0, 4;
    %cmp/u;
    %jmp/1 T_21.0, 6;
    %dup/vec4;
    %pushi/vec4 10, 0, 4;
    %cmp/u;
    %jmp/1 T_21.1, 6;
    %dup/vec4;
    %pushi/vec4 1, 0, 4;
    %cmp/u;
    %jmp/1 T_21.2, 6;
    %dup/vec4;
    %pushi/vec4 2, 0, 4;
    %cmp/u;
    %jmp/1 T_21.3, 6;
    %dup/vec4;
    %pushi/vec4 3, 0, 4;
    %cmp/u;
    %jmp/1 T_21.4, 6;
    %dup/vec4;
    %pushi/vec4 5, 0, 4;
    %cmp/u;
    %jmp/1 T_21.5, 6;
    %dup/vec4;
    %pushi/vec4 9, 0, 4;
    %cmp/u;
    %jmp/1 T_21.6, 6;
    %dup/vec4;
    %pushi/vec4 6, 0, 4;
    %cmp/u;
    %jmp/1 T_21.7, 6;
    %dup/vec4;
    %pushi/vec4 7, 0, 4;
    %cmp/u;
    %jmp/1 T_21.8, 6;
    %dup/vec4;
    %pushi/vec4 4, 0, 4;
    %cmp/u;
    %jmp/1 T_21.9, 6;
    %dup/vec4;
    %pushi/vec4 8, 0, 4;
    %cmp/u;
    %jmp/1 T_21.10, 6;
    %dup/vec4;
    %pushi/vec4 11, 0, 4;
    %cmp/u;
    %jmp/1 T_21.11, 6;
    %jmp T_21.13;
T_21.0 ;
    %pushi/vec4 0, 0, 8;
    %ix/load 4, 0, 0;
    %flag_set/imm 4, 0;
    %store/vec4 v0x250d900_0, 4, 8;
    %jmp T_21.13;
T_21.1 ;
    %pushi/vec4 1, 0, 1;
    %ix/load 4, 3, 0;
    %flag_set/imm 4, 0;
    %store/vec4 v0x250d900_0, 4, 1;
    %jmp T_21.13;
T_21.2 ;
    %load/vec4 v0x250dc30_0;
    %flag_set/vec4 8;
    %jmp/0xz  T_21.14, 8;
    %pushi/vec4 1, 0, 1;
    %ix/load 4, 0, 0;
    %flag_set/imm 4, 0;
    %store/vec4 v0x250d900_0, 4, 1;
    %pushi/vec4 0, 0, 1;
    %ix/load 4, 1, 0;
    %flag_set/imm 4, 0;
    %store/vec4 v0x250d900_0, 4, 1;
    %jmp T_21.15;
T_21.14 ;
    %load/vec4 v0x250de70_0;
    %flag_set/vec4 8;
    %jmp/0xz  T_21.16, 8;
    %pushi/vec4 1, 0, 1;
    %ix/load 4, 1, 0;
    %flag_set/imm 4, 0;
    %store/vec4 v0x250d900_0, 4, 1;
    %pushi/vec4 0, 0, 1;
    %ix/load 4, 0, 0;
    %flag_set/imm 4, 0;
    %store/vec4 v0x250d900_0, 4, 1;
T_21.16 ;
T_21.15 ;
    %pushi/vec4 0, 0, 1;
    %ix/load 4, 2, 0;
    %flag_set/imm 4, 0;
    %store/vec4 v0x250d900_0, 4, 1;
    %pushi/vec4 0, 0, 1;
    %ix/load 4, 3, 0;
    %flag_set/imm 4, 0;
    %store/vec4 v0x250d900_0, 4, 1;
    %load/vec4 v0x250dd90_0;
    %parti/s 1, 0, 2;
    %ix/load 4, 4, 0;
    %flag_set/imm 4, 0;
    %store/vec4 v0x250d900_0, 4, 1;
    %pushi/vec4 0, 0, 1;
    %ix/load 4, 5, 0;
    %flag_set/imm 4, 0;
    %store/vec4 v0x250d900_0, 4, 1;
    %pushi/vec4 0, 0, 1;
    %ix/load 4, 6, 0;
    %flag_set/imm 4, 0;
    %store/vec4 v0x250d900_0, 4, 1;
    %pushi/vec4 0, 0, 1;
    %ix/load 4, 7, 0;
    %flag_set/imm 4, 0;
    %store/vec4 v0x250d900_0, 4, 1;
    %jmp T_21.13;
T_21.3 ;
    %pushi/vec4 0, 0, 1;
    %ix/load 4, 2, 0;
    %flag_set/imm 4, 0;
    %store/vec4 v0x250d900_0, 4, 1;
    %pushi/vec4 0, 0, 1;
    %ix/load 4, 3, 0;
    %flag_set/imm 4, 0;
    %store/vec4 v0x250d900_0, 4, 1;
    %pushi/vec4 0, 0, 1;
    %ix/load 4, 4, 0;
    %flag_set/imm 4, 0;
    %store/vec4 v0x250d900_0, 4, 1;
    %pushi/vec4 0, 0, 1;
    %ix/load 4, 5, 0;
    %flag_set/imm 4, 0;
    %store/vec4 v0x250d900_0, 4, 1;
    %pushi/vec4 0, 0, 1;
    %ix/load 4, 6, 0;
    %flag_set/imm 4, 0;
    %store/vec4 v0x250d900_0, 4, 1;
    %pushi/vec4 0, 0, 1;
    %ix/load 4, 7, 0;
    %flag_set/imm 4, 0;
    %store/vec4 v0x250d900_0, 4, 1;
    %jmp T_21.13;
T_21.4 ;
    %pushi/vec4 0, 0, 1;
    %ix/load 4, 2, 0;
    %flag_set/imm 4, 0;
    %store/vec4 v0x250d900_0, 4, 1;
    %pushi/vec4 0, 0, 1;
    %ix/load 4, 3, 0;
    %flag_set/imm 4, 0;
    %store/vec4 v0x250d900_0, 4, 1;
    %load/vec4 v0x250dd90_0;
    %parti/s 1, 0, 2;
    %ix/load 4, 4, 0;
    %flag_set/imm 4, 0;
    %store/vec4 v0x250d900_0, 4, 1;
    %pushi/vec4 0, 0, 1;
    %ix/load 4, 5, 0;
    %flag_set/imm 4, 0;
    %store/vec4 v0x250d900_0, 4, 1;
    %pushi/vec4 0, 0, 1;
    %ix/load 4, 6, 0;
    %flag_set/imm 4, 0;
    %store/vec4 v0x250d900_0, 4, 1;
    %pushi/vec4 0, 0, 1;
    %ix/load 4, 7, 0;
    %flag_set/imm 4, 0;
    %store/vec4 v0x250d900_0, 4, 1;
    %jmp T_21.13;
T_21.5 ;
    %pushi/vec4 0, 0, 1;
    %ix/load 4, 2, 0;
    %flag_set/imm 4, 0;
    %store/vec4 v0x250d900_0, 4, 1;
    %pushi/vec4 0, 0, 1;
    %ix/load 4, 3, 0;
    %flag_set/imm 4, 0;
    %store/vec4 v0x250d900_0, 4, 1;
    %pushi/vec4 0, 0, 1;
    %ix/load 4, 4, 0;
    %flag_set/imm 4, 0;
    %store/vec4 v0x250d900_0, 4, 1;
    %pushi/vec4 0, 0, 1;
    %ix/load 4, 5, 0;
    %flag_set/imm 4, 0;
    %store/vec4 v0x250d900_0, 4, 1;
    %pushi/vec4 0, 0, 1;
    %ix/load 4, 6, 0;
    %flag_set/imm 4, 0;
    %store/vec4 v0x250d900_0, 4, 1;
    %pushi/vec4 0, 0, 1;
    %ix/load 4, 7, 0;
    %flag_set/imm 4, 0;
    %store/vec4 v0x250d900_0, 4, 1;
    %jmp T_21.13;
T_21.6 ;
    %pushi/vec4 1, 0, 1;
    %ix/load 4, 2, 0;
    %flag_set/imm 4, 0;
    %store/vec4 v0x250d900_0, 4, 1;
    %pushi/vec4 0, 0, 1;
    %ix/load 4, 3, 0;
    %flag_set/imm 4, 0;
    %store/vec4 v0x250d900_0, 4, 1;
    %pushi/vec4 0, 0, 1;
    %ix/load 4, 4, 0;
    %flag_set/imm 4, 0;
    %store/vec4 v0x250d900_0, 4, 1;
    %pushi/vec4 0, 0, 1;
    %ix/load 4, 5, 0;
    %flag_set/imm 4, 0;
    %store/vec4 v0x250d900_0, 4, 1;
    %pushi/vec4 0, 0, 1;
    %ix/load 4, 6, 0;
    %flag_set/imm 4, 0;
    %store/vec4 v0x250d900_0, 4, 1;
    %pushi/vec4 0, 0, 1;
    %ix/load 4, 7, 0;
    %flag_set/imm 4, 0;
    %store/vec4 v0x250d900_0, 4, 1;
    %jmp T_21.13;
T_21.7 ;
    %pushi/vec4 0, 0, 1;
    %ix/load 4, 2, 0;
    %flag_set/imm 4, 0;
    %store/vec4 v0x250d900_0, 4, 1;
    %pushi/vec4 0, 0, 1;
    %ix/load 4, 3, 0;
    %flag_set/imm 4, 0;
    %store/vec4 v0x250d900_0, 4, 1;
    %pushi/vec4 0, 0, 1;
    %ix/load 4, 4, 0;
    %flag_set/imm 4, 0;
    %store/vec4 v0x250d900_0, 4, 1;
    %pushi/vec4 0, 0, 1;
    %ix/load 4, 5, 0;
    %flag_set/imm 4, 0;
    %store/vec4 v0x250d900_0, 4, 1;
    %pushi/vec4 0, 0, 1;
    %ix/load 4, 6, 0;
    %flag_set/imm 4, 0;
    %store/vec4 v0x250d900_0, 4, 1;
    %pushi/vec4 0, 0, 1;
    %ix/load 4, 7, 0;
    %flag_set/imm 4, 0;
    %store/vec4 v0x250d900_0, 4, 1;
    %jmp T_21.13;
T_21.8 ;
    %pushi/vec4 0, 0, 1;
    %ix/load 4, 2, 0;
    %flag_set/imm 4, 0;
    %store/vec4 v0x250d900_0, 4, 1;
    %pushi/vec4 0, 0, 1;
    %ix/load 4, 3, 0;
    %flag_set/imm 4, 0;
    %store/vec4 v0x250d900_0, 4, 1;
    %load/vec4 v0x250dd90_0;
    %parti/s 1, 0, 2;
    %ix/load 4, 4, 0;
    %flag_set/imm 4, 0;
    %store/vec4 v0x250d900_0, 4, 1;
    %pushi/vec4 0, 0, 1;
    %ix/load 4, 5, 0;
    %flag_set/imm 4, 0;
    %store/vec4 v0x250d900_0, 4, 1;
    %pushi/vec4 0, 0, 1;
    %ix/load 4, 6, 0;
    %flag_set/imm 4, 0;
    %store/vec4 v0x250d900_0, 4, 1;
    %pushi/vec4 0, 0, 1;
    %ix/load 4, 7, 0;
    %flag_set/imm 4, 0;
    %store/vec4 v0x250d900_0, 4, 1;
    %jmp T_21.13;
T_21.9 ;
    %pushi/vec4 0, 0, 1;
    %ix/load 4, 2, 0;
    %flag_set/imm 4, 0;
    %store/vec4 v0x250d900_0, 4, 1;
    %pushi/vec4 0, 0, 1;
    %ix/load 4, 3, 0;
    %flag_set/imm 4, 0;
    %store/vec4 v0x250d900_0, 4, 1;
    %pushi/vec4 0, 0, 1;
    %ix/load 4, 4, 0;
    %flag_set/imm 4, 0;
    %store/vec4 v0x250d900_0, 4, 1;
    %pushi/vec4 0, 0, 1;
    %ix/load 4, 5, 0;
    %flag_set/imm 4, 0;
    %store/vec4 v0x250d900_0, 4, 1;
    %pushi/vec4 0, 0, 1;
    %ix/load 4, 6, 0;
    %flag_set/imm 4, 0;
    %store/vec4 v0x250d900_0, 4, 1;
    %pushi/vec4 0, 0, 1;
    %ix/load 4, 7, 0;
    %flag_set/imm 4, 0;
    %store/vec4 v0x250d900_0, 4, 1;
    %jmp T_21.13;
T_21.10 ;
    %pushi/vec4 0, 0, 1;
    %ix/load 4, 2, 0;
    %flag_set/imm 4, 0;
    %store/vec4 v0x250d900_0, 4, 1;
    %pushi/vec4 1, 0, 1;
    %ix/load 4, 3, 0;
    %flag_set/imm 4, 0;
    %store/vec4 v0x250d900_0, 4, 1;
    %pushi/vec4 0, 0, 1;
    %ix/load 4, 4, 0;
    %flag_set/imm 4, 0;
    %store/vec4 v0x250d900_0, 4, 1;
    %pushi/vec4 0, 0, 1;
    %ix/load 4, 5, 0;
    %flag_set/imm 4, 0;
    %store/vec4 v0x250d900_0, 4, 1;
    %pushi/vec4 0, 0, 1;
    %ix/load 4, 6, 0;
    %flag_set/imm 4, 0;
    %store/vec4 v0x250d900_0, 4, 1;
    %pushi/vec4 0, 0, 1;
    %ix/load 4, 7, 0;
    %flag_set/imm 4, 0;
    %store/vec4 v0x250d900_0, 4, 1;
    %jmp T_21.13;
T_21.11 ;
    %pushi/vec4 0, 0, 8;
    %ix/load 4, 0, 0;
    %flag_set/imm 4, 0;
    %store/vec4 v0x250d900_0, 4, 8;
    %jmp T_21.13;
T_21.13 ;
    %pop/vec4 1;
    %jmp T_21;
    .thread T_21, $push;
    .scope S_0x24c7750;
T_22 ;
    %wait E_0x24c7ad0;
    %load/vec4 v0x250df30_0;
    %ix/load 4, 8, 0;
    %flag_set/imm 4, 0;
    %store/vec4 v0x250d900_0, 4, 1;
    %load/vec4 v0x250e2c0_0;
    %ix/load 4, 9, 0;
    %flag_set/imm 4, 0;
    %store/vec4 v0x250d900_0, 4, 1;
    %jmp T_22;
    .thread T_22, $push;
    .scope S_0x250e8e0;
T_23 ;
    %vpi_call 2 520 "$display", "\011 arrive \011 depart \011 fill \011 drain \011 iport \011 oport \011 select \011 testPressure \011 reset \011 clock \011 HEX0 \011 HEX1 \011 HEX2 \011 HEX3 \011 HEX4 \011 HEX5 \011 LED " {0 0 0};
    %vpi_call 2 521 "$monitor", "\011 %b \011\011 %b \011\011 %b \011\011 %b \011\011  %b \011\011  %b \011\011  %b \011\011 %b \011\011 %b \011\011 %b \011\011 %d \011\011 %d \011\011 %d \011\011 %d \011\011 %d \011\011 %d \011\011 %b", v0x250f310_0, v0x250f510_0, v0x250f6b0_0, v0x250f5e0_0, v0x250f780_0, v0x250f850_0, v0x250f990_0, v0x250fa30_0, v0x250f8f0_0, v0x250f3e0_0, v0x250ed10_0, v0x250ede0_0, v0x250eeb0_0, v0x250efb0_0, v0x250f080_0, v0x250f170_0, v0x250f240_0 {0 0 0};
    %end;
    .thread T_23;
    .scope S_0x250e8e0;
T_24 ;
    %delay 10, 0;
    %pushi/vec4 1, 0, 1;
    %store/vec4 v0x250f3e0_0, 0, 1;
    %delay 10, 0;
    %pushi/vec4 0, 0, 1;
    %store/vec4 v0x250f3e0_0, 0, 1;
    %jmp T_24;
    .thread T_24;
    .scope S_0x250e8e0;
T_25 ;
    %pushi/vec4 0, 0, 1;
    %store/vec4 v0x250f310_0, 0, 1;
    %pushi/vec4 0, 0, 1;
    %store/vec4 v0x250f510_0, 0, 1;
    %pushi/vec4 0, 0, 1;
    %store/vec4 v0x250f6b0_0, 0, 1;
    %pushi/vec4 0, 0, 1;
    %store/vec4 v0x250f5e0_0, 0, 1;
    %pushi/vec4 0, 0, 1;
    %store/vec4 v0x250f780_0, 0, 1;
    %pushi/vec4 0, 0, 1;
    %store/vec4 v0x250f850_0, 0, 1;
    %pushi/vec4 0, 0, 1;
    %store/vec4 v0x250f990_0, 0, 1;
    %pushi/vec4 0, 0, 1;
    %store/vec4 v0x250fa30_0, 0, 1;
    %pushi/vec4 1, 0, 1;
    %store/vec4 v0x250f8f0_0, 0, 1;
    %delay 40, 0;
    %pushi/vec4 0, 0, 1;
    %store/vec4 v0x250f8f0_0, 0, 1;
    %delay 40, 0;
    %pushi/vec4 1, 0, 1;
    %store/vec4 v0x250f310_0, 0, 1;
    %delay 100, 0;
    %pushi/vec4 0, 0, 1;
    %store/vec4 v0x250f310_0, 0, 1;
    %delay 60, 0;
    %pushi/vec4 1, 0, 1;
    %store/vec4 v0x250f6b0_0, 0, 1;
    %delay 140, 0;
    %pushi/vec4 0, 0, 1;
    %store/vec4 v0x250f6b0_0, 0, 1;
    %delay 20, 0;
    %pushi/vec4 1, 0, 1;
    %store/vec4 v0x250f850_0, 0, 1;
    %delay 40, 0;
    %pushi/vec4 0, 0, 1;
    %store/vec4 v0x250f850_0, 0, 1;
    %delay 20, 0;
    %pushi/vec4 1, 0, 1;
    %store/vec4 v0x250f5e0_0, 0, 1;
    %delay 160, 0;
    %pushi/vec4 0, 0, 1;
    %store/vec4 v0x250f5e0_0, 0, 1;
    %delay 20, 0;
    %pushi/vec4 1, 0, 1;
    %store/vec4 v0x250f780_0, 0, 1;
    %delay 40, 0;
    %pushi/vec4 0, 0, 1;
    %store/vec4 v0x250f780_0, 0, 1;
    %delay 20, 0;
    %pushi/vec4 1, 0, 1;
    %store/vec4 v0x250f780_0, 0, 1;
    %delay 40, 0;
    %pushi/vec4 1, 0, 1;
    %store/vec4 v0x250f510_0, 0, 1;
    %delay 60, 0;
    %pushi/vec4 0, 0, 1;
    %store/vec4 v0x250f780_0, 0, 1;
    %delay 200, 0;
    %pushi/vec4 0, 0, 1;
    %store/vec4 v0x250f510_0, 0, 1;
    %delay 40, 0;
    %pushi/vec4 1, 0, 1;
    %store/vec4 v0x250f6b0_0, 0, 1;
    %delay 140, 0;
    %pushi/vec4 0, 0, 1;
    %store/vec4 v0x250f6b0_0, 0, 1;
    %delay 20, 0;
    %pushi/vec4 1, 0, 1;
    %store/vec4 v0x250f850_0, 0, 1;
    %delay 40, 0;
    %pushi/vec4 0, 0, 1;
    %store/vec4 v0x250f850_0, 0, 1;
    %delay 20, 0;
    %pushi/vec4 1, 0, 1;
    %store/vec4 v0x250f5e0_0, 0, 1;
    %delay 160, 0;
    %pushi/vec4 0, 0, 1;
    %store/vec4 v0x250f5e0_0, 0, 1;
    %delay 20, 0;
    %pushi/vec4 1, 0, 1;
    %store/vec4 v0x250f780_0, 0, 1;
    %delay 40, 0;
    %pushi/vec4 0, 0, 1;
    %store/vec4 v0x250f780_0, 0, 1;
    %delay 20, 0;
    %vpi_call 2 594 "$finish" {0 0 0};
    %end;
    .thread T_25;
    .scope S_0x24c5a20;
T_26 ;
    %vpi_call 2 478 "$dumpfile", "____gtkwave____INTERLOCK____.vcd" {0 0 0};
    %vpi_call 2 479 "$dumpvars", 32'sb00000000000000000000000000000001, S_0x24c7750 {0 0 0};
    %end;
    .thread T_26;
# The file index is used to find the file name in the following table.
:file_names 7;
    "N/A";
    "<interactive>";
    "interlock.v";
    "./diff_pressure.v";
    "./DFlipFlop.v";
    "./inputHandler.v";
    "./limit_pressure.v";
