#! c:/iverilog-x86/bin/vvp
:ivl_version "10.0 (stable)" "(v10_0)";
:ivl_delay_selection "TYPICAL";
:vpi_time_precision + 0;
:vpi_module "system";
:vpi_module "vhdl_sys";
:vpi_module "v2005_math";
:vpi_module "va_math";
S_009178f8 .scope module, "interlock" "interlock" 2 1;
 .timescale 0 0;
    .port_info 0 /OUTPUT 1 "out"
    .port_info 1 /INPUT 1 "arrive"
    .port_info 2 /INPUT 1 "depart"
    .port_info 3 /INPUT 1 "fill"
    .port_info 4 /INPUT 1 "drain"
    .port_info 5 /INPUT 1 "iport"
    .port_info 6 /INPUT 1 "oport"
    .port_info 7 /INPUT 1 "reset"
    .port_info 8 /INPUT 1 "clock"
P_009e1b20 .param/l "DRAINING" 0 2 15, C4<0111>;
P_009e1b40 .param/l "FILLING" 0 2 14, C4<0011>;
P_009e1b60 .param/l "INIT" 0 2 14, C4<0000>;
P_009e1b80 .param/l "PREP" 0 2 14, C4<0001>;
P_009e1ba0 .param/l "WAIT_DRAIN" 0 2 15, C4<0110>;
P_009e1bc0 .param/l "WAIT_FILL" 0 2 14, C4<0010>;
P_009e1be0 .param/l "WAIT_IPORT_CLOSE" 0 2 16, C4<1000>;
P_009e1c00 .param/l "WAIT_IPORT_OPEN" 0 2 15, C4<0100>;
P_009e1c20 .param/l "WAIT_OPORT_CLOSE" 0 2 16, C4<1001>;
P_009e1c40 .param/l "WAIT_OPORT_OPEN" 0 2 15, C4<0101>;
P_009e1c60 .param/l "WAIT_USER" 0 2 16, C4<1010>;
v009104b0_0 .var "NS", 3 0;
v00910c98_0 .net "PS", 3 0, L_00910cf0;  1 drivers
o0091932c .functor BUFZ 1, C4<z>; HiZ drive
v009109d8_0 .net "arrive", 0 0, o0091932c;  0 drivers
o00918fe4 .functor BUFZ 1, C4<z>; HiZ drive
v00910be8_0 .net "clock", 0 0, o00918fe4;  0 drivers
v009106c0_0 .var "count", 26 0;
o0091935c .functor BUFZ 1, C4<z>; HiZ drive
v00910350_0 .net "depart", 0 0, o0091935c;  0 drivers
o00919374 .functor BUFZ 1, C4<z>; HiZ drive
v00910610_0 .net "drain", 0 0, o00919374;  0 drivers
o0091938c .functor BUFZ 1, C4<z>; HiZ drive
v00910d48_0 .net "fill", 0 0, o0091938c;  0 drivers
o009193a4 .functor BUFZ 1, C4<z>; HiZ drive
v00910718_0 .net "iport", 0 0, o009193a4;  0 drivers
o009193bc .functor BUFZ 1, C4<z>; HiZ drive
v00910ae0_0 .net "oport", 0 0, o009193bc;  0 drivers
o009193d4 .functor BUFZ 1, C4<z>; HiZ drive
v00910b90_0 .net "out", 0 0, o009193d4;  0 drivers
o0091902c .functor BUFZ 1, C4<z>; HiZ drive
v00910508_0 .net "reset", 0 0, o0091902c;  0 drivers
E_00907840 .event posedge, v00904be8_0;
L_00910980 .part v009104b0_0, 0, 1;
L_00910a30 .part v009104b0_0, 1, 1;
L_00910c40 .part v009104b0_0, 2, 1;
L_00910cf0 .concat8 [ 1 1 1 1], v00904b90_0, v00904df8_0, v009050b8_0, v00904ae0_0;
L_00910a88 .part v009104b0_0, 3, 1;
S_009179c8 .scope module, "flip0" "DFlipFlop" 2 141, 2 159 0, S_009178f8;
 .timescale 0 0;
    .port_info 0 /OUTPUT 1 "q"
    .port_info 1 /OUTPUT 1 "qBar"
    .port_info 2 /INPUT 1 "D"
    .port_info 3 /INPUT 1 "clk"
    .port_info 4 /INPUT 1 "rst"
L_00914400 .functor NOT 1, v00904b90_0, C4<0>, C4<0>, C4<0>;
v00904cf0_0 .net "D", 0 0, L_00910980;  1 drivers
v00904be8_0 .net "clk", 0 0, o00918fe4;  alias, 0 drivers
v00904b90_0 .var "q", 0 0;
v00904c40_0 .net "qBar", 0 0, L_00914400;  1 drivers
v00904b38_0 .net "rst", 0 0, o0091902c;  alias, 0 drivers
E_00907890/0 .event negedge, v00904b38_0;
E_00907890/1 .event posedge, v00904be8_0;
E_00907890 .event/or E_00907890/0, E_00907890/1;
S_00913558 .scope module, "flip1" "DFlipFlop" 2 142, 2 159 0, S_009178f8;
 .timescale 0 0;
    .port_info 0 /OUTPUT 1 "q"
    .port_info 1 /OUTPUT 1 "qBar"
    .port_info 2 /INPUT 1 "D"
    .port_info 3 /INPUT 1 "clk"
    .port_info 4 /INPUT 1 "rst"
L_00914250 .functor NOT 1, v00904df8_0, C4<0>, C4<0>, C4<0>;
v00904c98_0 .net "D", 0 0, L_00910a30;  1 drivers
v00904f00_0 .net "clk", 0 0, o00918fe4;  alias, 0 drivers
v00904df8_0 .var "q", 0 0;
v00904fb0_0 .net "qBar", 0 0, L_00914250;  1 drivers
v00905008_0 .net "rst", 0 0, o0091902c;  alias, 0 drivers
S_00913628 .scope module, "flip2" "DFlipFlop" 2 143, 2 159 0, S_009178f8;
 .timescale 0 0;
    .port_info 0 /OUTPUT 1 "q"
    .port_info 1 /OUTPUT 1 "qBar"
    .port_info 2 /INPUT 1 "D"
    .port_info 3 /INPUT 1 "clk"
    .port_info 4 /INPUT 1 "rst"
L_00914370 .functor NOT 1, v009050b8_0, C4<0>, C4<0>, C4<0>;
v00905060_0 .net "D", 0 0, L_00910c40;  1 drivers
v00904e50_0 .net "clk", 0 0, o00918fe4;  alias, 0 drivers
v009050b8_0 .var "q", 0 0;
v00904a88_0 .net "qBar", 0 0, L_00914370;  1 drivers
v00905110_0 .net "rst", 0 0, o0091902c;  alias, 0 drivers
S_009136f8 .scope module, "flip3" "DFlipFlop" 2 144, 2 159 0, S_009178f8;
 .timescale 0 0;
    .port_info 0 /OUTPUT 1 "q"
    .port_info 1 /OUTPUT 1 "qBar"
    .port_info 2 /INPUT 1 "D"
    .port_info 3 /INPUT 1 "clk"
    .port_info 4 /INPUT 1 "rst"
L_00946930 .functor NOT 1, v00904ae0_0, C4<0>, C4<0>, C4<0>;
v009049d8_0 .net "D", 0 0, L_00910a88;  1 drivers
v00904a30_0 .net "clk", 0 0, o00918fe4;  alias, 0 drivers
v00904ae0_0 .var "q", 0 0;
v00910df8_0 .net "qBar", 0 0, L_00946930;  1 drivers
v00910da0_0 .net "rst", 0 0, o0091902c;  alias, 0 drivers
    .scope S_009179c8;
T_0 ;
    %wait E_00907890;
    %load/vec4 v00904b38_0;
    %nor/r;
    %flag_set/vec4 8;
    %jmp/0xz  T_0.0, 8;
    %pushi/vec4 0, 0, 1;
    %assign/vec4 v00904b90_0, 0;
    %jmp T_0.1;
T_0.0 ;
    %load/vec4 v00904cf0_0;
    %store/vec4 v00904b90_0, 0, 1;
T_0.1 ;
    %jmp T_0;
    .thread T_0;
    .scope S_00913558;
T_1 ;
    %wait E_00907890;
    %load/vec4 v00905008_0;
    %nor/r;
    %flag_set/vec4 8;
    %jmp/0xz  T_1.0, 8;
    %pushi/vec4 0, 0, 1;
    %assign/vec4 v00904df8_0, 0;
    %jmp T_1.1;
T_1.0 ;
    %load/vec4 v00904c98_0;
    %store/vec4 v00904df8_0, 0, 1;
T_1.1 ;
    %jmp T_1;
    .thread T_1;
    .scope S_00913628;
T_2 ;
    %wait E_00907890;
    %load/vec4 v00905110_0;
    %nor/r;
    %flag_set/vec4 8;
    %jmp/0xz  T_2.0, 8;
    %pushi/vec4 0, 0, 1;
    %assign/vec4 v009050b8_0, 0;
    %jmp T_2.1;
T_2.0 ;
    %load/vec4 v00905060_0;
    %store/vec4 v009050b8_0, 0, 1;
T_2.1 ;
    %jmp T_2;
    .thread T_2;
    .scope S_009136f8;
T_3 ;
    %wait E_00907890;
    %load/vec4 v00910da0_0;
    %nor/r;
    %flag_set/vec4 8;
    %jmp/0xz  T_3.0, 8;
    %pushi/vec4 0, 0, 1;
    %assign/vec4 v00904ae0_0, 0;
    %jmp T_3.1;
T_3.0 ;
    %load/vec4 v009049d8_0;
    %store/vec4 v00904ae0_0, 0, 1;
T_3.1 ;
    %jmp T_3;
    .thread T_3;
    .scope S_009178f8;
T_4 ;
    %wait E_00907840;
    %load/vec4 v00910c98_0;
    %dup/vec4;
    %pushi/vec4 0, 0, 4;
    %cmp/u;
    %jmp/1 T_4.0, 6;
    %dup/vec4;
    %pushi/vec4 10, 0, 4;
    %cmp/u;
    %jmp/1 T_4.1, 6;
    %dup/vec4;
    %pushi/vec4 1, 0, 4;
    %cmp/u;
    %jmp/1 T_4.2, 6;
    %dup/vec4;
    %pushi/vec4 2, 0, 4;
    %cmp/u;
    %jmp/1 T_4.3, 6;
    %dup/vec4;
    %pushi/vec4 3, 0, 4;
    %cmp/u;
    %jmp/1 T_4.4, 6;
    %dup/vec4;
    %pushi/vec4 5, 0, 4;
    %cmp/u;
    %jmp/1 T_4.5, 6;
    %dup/vec4;
    %pushi/vec4 9, 0, 4;
    %cmp/u;
    %jmp/1 T_4.6, 6;
    %dup/vec4;
    %pushi/vec4 6, 0, 4;
    %cmp/u;
    %jmp/1 T_4.7, 6;
    %dup/vec4;
    %pushi/vec4 7, 0, 4;
    %cmp/u;
    %jmp/1 T_4.8, 6;
    %dup/vec4;
    %pushi/vec4 4, 0, 4;
    %cmp/u;
    %jmp/1 T_4.9, 6;
    %dup/vec4;
    %pushi/vec4 8, 0, 4;
    %cmp/u;
    %jmp/1 T_4.10, 6;
    %pushi/vec4 15, 15, 4;
    %store/vec4 v009104b0_0, 0, 4;
    %jmp T_4.12;
T_4.0 ;
    %load/vec4 v009109d8_0;
    %flag_set/vec4 8;
    %jmp/0xz  T_4.13, 8;
    %pushi/vec4 1, 0, 4;
    %store/vec4 v009104b0_0, 0, 4;
    %jmp T_4.14;
T_4.13 ;
    %load/vec4 v00910718_0;
    %flag_set/vec4 8;
    %jmp/0xz  T_4.15, 8;
    %pushi/vec4 10, 0, 4;
    %store/vec4 v009104b0_0, 0, 4;
    %jmp T_4.16;
T_4.15 ;
    %pushi/vec4 0, 0, 4;
    %store/vec4 v009104b0_0, 0, 4;
T_4.16 ;
T_4.14 ;
    %jmp T_4.12;
T_4.1 ;
    %load/vec4 v00910718_0;
    %nor/r;
    %load/vec4 v00910350_0;
    %and;
    %flag_set/vec4 8;
    %jmp/0xz  T_4.17, 8;
    %pushi/vec4 1, 0, 4;
    %store/vec4 v009104b0_0, 0, 4;
    %jmp T_4.18;
T_4.17 ;
    %pushi/vec4 10, 0, 4;
    %store/vec4 v009104b0_0, 0, 4;
T_4.18 ;
    %jmp T_4.12;
T_4.2 ;
    %load/vec4 v009106c0_0;
    %parti/s 1, 25, 6;
    %flag_set/vec4 8;
    %jmp/0xz  T_4.19, 8;
    %pushi/vec4 2, 0, 4;
    %store/vec4 v009104b0_0, 0, 4;
    %pushi/vec4 0, 0, 27;
    %assign/vec4 v009106c0_0, 0;
    %jmp T_4.20;
T_4.19 ;
    %pushi/vec4 1, 0, 4;
    %store/vec4 v009104b0_0, 0, 4;
    %load/vec4 v009106c0_0;
    %addi 1, 0, 27;
    %assign/vec4 v009106c0_0, 0;
T_4.20 ;
    %jmp T_4.12;
T_4.3 ;
    %load/vec4 v00910d48_0;
    %flag_set/vec4 8;
    %jmp/0xz  T_4.21, 8;
    %pushi/vec4 3, 0, 4;
    %store/vec4 v009104b0_0, 0, 4;
    %jmp T_4.22;
T_4.21 ;
    %pushi/vec4 2, 0, 4;
    %store/vec4 v009104b0_0, 0, 4;
T_4.22 ;
    %jmp T_4.12;
T_4.4 ;
    %load/vec4 v009106c0_0;
    %parti/s 1, 25, 6;
    %flag_set/vec4 8;
    %jmp/0xz  T_4.23, 8;
    %pushi/vec4 5, 0, 4;
    %store/vec4 v009104b0_0, 0, 4;
    %pushi/vec4 0, 0, 27;
    %assign/vec4 v009106c0_0, 0;
    %jmp T_4.24;
T_4.23 ;
    %pushi/vec4 3, 0, 4;
    %store/vec4 v009104b0_0, 0, 4;
    %load/vec4 v009106c0_0;
    %addi 1, 0, 27;
    %assign/vec4 v009106c0_0, 0;
T_4.24 ;
    %jmp T_4.12;
T_4.5 ;
    %load/vec4 v00910ae0_0;
    %flag_set/vec4 8;
    %jmp/0xz  T_4.25, 8;
    %pushi/vec4 9, 0, 4;
    %store/vec4 v009104b0_0, 0, 4;
    %jmp T_4.26;
T_4.25 ;
    %pushi/vec4 5, 0, 4;
    %store/vec4 v009104b0_0, 0, 4;
T_4.26 ;
    %jmp T_4.12;
T_4.6 ;
    %load/vec4 v00910ae0_0;
    %nor/r;
    %flag_set/vec4 8;
    %jmp/0xz  T_4.27, 8;
    %pushi/vec4 6, 0, 4;
    %store/vec4 v009104b0_0, 0, 4;
    %jmp T_4.28;
T_4.27 ;
    %pushi/vec4 9, 0, 4;
    %store/vec4 v009104b0_0, 0, 4;
T_4.28 ;
    %jmp T_4.12;
T_4.7 ;
    %load/vec4 v00910610_0;
    %flag_set/vec4 8;
    %jmp/0xz  T_4.29, 8;
    %pushi/vec4 7, 0, 4;
    %store/vec4 v009104b0_0, 0, 4;
    %jmp T_4.30;
T_4.29 ;
    %pushi/vec4 6, 0, 4;
    %store/vec4 v009104b0_0, 0, 4;
T_4.30 ;
    %jmp T_4.12;
T_4.8 ;
    %load/vec4 v009106c0_0;
    %parti/s 1, 25, 6;
    %flag_set/vec4 8;
    %jmp/0xz  T_4.31, 8;
    %pushi/vec4 4, 0, 4;
    %store/vec4 v009104b0_0, 0, 4;
    %pushi/vec4 0, 0, 27;
    %assign/vec4 v009106c0_0, 0;
    %jmp T_4.32;
T_4.31 ;
    %pushi/vec4 7, 0, 4;
    %store/vec4 v009104b0_0, 0, 4;
    %load/vec4 v009106c0_0;
    %addi 1, 0, 27;
    %assign/vec4 v009106c0_0, 0;
T_4.32 ;
    %jmp T_4.12;
T_4.9 ;
    %load/vec4 v00910718_0;
    %flag_set/vec4 8;
    %jmp/0xz  T_4.33, 8;
    %pushi/vec4 8, 0, 4;
    %store/vec4 v009104b0_0, 0, 4;
    %jmp T_4.34;
T_4.33 ;
    %pushi/vec4 4, 0, 4;
    %store/vec4 v009104b0_0, 0, 4;
T_4.34 ;
    %jmp T_4.12;
T_4.10 ;
    %load/vec4 v00910718_0;
    %nor/r;
    %flag_set/vec4 8;
    %jmp/0xz  T_4.35, 8;
    %pushi/vec4 0, 0, 4;
    %store/vec4 v009104b0_0, 0, 4;
    %jmp T_4.36;
T_4.35 ;
    %pushi/vec4 8, 0, 4;
    %store/vec4 v009104b0_0, 0, 4;
T_4.36 ;
    %jmp T_4.12;
T_4.12 ;
    %pop/vec4 1;
    %jmp T_4;
    .thread T_4;
# The file index is used to find the file name in the following table.
:file_names 3;
    "N/A";
    "<interactive>";
    ".\interlock.v";
