Flow report for counter_schematic_top
Mon Jan 11 19:58:22 2016
Quartus II 64-Bit Version 14.1.0 Build 186 12/03/2014 SJ Full Version


---------------------
; Table of Contents ;
---------------------
  1. Legal Notice
  2. Flow Summary
  3. Flow Settings
  4. Flow Non-Default Global Settings
  5. Flow Elapsed Time
  6. Flow OS Summary
  7. Flow Log
  8. Flow Messages
  9. Flow Suppressed Messages



----------------
; Legal Notice ;
----------------
Copyright (C) 1991-2014 Altera Corporation. All rights reserved.
Your use of Altera Corporation's design tools, logic functions 
and other software and tools, and its AMPP partner logic 
functions, and any output files from any of the foregoing 
(including device programming or simulation files), and any 
associated documentation or information are expressly subject 
to the terms and conditions of the Altera Program License 
Subscription Agreement, the Altera Quartus II License Agreement,
the Altera MegaCore Function License Agreement, or other 
applicable license agreement, including, without limitation, 
that your use is for the sole purpose of programming logic 
devices manufactured by Altera and sold by Altera or its 
authorized distributors.  Please refer to the applicable 
agreement for further details.



+-------------------------------------------------------------------------------+
; Flow Summary                                                                  ;
+---------------------------------+---------------------------------------------+
; Flow Status                     ; Successful - Mon Jan 11 19:58:22 2016       ;
; Quartus II 64-Bit Version       ; 14.1.0 Build 186 12/03/2014 SJ Full Version ;
; Revision Name                   ; counter_schematic_top                       ;
; Top-level Entity Name           ; top_counter_down_schematic_struct           ;
; Family                          ; Cyclone V                                   ;
; Device                          ; 5CSEMA5F31C6                                ;
; Timing Models                   ; Final                                       ;
; Logic utilization (in ALMs)     ; 301 / 32,070 ( < 1 % )                      ;
; Total registers                 ; 594                                         ;
; Total pins                      ; 12 / 457 ( 3 % )                            ;
; Total virtual pins              ; 0                                           ;
; Total block memory bits         ; 11,264 / 4,065,280 ( < 1 % )                ;
; Total DSP Blocks                ; 0 / 87 ( 0 % )                              ;
; Total HSSI RX PCSs              ; 0                                           ;
; Total HSSI PMA RX Deserializers ; 0                                           ;
; Total HSSI TX PCSs              ; 0                                           ;
; Total HSSI PMA TX Serializers   ; 0                                           ;
; Total PLLs                      ; 0 / 6 ( 0 % )                               ;
; Total DLLs                      ; 0 / 4 ( 0 % )                               ;
+---------------------------------+---------------------------------------------+


+-------------------------------------------+
; Flow Settings                             ;
+-------------------+-----------------------+
; Option            ; Setting               ;
+-------------------+-----------------------+
; Start date & time ; 01/11/2016 19:56:28   ;
; Main task         ; Compilation           ;
; Revision Name     ; counter_schematic_top ;
+-------------------+-----------------------+


+---------------------------------------------------------------------------------------------------------------------------------------------------------------------------------------------------+
; Flow Non-Default Global Settings                                                                                                                                                                  ;
+-------------------------------------+------------------------------------------------------------------------------+-----------------------+-----------------------------------+------------------+
; Assignment Name                     ; Value                                                                        ; Default Value         ; Entity Name                       ; Section Id       ;
+-------------------------------------+------------------------------------------------------------------------------+-----------------------+-----------------------------------+------------------+
; COMPILER_SIGNATURE_ID               ; 109952949373001.145257098808400                                              ; --                    ; --                                ; --               ;
; EDA_OUTPUT_DATA_FORMAT              ; Verilog Hdl                                                                  ; --                    ; --                                ; eda_simulation   ;
; EDA_SIMULATION_TOOL                 ; ModelSim-Altera (Verilog)                                                    ; <None>                ; --                                ; --               ;
; ENABLE_SIGNALTAP                    ; On                                                                           ; --                    ; --                                ; --               ;
; MAX_CORE_JUNCTION_TEMP              ; 85                                                                           ; --                    ; --                                ; --               ;
; MIN_CORE_JUNCTION_TEMP              ; 0                                                                            ; --                    ; --                                ; --               ;
; PARTITION_COLOR                     ; 16764057                                                                     ; --                    ; top_counter_down_schematic_struct ; Top              ;
; PARTITION_FITTER_PRESERVATION_LEVEL ; PLACEMENT_AND_ROUTING                                                        ; --                    ; top_counter_down_schematic_struct ; Top              ;
; PARTITION_NETLIST_TYPE              ; SOURCE                                                                       ; --                    ; top_counter_down_schematic_struct ; Top              ;
; PROJECT_OUTPUT_DIRECTORY            ; output_files                                                                 ; --                    ; --                                ; --               ;
; SLD_FILE                            ; db/stp8_auto_stripped.stp                                                    ; --                    ; --                                ; --               ;
; SLD_NODE_CREATOR_ID                 ; 110                                                                          ; --                    ; --                                ; auto_signaltap_0 ;
; SLD_NODE_ENTITY_NAME                ; sld_signaltap                                                                ; --                    ; --                                ; auto_signaltap_0 ;
; SLD_NODE_PARAMETER_ASSIGNMENT       ; SLD_RAM_BLOCK_TYPE=AUTO                                                      ; --                    ; --                                ; auto_signaltap_0 ;
; SLD_NODE_PARAMETER_ASSIGNMENT       ; SLD_DATA_BITS=11                                                             ; --                    ; --                                ; auto_signaltap_0 ;
; SLD_NODE_PARAMETER_ASSIGNMENT       ; SLD_TRIGGER_BITS=11                                                          ; --                    ; --                                ; auto_signaltap_0 ;
; SLD_NODE_PARAMETER_ASSIGNMENT       ; SLD_STORAGE_QUALIFIER_BITS=11                                                ; --                    ; --                                ; auto_signaltap_0 ;
; SLD_NODE_PARAMETER_ASSIGNMENT       ; SLD_NODE_INFO=805334528                                                      ; --                    ; --                                ; auto_signaltap_0 ;
; SLD_NODE_PARAMETER_ASSIGNMENT       ; SLD_POWER_UP_TRIGGER=0                                                       ; --                    ; --                                ; auto_signaltap_0 ;
; SLD_NODE_PARAMETER_ASSIGNMENT       ; SLD_INVERSION_MASK=000000000000000000000000000000000000000000000000000000000 ; --                    ; --                                ; auto_signaltap_0 ;
; SLD_NODE_PARAMETER_ASSIGNMENT       ; SLD_INVERSION_MASK_LENGTH=57                                                 ; --                    ; --                                ; auto_signaltap_0 ;
; SLD_NODE_PARAMETER_ASSIGNMENT       ; SLD_STORAGE_QUALIFIER_INVERSION_MASK_LENGTH=0                                ; --                    ; --                                ; auto_signaltap_0 ;
; SLD_NODE_PARAMETER_ASSIGNMENT       ; SLD_SEGMENT_SIZE=1024                                                        ; --                    ; --                                ; auto_signaltap_0 ;
; SLD_NODE_PARAMETER_ASSIGNMENT       ; SLD_ATTRIBUTE_MEM_MODE=OFF                                                   ; --                    ; --                                ; auto_signaltap_0 ;
; SLD_NODE_PARAMETER_ASSIGNMENT       ; SLD_STATE_FLOW_USE_GENERATED=0                                               ; --                    ; --                                ; auto_signaltap_0 ;
; SLD_NODE_PARAMETER_ASSIGNMENT       ; SLD_STATE_BITS=11                                                            ; --                    ; --                                ; auto_signaltap_0 ;
; SLD_NODE_PARAMETER_ASSIGNMENT       ; SLD_BUFFER_FULL_STOP=1                                                       ; --                    ; --                                ; auto_signaltap_0 ;
; SLD_NODE_PARAMETER_ASSIGNMENT       ; SLD_CURRENT_RESOURCE_WIDTH=1                                                 ; --                    ; --                                ; auto_signaltap_0 ;
; SLD_NODE_PARAMETER_ASSIGNMENT       ; SLD_INCREMENTAL_ROUTING=1                                                    ; --                    ; --                                ; auto_signaltap_0 ;
; SLD_NODE_PARAMETER_ASSIGNMENT       ; SLD_TRIGGER_LEVEL=1                                                          ; --                    ; --                                ; auto_signaltap_0 ;
; SLD_NODE_PARAMETER_ASSIGNMENT       ; SLD_SAMPLE_DEPTH=1024                                                        ; --                    ; --                                ; auto_signaltap_0 ;
; SLD_NODE_PARAMETER_ASSIGNMENT       ; SLD_TRIGGER_IN_ENABLED=0                                                     ; --                    ; --                                ; auto_signaltap_0 ;
; SLD_NODE_PARAMETER_ASSIGNMENT       ; SLD_ADVANCED_TRIGGER_ENTITY=basic,1,                                         ; --                    ; --                                ; auto_signaltap_0 ;
; SLD_NODE_PARAMETER_ASSIGNMENT       ; SLD_TRIGGER_LEVEL_PIPELINE=1                                                 ; --                    ; --                                ; auto_signaltap_0 ;
; SLD_NODE_PARAMETER_ASSIGNMENT       ; SLD_ENABLE_ADVANCED_TRIGGER=0                                                ; --                    ; --                                ; auto_signaltap_0 ;
; TOP_LEVEL_ENTITY                    ; top_counter_down_schematic_struct                                            ; counter_schematic_top ; --                                ; --               ;
; USE_SIGNALTAP_FILE                  ; ../03_counter_johnson/johnson structural/stp8.stp                            ; --                    ; --                                ; --               ;
+-------------------------------------+------------------------------------------------------------------------------+-----------------------+-----------------------------------+------------------+


+-------------------------------------------------------------------------------------------------------------------------------+
; Flow Elapsed Time                                                                                                             ;
+---------------------------+--------------+-------------------------+---------------------+------------------------------------+
; Module Name               ; Elapsed Time ; Average Processors Used ; Peak Virtual Memory ; Total CPU Time (on all processors) ;
+---------------------------+--------------+-------------------------+---------------------+------------------------------------+
; Analysis & Synthesis      ; 00:00:24     ; 1.0                     ; 778 MB              ; 00:00:46                           ;
; Fitter                    ; 00:00:54     ; 1.6                     ; 2695 MB             ; 00:01:24                           ;
; Assembler                 ; 00:00:12     ; 1.0                     ; 719 MB              ; 00:00:11                           ;
; TimeQuest Timing Analyzer ; 00:00:11     ; 1.3                     ; 1072 MB             ; 00:00:13                           ;
; EDA Netlist Writer        ; 00:00:02     ; 1.0                     ; 645 MB              ; 00:00:02                           ;
; Total                     ; 00:01:43     ; --                      ; --                  ; 00:02:36                           ;
+---------------------------+--------------+-------------------------+---------------------+------------------------------------+


+----------------------------------------------------------------------------------------+
; Flow OS Summary                                                                        ;
+---------------------------+------------------+-----------+------------+----------------+
; Module Name               ; Machine Hostname ; OS Name   ; OS Version ; Processor type ;
+---------------------------+------------------+-----------+------------+----------------+
; Analysis & Synthesis      ; EE-361pc17       ; Windows 7 ; 6.2        ; x86_64         ;
; Fitter                    ; EE-361pc17       ; Windows 7 ; 6.2        ; x86_64         ;
; Assembler                 ; EE-361pc17       ; Windows 7 ; 6.2        ; x86_64         ;
; TimeQuest Timing Analyzer ; EE-361pc17       ; Windows 7 ; 6.2        ; x86_64         ;
; EDA Netlist Writer        ; EE-361pc17       ; Windows 7 ; 6.2        ; x86_64         ;
+---------------------------+------------------+-----------+------------+----------------+


------------
; Flow Log ;
------------
quartus_map --read_settings_files=on --write_settings_files=off counter_schematic_top -c counter_schematic_top
quartus_fit --read_settings_files=off --write_settings_files=off counter_schematic_top -c counter_schematic_top
quartus_asm --read_settings_files=off --write_settings_files=off counter_schematic_top -c counter_schematic_top
quartus_sta counter_schematic_top -c counter_schematic_top
quartus_eda --read_settings_files=off --write_settings_files=off counter_schematic_top -c counter_schematic_top



