Flow report for counter_schematic
Thu Jan 07 21:09:36 2016
Quartus II 64-Bit Version 14.0.0 Build 200 06/17/2014 SJ Web Edition


---------------------
; Table of Contents ;
---------------------
  1. Legal Notice
  2. Flow Summary
  3. Flow Settings
  4. Flow Non-Default Global Settings
  5. Flow Elapsed Time
  6. Flow OS Summary
  7. Flow Log
  8. Flow Messages
  9. Flow Suppressed Messages



----------------
; Legal Notice ;
----------------
Copyright (C) 1991-2014 Altera Corporation. All rights reserved.
Your use of Altera Corporation's design tools, logic functions 
and other software and tools, and its AMPP partner logic 
functions, and any output files from any of the foregoing 
(including device programming or simulation files), and any 
associated documentation or information are expressly subject 
to the terms and conditions of the Altera Program License 
Subscription Agreement, the Altera Quartus II License Agreement,
the Altera MegaCore Function License Agreement, or other 
applicable license agreement, including, without limitation, 
that your use is for the sole purpose of programming logic 
devices manufactured by Altera and sold by Altera or its 
authorized distributors.  Please refer to the applicable 
agreement for further details.



+------------------------------------------------------------------------------+
; Flow Summary                                                                 ;
+---------------------------------+--------------------------------------------+
; Flow Status                     ; Successful - Thu Jan 07 21:09:36 2016      ;
; Quartus II 64-Bit Version       ; 14.0.0 Build 200 06/17/2014 SJ Web Edition ;
; Revision Name                   ; counter_schematic                          ;
; Top-level Entity Name           ; count_down_schematic                       ;
; Family                          ; Cyclone V                                  ;
; Device                          ; 5CGXFC7C7F23C8                             ;
; Timing Models                   ; Final                                      ;
; Logic utilization (in ALMs)     ; N/A                                        ;
; Total registers                 ; 4                                          ;
; Total pins                      ; 6                                          ;
; Total virtual pins              ; 0                                          ;
; Total block memory bits         ; 0                                          ;
; Total DSP Blocks                ; 0                                          ;
; Total HSSI RX PCSs              ; 0                                          ;
; Total HSSI PMA RX Deserializers ; 0                                          ;
; Total HSSI TX PCSs              ; 0                                          ;
; Total HSSI PMA TX Serializers   ; 0                                          ;
; Total PLLs                      ; 0                                          ;
; Total DLLs                      ; 0                                          ;
+---------------------------------+--------------------------------------------+


+-----------------------------------------+
; Flow Settings                           ;
+-------------------+---------------------+
; Option            ; Setting             ;
+-------------------+---------------------+
; Start date & time ; 01/07/2016 20:55:16 ;
; Main task         ; Compilation         ;
; Revision Name     ; counter_schematic   ;
+-------------------+---------------------+


+---------------------------------------------------------------------------------------------------------------------------------+
; Flow Non-Default Global Settings                                                                                                ;
+-------------------------------------+-------------------------------+-------------------+----------------------+----------------+
; Assignment Name                     ; Value                         ; Default Value     ; Entity Name          ; Section Id     ;
+-------------------------------------+-------------------------------+-------------------+----------------------+----------------+
; COMPILER_SIGNATURE_ID               ; 1096842485826.145222891607068 ; --                ; --                   ; --             ;
; EDA_OUTPUT_DATA_FORMAT              ; Vhdl                          ; --                ; --                   ; eda_simulation ;
; EDA_SIMULATION_TOOL                 ; ModelSim-Altera (VHDL)        ; <None>            ; --                   ; --             ;
; MAX_CORE_JUNCTION_TEMP              ; 85                            ; --                ; --                   ; --             ;
; MIN_CORE_JUNCTION_TEMP              ; 0                             ; --                ; --                   ; --             ;
; PARTITION_COLOR                     ; 16764057                      ; --                ; count_down_schematic ; Top            ;
; PARTITION_FITTER_PRESERVATION_LEVEL ; PLACEMENT_AND_ROUTING         ; --                ; count_down_schematic ; Top            ;
; PARTITION_NETLIST_TYPE              ; SOURCE                        ; --                ; count_down_schematic ; Top            ;
; PROJECT_OUTPUT_DIRECTORY            ; output_files                  ; --                ; --                   ; --             ;
; TOP_LEVEL_ENTITY                    ; count_down_schematic          ; counter_schematic ; --                   ; --             ;
+-------------------------------------+-------------------------------+-------------------+----------------------+----------------+


+--------------------------------------------------------------------------------------------------------------------------+
; Flow Elapsed Time                                                                                                        ;
+----------------------+--------------+-------------------------+---------------------+------------------------------------+
; Module Name          ; Elapsed Time ; Average Processors Used ; Peak Virtual Memory ; Total CPU Time (on all processors) ;
+----------------------+--------------+-------------------------+---------------------+------------------------------------+
; Analysis & Synthesis ; 00:00:01     ; 1.0                     ; 580 MB              ; 00:00:01                           ;
; EDA Netlist Writer   ; 00:00:01     ; 1.0                     ; 526 MB              ; 00:00:01                           ;
; EDA Netlist Writer   ; 00:00:01     ; 1.0                     ; 533 MB              ; 00:00:01                           ;
; EDA Netlist Writer   ; 00:00:01     ; 1.0                     ; 533 MB              ; 00:00:01                           ;
; EDA Netlist Writer   ; 00:00:01     ; 1.0                     ; 522 MB              ; 00:00:01                           ;
; EDA Netlist Writer   ; 00:00:01     ; 1.0                     ; 533 MB              ; 00:00:01                           ;
; EDA Netlist Writer   ; 00:00:00     ; 1.0                     ; 522 MB              ; 00:00:01                           ;
; EDA Netlist Writer   ; 00:00:01     ; 1.0                     ; 522 MB              ; 00:00:01                           ;
; EDA Netlist Writer   ; 00:00:01     ; 1.0                     ; 522 MB              ; 00:00:01                           ;
; Total                ; 00:00:08     ; --                      ; --                  ; 00:00:09                           ;
+----------------------+--------------+-------------------------+---------------------+------------------------------------+


+-----------------------------------------------------------------------------------+
; Flow OS Summary                                                                   ;
+----------------------+------------------+-----------+------------+----------------+
; Module Name          ; Machine Hostname ; OS Name   ; OS Version ; Processor type ;
+----------------------+------------------+-----------+------------+----------------+
; Analysis & Synthesis ; SKYWARD          ; Windows 7 ; 6.2        ; x86_64         ;
; EDA Netlist Writer   ; SKYWARD          ; Windows 7 ; 6.2        ; x86_64         ;
; EDA Netlist Writer   ; SKYWARD          ; Windows 7 ; 6.2        ; x86_64         ;
; EDA Netlist Writer   ; SKYWARD          ; Windows 7 ; 6.2        ; x86_64         ;
; EDA Netlist Writer   ; SKYWARD          ; Windows 7 ; 6.2        ; x86_64         ;
; EDA Netlist Writer   ; SKYWARD          ; Windows 7 ; 6.2        ; x86_64         ;
; EDA Netlist Writer   ; SKYWARD          ; Windows 7 ; 6.2        ; x86_64         ;
; EDA Netlist Writer   ; Skylake          ; Windows 7 ; 6.2        ; x86_64         ;
; EDA Netlist Writer   ; Skylake          ; Windows 7 ; 6.2        ; x86_64         ;
+----------------------+------------------+-----------+------------+----------------+


------------
; Flow Log ;
------------
quartus_map --read_settings_files=on --write_settings_files=off counter_schematic -c counter_schematic
quartus_eda --gen_testbench --check_outputs=on --tool=modelsim_oem --format=verilog counter_schematic -c counter_schematic --vector_source="W:/My Documents/GitHub/EE_371/Project_1/04_counter_schematic/count_down_schematic.vwf" --testbench_file="W:/My Documents/GitHub/EE_371/Project_1/04_counter_schematic/simulation/qsim/count_down_schematic.vwf.vt"
quartus_eda --functional=on --flatten_buses=off --simulation=on --tool=modelsim_oem --format=verilog --output_directory="W:/My Documents/GitHub/EE_371/Project_1/04_counter_schematic/simulation/qsim/" counter_schematic -c counter_schematic
quartus_eda --gen_testbench --check_outputs=on --tool=modelsim_oem --format=verilog counter_schematic -c counter_schematic --vector_source="W:/My Documents/GitHub/EE_371/Project_1/04_counter_schematic/count_down_schematic.vwf" --testbench_file="W:/My Documents/GitHub/EE_371/Project_1/04_counter_schematic/simulation/qsim/count_down_schematic.vwf.vt"
quartus_eda --functional=on --flatten_buses=off --simulation=on --tool=modelsim_oem --format=verilog --output_directory="W:/My Documents/GitHub/EE_371/Project_1/04_counter_schematic/simulation/qsim/" counter_schematic -c counter_schematic
quartus_eda --gen_testbench --check_outputs=on --tool=modelsim_oem --format=verilog counter_schematic -c counter_schematic --vector_source="W:/My Documents/GitHub/EE_371/Project_1/04_counter_schematic/count_down_schematic.vwf" --testbench_file="W:/My Documents/GitHub/EE_371/Project_1/04_counter_schematic/simulation/qsim/count_down_schematic.vwf.vt"
quartus_eda --functional=on --flatten_buses=off --simulation=on --tool=modelsim_oem --format=verilog --output_directory="W:/My Documents/GitHub/EE_371/Project_1/04_counter_schematic/simulation/qsim/" counter_schematic -c counter_schematic
quartus_eda --gen_testbench --check_outputs=on --tool=modelsim_oem --format=verilog counter_schematic -c counter_schematic --vector_source=C:/Users/Minh/Documents/GitHub/EE_371/Project_1/04_counter_schematic/count_down_schematic.vwf --testbench_file=C:/Users/Minh/Documents/GitHub/EE_371/Project_1/04_counter_schematic/simulation/qsim/count_down_schematic.vwf.vt
quartus_eda --functional=on --flatten_buses=off --simulation=on --tool=modelsim_oem --format=verilog --output_directory=C:/Users/Minh/Documents/GitHub/EE_371/Project_1/04_counter_schematic/simulation/qsim/ counter_schematic -c counter_schematic



