Flow report for top_counter_johnson_structural
Sat Jan 09 18:14:38 2016
Quartus II 64-Bit Version 15.0.0 Build 145 04/22/2015 SJ Full Version


---------------------
; Table of Contents ;
---------------------
  1. Legal Notice
  2. Flow Summary
  3. Flow Settings
  4. Flow Non-Default Global Settings
  5. Flow Elapsed Time
  6. Flow OS Summary
  7. Flow Log
  8. Flow Messages
  9. Flow Suppressed Messages



----------------
; Legal Notice ;
----------------
Copyright (C) 1991-2015 Altera Corporation. All rights reserved.
Your use of Altera Corporation's design tools, logic functions 
and other software and tools, and its AMPP partner logic 
functions, and any output files from any of the foregoing 
(including device programming or simulation files), and any 
associated documentation or information are expressly subject 
to the terms and conditions of the Altera Program License 
Subscription Agreement, the Altera Quartus II License Agreement,
the Altera MegaCore Function License Agreement, or other 
applicable license agreement, including, without limitation, 
that your use is for the sole purpose of programming logic 
devices manufactured by Altera and sold by Altera or its 
authorized distributors.  Please refer to the applicable 
agreement for further details.



+-------------------------------------------------------------------------------+
; Flow Summary                                                                  ;
+---------------------------------+---------------------------------------------+
; Flow Status                     ; Successful - Sat Jan 09 18:14:38 2016       ;
; Quartus II 64-Bit Version       ; 15.0.0 Build 145 04/22/2015 SJ Full Version ;
; Revision Name                   ; top_counter_johnson_structural              ;
; Top-level Entity Name           ; top_counter_johnson_struct                  ;
; Family                          ; Cyclone V                                   ;
; Device                          ; 5CSEMA5F31C6                                ;
; Timing Models                   ; Final                                       ;
; Logic utilization (in ALMs)     ; 15 / 32,070 ( < 1 % )                       ;
; Total registers                 ; 33                                          ;
; Total pins                      ; 21 / 457 ( 5 % )                            ;
; Total virtual pins              ; 0                                           ;
; Total block memory bits         ; 0 / 4,065,280 ( 0 % )                       ;
; Total DSP Blocks                ; 0 / 87 ( 0 % )                              ;
; Total HSSI RX PCSs              ; 0                                           ;
; Total HSSI PMA RX Deserializers ; 0                                           ;
; Total HSSI TX PCSs              ; 0                                           ;
; Total HSSI PMA TX Serializers   ; 0                                           ;
; Total PLLs                      ; 0 / 6 ( 0 % )                               ;
; Total DLLs                      ; 0 / 4 ( 0 % )                               ;
+---------------------------------+---------------------------------------------+


+----------------------------------------------------+
; Flow Settings                                      ;
+-------------------+--------------------------------+
; Option            ; Setting                        ;
+-------------------+--------------------------------+
; Start date & time ; 01/09/2016 18:13:25            ;
; Main task         ; Compilation                    ;
; Revision Name     ; top_counter_johnson_structural ;
+-------------------+--------------------------------+


+------------------------------------------------------------------------------------------------------------------------------------------------------+
; Flow Non-Default Global Settings                                                                                                                     ;
+-------------------------------------+---------------------------------+--------------------------------+----------------------------+----------------+
; Assignment Name                     ; Value                           ; Default Value                  ; Entity Name                ; Section Id     ;
+-------------------------------------+---------------------------------+--------------------------------+----------------------------+----------------+
; COMPILER_SIGNATURE_ID               ; 180546892623004.145239200501472 ; --                             ; --                         ; --             ;
; EDA_OUTPUT_DATA_FORMAT              ; Verilog Hdl                     ; --                             ; --                         ; eda_simulation ;
; EDA_SIMULATION_TOOL                 ; ModelSim-Altera (Verilog)       ; <None>                         ; --                         ; --             ;
; MAX_CORE_JUNCTION_TEMP              ; 85                              ; --                             ; --                         ; --             ;
; MIN_CORE_JUNCTION_TEMP              ; 0                               ; --                             ; --                         ; --             ;
; PARTITION_COLOR                     ; 16764057                        ; --                             ; top_counter_johnson_struct ; Top            ;
; PARTITION_FITTER_PRESERVATION_LEVEL ; PLACEMENT_AND_ROUTING           ; --                             ; top_counter_johnson_struct ; Top            ;
; PARTITION_NETLIST_TYPE              ; SOURCE                          ; --                             ; top_counter_johnson_struct ; Top            ;
; PROJECT_OUTPUT_DIRECTORY            ; output_files                    ; --                             ; --                         ; --             ;
; TOP_LEVEL_ENTITY                    ; top_counter_johnson_struct      ; top_counter_johnson_structural ; --                         ; --             ;
+-------------------------------------+---------------------------------+--------------------------------+----------------------------+----------------+


+-------------------------------------------------------------------------------------------------------------------------------+
; Flow Elapsed Time                                                                                                             ;
+---------------------------+--------------+-------------------------+---------------------+------------------------------------+
; Module Name               ; Elapsed Time ; Average Processors Used ; Peak Virtual Memory ; Total CPU Time (on all processors) ;
+---------------------------+--------------+-------------------------+---------------------+------------------------------------+
; Analysis & Synthesis      ; 00:00:10     ; 1.0                     ; 777 MB              ; 00:00:22                           ;
; Fitter                    ; 00:00:35     ; 1.4                     ; 2412 MB             ; 00:00:51                           ;
; Assembler                 ; 00:00:12     ; 1.0                     ; 764 MB              ; 00:00:11                           ;
; TimeQuest Timing Analyzer ; 00:00:07     ; 1.0                     ; 1066 MB             ; 00:00:06                           ;
; EDA Netlist Writer        ; 00:00:01     ; 1.0                     ; 672 MB              ; 00:00:01                           ;
; Total                     ; 00:01:05     ; --                      ; --                  ; 00:01:31                           ;
+---------------------------+--------------+-------------------------+---------------------+------------------------------------+


+----------------------------------------------------------------------------------------+
; Flow OS Summary                                                                        ;
+---------------------------+------------------+-----------+------------+----------------+
; Module Name               ; Machine Hostname ; OS Name   ; OS Version ; Processor type ;
+---------------------------+------------------+-----------+------------+----------------+
; Analysis & Synthesis      ; ee-361pc05       ; Windows 7 ; 6.2        ; x86_64         ;
; Fitter                    ; ee-361pc05       ; Windows 7 ; 6.2        ; x86_64         ;
; Assembler                 ; ee-361pc05       ; Windows 7 ; 6.2        ; x86_64         ;
; TimeQuest Timing Analyzer ; ee-361pc05       ; Windows 7 ; 6.2        ; x86_64         ;
; EDA Netlist Writer        ; ee-361pc05       ; Windows 7 ; 6.2        ; x86_64         ;
+---------------------------+------------------+-----------+------------+----------------+


------------
; Flow Log ;
------------
quartus_map --read_settings_files=on --write_settings_files=off top_counter_johnson_structural -c top_counter_johnson_structural
quartus_fit --read_settings_files=off --write_settings_files=off top_counter_johnson_structural -c top_counter_johnson_structural
quartus_asm --read_settings_files=off --write_settings_files=off top_counter_johnson_structural -c top_counter_johnson_structural
quartus_sta top_counter_johnson_structural -c top_counter_johnson_structural
quartus_eda --read_settings_files=off --write_settings_files=off top_counter_johnson_structural -c top_counter_johnson_structural



