Assembler report for top_count_down_proj
Sat Jan 09 17:23:12 2016
Quartus II 64-Bit Version 14.1.0 Build 186 12/03/2014 SJ Full Version


---------------------
; Table of Contents ;
---------------------
  1. Legal Notice
  2. Assembler Summary
  3. Assembler Settings
  4. Assembler Generated Files
  5. Assembler Device Options: C:/Users/dennyly/Documents/GitHub/EE_371/Project_1/02_counter_dataflow/___count_down_structural_proj/output_files/top_count_down_proj.sof
  6. Assembler Messages



----------------
; Legal Notice ;
----------------
Copyright (C) 1991-2014 Altera Corporation. All rights reserved.
Your use of Altera Corporation's design tools, logic functions 
and other software and tools, and its AMPP partner logic 
functions, and any output files from any of the foregoing 
(including device programming or simulation files), and any 
associated documentation or information are expressly subject 
to the terms and conditions of the Altera Program License 
Subscription Agreement, the Altera Quartus II License Agreement,
the Altera MegaCore Function License Agreement, or other 
applicable license agreement, including, without limitation, 
that your use is for the sole purpose of programming logic 
devices manufactured by Altera and sold by Altera or its 
authorized distributors.  Please refer to the applicable 
agreement for further details.



+---------------------------------------------------------------+
; Assembler Summary                                             ;
+-----------------------+---------------------------------------+
; Assembler Status      ; Successful - Sat Jan 09 17:23:12 2016 ;
; Revision Name         ; top_count_down_proj                   ;
; Top-level Entity Name ; top_count_down_struct                 ;
; Family                ; Cyclone V                             ;
; Device                ; 5CSEMA5F31C6                          ;
+-----------------------+---------------------------------------+


+----------------------------------+
; Assembler Settings               ;
+--------+---------+---------------+
; Option ; Setting ; Default Value ;
+--------+---------+---------------+


+-------------------------------------------------------------------------------------------------------------------------------------------+
; Assembler Generated Files                                                                                                                 ;
+-------------------------------------------------------------------------------------------------------------------------------------------+
; File Name                                                                                                                                 ;
+-------------------------------------------------------------------------------------------------------------------------------------------+
; C:/Users/dennyly/Documents/GitHub/EE_371/Project_1/02_counter_dataflow/___count_down_structural_proj/output_files/top_count_down_proj.sof ;
+-------------------------------------------------------------------------------------------------------------------------------------------+


+---------------------------------------------------------------------------------------------------------------------------------------------------------------------+
; Assembler Device Options: C:/Users/dennyly/Documents/GitHub/EE_371/Project_1/02_counter_dataflow/___count_down_structural_proj/output_files/top_count_down_proj.sof ;
+----------------+----------------------------------------------------------------------------------------------------------------------------------------------------+
; Option         ; Setting                                                                                                                                            ;
+----------------+----------------------------------------------------------------------------------------------------------------------------------------------------+
; Device         ; 5CSEMA5F31C6                                                                                                                                       ;
; JTAG usercode  ; 0x00AFA6B3                                                                                                                                         ;
; Checksum       ; 0x00AFA6B3                                                                                                                                         ;
+----------------+----------------------------------------------------------------------------------------------------------------------------------------------------+


+--------------------+
; Assembler Messages ;
+--------------------+
Info: *******************************************************************
Info: Running Quartus II 64-Bit Assembler
    Info: Version 14.1.0 Build 186 12/03/2014 SJ Full Version
    Info: Processing started: Sat Jan 09 17:23:01 2016
Info: Command: quartus_asm --read_settings_files=off --write_settings_files=off top_count_down_proj -c top_count_down_proj
Info (115030): Assembler is generating device programming files
Info: Quartus II 64-Bit Assembler was successful. 0 errors, 0 warnings
    Info: Peak virtual memory: 707 megabytes
    Info: Processing ended: Sat Jan 09 17:23:12 2016
    Info: Elapsed time: 00:00:11
    Info: Total CPU time (on all processors): 00:00:10


